Building DAG of jobs...
Using shell: /usr/bin/bash
Provided cores: 1 (use --cores to define parallelism)
Rules claiming more threads will be scaled down.
Job counts:
	count	jobs
	1	convertBamToBed
	1

[Thu Jul  6 11:38:50 2023]
rule convertBamToBed:
    input: Bam/yw-3LW-wing-ak27ac-pel-Rep2_dm6_trim_q5_dupsRemoved_nameSorted.bam
    output: Bed/yw-3LW-wing-ak27ac-pel-Rep2_dm6_trim_q5_dupsRemoved.bed
    jobid: 0
    wildcards: sample=yw-3LW-wing-ak27ac-pel-Rep2, species=dm6

Activating environment modules: bedtools/2.26
*****WARNING: Query A00434:74:HGW5JDRXX:1:2101:1615:15186 is marked as paired, but its mate does not occur next to it in your BAM file.  Skipping. 
*****WARNING: Query A00434:74:HGW5JDRXX:1:2101:6614:26882 is marked as paired, but its mate does not occur next to it in your BAM file.  Skipping. 
*****WARNING: Query A00434:74:HGW5JDRXX:1:2101:7319:7529 is marked as paired, but its mate does not occur next to it in your BAM file.  Skipping. 
*****WARNING: Query A00434:74:HGW5JDRXX:1:2102:18078:3239 is marked as paired, but its mate does not occur next to it in your BAM file.  Skipping. 
*****WARNING: Query A00434:74:HGW5JDRXX:1:2103:1461:32925 is marked as paired, but its mate does not occur next to it in your BAM file.  Skipping. 
*****WARNING: Query A00434:74:HGW5JDRXX:1:2103:10158:36683 is marked as paired, but its mate does not occur next to it in your BAM file.  Skipping. 
*****WARNING: Query A00434:74:HGW5JDRXX:1:2106:8178:27054 is marked as paired, but its mate does not occur next to it in your BAM file.  Skipping. 
*****WARNING: Query A00434:74:HGW5JDRXX:1:2106:30101:12633 is marked as paired, but its mate does not occur next to it in your BAM file.  Skipping. 
*****WARNING: Query A00434:74:HGW5JDRXX:1:2107:6985:27054 is marked as paired, but its mate does not occur next to it in your BAM file.  Skipping. 
*****WARNING: Query A00434:74:HGW5JDRXX:1:2107:13612:32550 is marked as paired, but its mate does not occur next to it in your BAM file.  Skipping. 
*****WARNING: Query A00434:74:HGW5JDRXX:1:2108:5059:31234 is marked as paired, but its mate does not occur next to it in your BAM file.  Skipping. 
*****WARNING: Query A00434:74:HGW5JDRXX:1:2108:27507:9486 is marked as paired, but its mate does not occur next to it in your BAM file.  Skipping. 
*****WARNING: Query A00434:74:HGW5JDRXX:1:2108:29830:31516 is marked as paired, but its mate does not occur next to it in your BAM file.  Skipping. 
*****WARNING: Query A00434:74:HGW5JDRXX:1:2109:11107:34976 is marked as paired, but its mate does not occur next to it in your BAM file.  Skipping. 
*****WARNING: Query A00434:74:HGW5JDRXX:1:2109:26784:9048 is marked as paired, but its mate does not occur next to it in your BAM file.  Skipping. 
*****WARNING: Query A00434:74:HGW5JDRXX:1:2110:10068:1830 is marked as paired, but its mate does not occur next to it in your BAM file.  Skipping. 
*****WARNING: Query A00434:74:HGW5JDRXX:1:2110:11189:9251 is marked as paired, but its mate does not occur next to it in your BAM file.  Skipping. 
*****WARNING: Query A00434:74:HGW5JDRXX:1:2111:10963:15092 is marked as paired, but its mate does not occur next to it in your BAM file.  Skipping. 
*****WARNING: Query A00434:74:HGW5JDRXX:1:2112:16703:21559 is marked as paired, but its mate does not occur next to it in your BAM file.  Skipping. 
*****WARNING: Query A00434:74:HGW5JDRXX:1:2114:29170:32565 is marked as paired, but its mate does not occur next to it in your BAM file.  Skipping. 
*****WARNING: Query A00434:74:HGW5JDRXX:1:2116:26829:1329 is marked as paired, but its mate does not occur next to it in your BAM file.  Skipping. 
*****WARNING: Query A00434:74:HGW5JDRXX:1:2117:24162:5572 is marked as paired, but its mate does not occur next to it in your BAM file.  Skipping. 
*****WARNING: Query A00434:74:HGW5JDRXX:1:2117:31756:23735 is marked as paired, but its mate does not occur next to it in your BAM file.  Skipping. 
*****WARNING: Query A00434:74:HGW5JDRXX:1:2118:8260:18803 is marked as paired, but its mate does not occur next to it in your BAM file.  Skipping. 
*****WARNING: Query A00434:74:HGW5JDRXX:1:2119:7554:6590 is marked as paired, but its mate does not occur next to it in your BAM file.  Skipping. 
*****WARNING: Query A00434:74:HGW5JDRXX:1:2120:16694:10520 is marked as paired, but its mate does not occur next to it in your BAM file.  Skipping. 
*****WARNING: Query A00434:74:HGW5JDRXX:1:2120:24216:8516 is marked as paired, but its mate does not occur next to it in your BAM file.  Skipping. 
*****WARNING: Query A00434:74:HGW5JDRXX:1:2121:2654:25379 is marked as paired, but its mate does not occur next to it in your BAM file.  Skipping. 
*****WARNING: Query A00434:74:HGW5JDRXX:1:2121:8901:18537 is marked as paired, but its mate does not occur next to it in your BAM file.  Skipping. 
*****WARNING: Query A00434:74:HGW5JDRXX:1:2121:10728:25144 is marked as paired, but its mate does not occur next to it in your BAM file.  Skipping. 
*****WARNING: Query A00434:74:HGW5JDRXX:1:2122:8169:25222 is marked as paired, but its mate does not occur next to it in your BAM file.  Skipping. 
*****WARNING: Query A00434:74:HGW5JDRXX:1:2122:14344:28369 is marked as paired, but its mate does not occur next to it in your BAM file.  Skipping. 
*****WARNING: Query A00434:74:HGW5JDRXX:1:2123:5113:19366 is marked as paired, but its mate does not occur next to it in your BAM file.  Skipping. 
*****WARNING: Query A00434:74:HGW5JDRXX:1:2123:10493:13025 is marked as paired, but its mate does not occur next to it in your BAM file.  Skipping. 
*****WARNING: Query A00434:74:HGW5JDRXX:1:2124:3441:29841 is marked as paired, but its mate does not occur next to it in your BAM file.  Skipping. 
*****WARNING: Query A00434:74:HGW5JDRXX:1:2124:31602:10535 is marked as paired, but its mate does not occur next to it in your BAM file.  Skipping. 
*****WARNING: Query A00434:74:HGW5JDRXX:1:2125:8974:10300 is marked as paired, but its mate does not occur next to it in your BAM file.  Skipping. 
*****WARNING: Query A00434:74:HGW5JDRXX:1:2125:10773:26412 is marked as paired, but its mate does not occur next to it in your BAM file.  Skipping. 
*****WARNING: Query A00434:74:HGW5JDRXX:1:2125:32090:32800 is marked as paired, but its mate does not occur next to it in your BAM file.  Skipping. 
*****WARNING: Query A00434:74:HGW5JDRXX:1:2126:5104:8923 is marked as paired, but its mate does not occur next to it in your BAM file.  Skipping. 
*****WARNING: Query A00434:74:HGW5JDRXX:1:2126:12626:29684 is marked as paired, but its mate does not occur next to it in your BAM file.  Skipping. 
*****WARNING: Query A00434:74:HGW5JDRXX:1:2127:1750:30013 is marked as paired, but its mate does not occur next to it in your BAM file.  Skipping. 
*****WARNING: Query A00434:74:HGW5JDRXX:1:2127:2618:28667 is marked as paired, but its mate does not occur next to it in your BAM file.  Skipping. 
*****WARNING: Query A00434:74:HGW5JDRXX:1:2127:9227:30060 is marked as paired, but its mate does not occur next to it in your BAM file.  Skipping. 
*****WARNING: Query A00434:74:HGW5JDRXX:1:2127:18213:35978 is marked as paired, but its mate does not occur next to it in your BAM file.  Skipping. 
*****WARNING: Query A00434:74:HGW5JDRXX:1:2128:4435:27806 is marked as paired, but its mate does not occur next to it in your BAM file.  Skipping. 
*****WARNING: Query A00434:74:HGW5JDRXX:1:2128:11650:33536 is marked as paired, but its mate does not occur next to it in your BAM file.  Skipping. 
*****WARNING: Query A00434:74:HGW5JDRXX:1:2128:19714:22420 is marked as paired, but its mate does not occur next to it in your BAM file.  Skipping. 
*****WARNING: Query A00434:74:HGW5JDRXX:1:2129:1940:22983 is marked as paired, but its mate does not occur next to it in your BAM file.  Skipping. 
*****WARNING: Query A00434:74:HGW5JDRXX:1:2129:16649:13041 is marked as paired, but its mate does not occur next to it in your BAM file.  Skipping. 
*****WARNING: Query A00434:74:HGW5JDRXX:1:2129:21242:7059 is marked as paired, but its mate does not occur next to it in your BAM file.  Skipping. 
*****WARNING: Query A00434:74:HGW5JDRXX:1:2129:26666:27414 is marked as paired, but its mate does not occur next to it in your BAM file.  Skipping. 
*****WARNING: Query A00434:74:HGW5JDRXX:1:2130:13440:11209 is marked as paired, but its mate does not occur next to it in your BAM file.  Skipping. 
*****WARNING: Query A00434:74:HGW5JDRXX:1:2130:24379:1251 is marked as paired, but its mate does not occur next to it in your BAM file.  Skipping. 
*****WARNING: Query A00434:74:HGW5JDRXX:1:2131:11216:15718 is marked as paired, but its mate does not occur next to it in your BAM file.  Skipping. 
*****WARNING: Query A00434:74:HGW5JDRXX:1:2132:14714:18020 is marked as paired, but its mate does not occur next to it in your BAM file.  Skipping. 
*****WARNING: Query A00434:74:HGW5JDRXX:1:2132:25509:32142 is marked as paired, but its mate does not occur next to it in your BAM file.  Skipping. 
*****WARNING: Query A00434:74:HGW5JDRXX:1:2134:16830:26913 is marked as paired, but its mate does not occur next to it in your BAM file.  Skipping. 
*****WARNING: Query A00434:74:HGW5JDRXX:1:2134:24605:36495 is marked as paired, but its mate does not occur next to it in your BAM file.  Skipping. 
*****WARNING: Query A00434:74:HGW5JDRXX:1:2135:30445:7874 is marked as paired, but its mate does not occur next to it in your BAM file.  Skipping. 
*****WARNING: Query A00434:74:HGW5JDRXX:1:2137:3061:2347 is marked as paired, but its mate does not occur next to it in your BAM file.  Skipping. 
*****WARNING: Query A00434:74:HGW5JDRXX:1:2139:5095:24909 is marked as paired, but its mate does not occur next to it in your BAM file.  Skipping. 
*****WARNING: Query A00434:74:HGW5JDRXX:1:2139:29324:30953 is marked as paired, but its mate does not occur next to it in your BAM file.  Skipping. 
*****WARNING: Query A00434:74:HGW5JDRXX:1:2140:5050:20572 is marked as paired, but its mate does not occur next to it in your BAM file.  Skipping. 
*****WARNING: Query A00434:74:HGW5JDRXX:1:2140:8160:14873 is marked as paired, but its mate does not occur next to it in your BAM file.  Skipping. 
*****WARNING: Query A00434:74:HGW5JDRXX:1:2142:3224:35196 is marked as paired, but its mate does not occur next to it in your BAM file.  Skipping. 
*****WARNING: Query A00434:74:HGW5JDRXX:1:2142:12599:15358 is marked as paired, but its mate does not occur next to it in your BAM file.  Skipping. 
*****WARNING: Query A00434:74:HGW5JDRXX:1:2142:18358:10802 is marked as paired, but its mate does not occur next to it in your BAM file.  Skipping. 
*****WARNING: Query A00434:74:HGW5JDRXX:1:2143:4137:17018 is marked as paired, but its mate does not occur next to it in your BAM file.  Skipping. 
*****WARNING: Query A00434:74:HGW5JDRXX:1:2143:19325:2018 is marked as paired, but its mate does not occur next to it in your BAM file.  Skipping. 
*****WARNING: Query A00434:74:HGW5JDRXX:1:2143:30608:20932 is marked as paired, but its mate does not occur next to it in your BAM file.  Skipping. 
*****WARNING: Query A00434:74:HGW5JDRXX:1:2145:26069:3364 is marked as paired, but its mate does not occur next to it in your BAM file.  Skipping. 
*****WARNING: Query A00434:74:HGW5JDRXX:1:2146:8811:28588 is marked as paired, but its mate does not occur next to it in your BAM file.  Skipping. 
*****WARNING: Query A00434:74:HGW5JDRXX:1:2146:24180:13745 is marked as paired, but its mate does not occur next to it in your BAM file.  Skipping. 
*****WARNING: Query A00434:74:HGW5JDRXX:1:2146:32470:23907 is marked as paired, but its mate does not occur next to it in your BAM file.  Skipping. 
*****WARNING: Query A00434:74:HGW5JDRXX:1:2147:4372:24940 is marked as paired, but its mate does not occur next to it in your BAM file.  Skipping. 
*****WARNING: Query A00434:74:HGW5JDRXX:1:2148:3640:33285 is marked as paired, but its mate does not occur next to it in your BAM file.  Skipping. 
*****WARNING: Query A00434:74:HGW5JDRXX:1:2148:9679:28369 is marked as paired, but its mate does not occur next to it in your BAM file.  Skipping. 
*****WARNING: Query A00434:74:HGW5JDRXX:1:2148:11071:29371 is marked as paired, but its mate does not occur next to it in your BAM file.  Skipping. 
*****WARNING: Query A00434:74:HGW5JDRXX:1:2149:8232:1282 is marked as paired, but its mate does not occur next to it in your BAM file.  Skipping. 
*****WARNING: Query A00434:74:HGW5JDRXX:1:2150:2944:29669 is marked as paired, but its mate does not occur next to it in your BAM file.  Skipping. 
*****WARNING: Query A00434:74:HGW5JDRXX:1:2150:27832:32221 is marked as paired, but its mate does not occur next to it in your BAM file.  Skipping. 
*****WARNING: Query A00434:74:HGW5JDRXX:1:2150:30716:13698 is marked as paired, but its mate does not occur next to it in your BAM file.  Skipping. 
*****WARNING: Query A00434:74:HGW5JDRXX:1:2151:6361:6778 is marked as paired, but its mate does not occur next to it in your BAM file.  Skipping. 
*****WARNING: Query A00434:74:HGW5JDRXX:1:2151:9995:17080 is marked as paired, but its mate does not occur next to it in your BAM file.  Skipping. 
*****WARNING: Query A00434:74:HGW5JDRXX:1:2153:4707:32127 is marked as paired, but its mate does not occur next to it in your BAM file.  Skipping. 
*****WARNING: Query A00434:74:HGW5JDRXX:1:2153:8856:30170 is marked as paired, but its mate does not occur next to it in your BAM file.  Skipping. 
*****WARNING: Query A00434:74:HGW5JDRXX:1:2154:4661:12633 is marked as paired, but its mate does not occur next to it in your BAM file.  Skipping. 
*****WARNING: Query A00434:74:HGW5JDRXX:1:2154:18674:15013 is marked as paired, but its mate does not occur next to it in your BAM file.  Skipping. 
*****WARNING: Query A00434:74:HGW5JDRXX:1:2154:20763:2660 is marked as paired, but its mate does not occur next to it in your BAM file.  Skipping. 
*****WARNING: Query A00434:74:HGW5JDRXX:1:2155:28800:16454 is marked as paired, but its mate does not occur next to it in your BAM file.  Skipping. 
*****WARNING: Query A00434:74:HGW5JDRXX:1:2156:26512:35258 is marked as paired, but its mate does not occur next to it in your BAM file.  Skipping. 
*****WARNING: Query A00434:74:HGW5JDRXX:1:2156:28311:20275 is marked as paired, but its mate does not occur next to it in your BAM file.  Skipping. 
*****WARNING: Query A00434:74:HGW5JDRXX:1:2157:16116:1344 is marked as paired, but its mate does not occur next to it in your BAM file.  Skipping. 
*****WARNING: Query A00434:74:HGW5JDRXX:1:2158:25084:9893 is marked as paired, but its mate does not occur next to it in your BAM file.  Skipping. 
*****WARNING: Query A00434:74:HGW5JDRXX:1:2159:24316:32800 is marked as paired, but its mate does not occur next to it in your BAM file.  Skipping. 
*****WARNING: Query A00434:74:HGW5JDRXX:1:2160:26811:15013 is marked as paired, but its mate does not occur next to it in your BAM file.  Skipping. 
*****WARNING: Query A00434:74:HGW5JDRXX:1:2160:28140:30436 is marked as paired, but its mate does not occur next to it in your BAM file.  Skipping. 
*****WARNING: Query A00434:74:HGW5JDRXX:1:2161:16586:21699 is marked as paired, but its mate does not occur next to it in your BAM file.  Skipping. 
*****WARNING: Query A00434:74:HGW5JDRXX:1:2161:16830:27633 is marked as paired, but its mate does not occur next to it in your BAM file.  Skipping. 
*****WARNING: Query A00434:74:HGW5JDRXX:1:2162:1615:25144 is marked as paired, but its mate does not occur next to it in your BAM file.  Skipping. 
*****WARNING: Query A00434:74:HGW5JDRXX:1:2162:2528:5024 is marked as paired, but its mate does not occur next to it in your BAM file.  Skipping. 
*****WARNING: Query A00434:74:HGW5JDRXX:1:2162:13639:20948 is marked as paired, but its mate does not occur next to it in your BAM file.  Skipping. 
*****WARNING: Query A00434:74:HGW5JDRXX:1:2163:12066:8860 is marked as paired, but its mate does not occur next to it in your BAM file.  Skipping. 
*****WARNING: Query A00434:74:HGW5JDRXX:1:2163:17400:27993 is marked as paired, but its mate does not occur next to it in your BAM file.  Skipping. 
*****WARNING: Query A00434:74:HGW5JDRXX:1:2163:29785:14434 is marked as paired, but its mate does not occur next to it in your BAM file.  Skipping. 
*****WARNING: Query A00434:74:HGW5JDRXX:1:2164:6759:16642 is marked as paired, but its mate does not occur next to it in your BAM file.  Skipping. 
*****WARNING: Query A00434:74:HGW5JDRXX:1:2164:26187:4820 is marked as paired, but its mate does not occur next to it in your BAM file.  Skipping. 
*****WARNING: Query A00434:74:HGW5JDRXX:1:2165:1823:30796 is marked as paired, but its mate does not occur next to it in your BAM file.  Skipping. 
*****WARNING: Query A00434:74:HGW5JDRXX:1:2165:5918:17910 is marked as paired, but its mate does not occur next to it in your BAM file.  Skipping. 
*****WARNING: Query A00434:74:HGW5JDRXX:1:2165:12834:8061 is marked as paired, but its mate does not occur next to it in your BAM file.  Skipping. 
*****WARNING: Query A00434:74:HGW5JDRXX:1:2166:4779:33160 is marked as paired, but its mate does not occur next to it in your BAM file.  Skipping. 
*****WARNING: Query A00434:74:HGW5JDRXX:1:2166:12427:13620 is marked as paired, but its mate does not occur next to it in your BAM file.  Skipping. 
*****WARNING: Query A00434:74:HGW5JDRXX:1:2166:21730:25880 is marked as paired, but its mate does not occur next to it in your BAM file.  Skipping. 
*****WARNING: Query A00434:74:HGW5JDRXX:1:2169:21802:9001 is marked as paired, but its mate does not occur next to it in your BAM file.  Skipping. 
*****WARNING: Query A00434:74:HGW5JDRXX:1:2169:23619:30373 is marked as paired, but its mate does not occur next to it in your BAM file.  Skipping. 
*****WARNING: Query A00434:74:HGW5JDRXX:1:2170:8748:24220 is marked as paired, but its mate does not occur next to it in your BAM file.  Skipping. 
*****WARNING: Query A00434:74:HGW5JDRXX:1:2171:6623:1251 is marked as paired, but its mate does not occur next to it in your BAM file.  Skipping. 
*****WARNING: Query A00434:74:HGW5JDRXX:1:2171:16649:1924 is marked as paired, but its mate does not occur next to it in your BAM file.  Skipping. 
*****WARNING: Query A00434:74:HGW5JDRXX:1:2172:4915:26099 is marked as paired, but its mate does not occur next to it in your BAM file.  Skipping. 
*****WARNING: Query A00434:74:HGW5JDRXX:1:2172:7654:1000 is marked as paired, but its mate does not occur next to it in your BAM file.  Skipping. 
*****WARNING: Query A00434:74:HGW5JDRXX:1:2172:27805:35744 is marked as paired, but its mate does not occur next to it in your BAM file.  Skipping. 
*****WARNING: Query A00434:74:HGW5JDRXX:1:2173:17725:22232 is marked as paired, but its mate does not occur next to it in your BAM file.  Skipping. 
*****WARNING: Query A00434:74:HGW5JDRXX:1:2173:24370:22936 is marked as paired, but its mate does not occur next to it in your BAM file.  Skipping. 
*****WARNING: Query A00434:74:HGW5JDRXX:1:2173:24415:5885 is marked as paired, but its mate does not occur next to it in your BAM file.  Skipping. 
*****WARNING: Query A00434:74:HGW5JDRXX:1:2173:26865:6277 is marked as paired, but its mate does not occur next to it in your BAM file.  Skipping. 
*****WARNING: Query A00434:74:HGW5JDRXX:1:2173:31702:12868 is marked as paired, but its mate does not occur next to it in your BAM file.  Skipping. 
*****WARNING: Query A00434:74:HGW5JDRXX:1:2174:14814:33755 is marked as paired, but its mate does not occur next to it in your BAM file.  Skipping. 
*****WARNING: Query A00434:74:HGW5JDRXX:1:2174:20799:25582 is marked as paired, but its mate does not occur next to it in your BAM file.  Skipping. 
*****WARNING: Query A00434:74:HGW5JDRXX:1:2175:1524:31438 is marked as paired, but its mate does not occur next to it in your BAM file.  Skipping. 
*****WARNING: Query A00434:74:HGW5JDRXX:1:2175:5122:26584 is marked as paired, but its mate does not occur next to it in your BAM file.  Skipping. 
*****WARNING: Query A00434:74:HGW5JDRXX:1:2175:15845:18035 is marked as paired, but its mate does not occur next to it in your BAM file.  Skipping. 
*****WARNING: Query A00434:74:HGW5JDRXX:1:2176:4146:19351 is marked as paired, but its mate does not occur next to it in your BAM file.  Skipping. 
*****WARNING: Query A00434:74:HGW5JDRXX:1:2177:12292:12821 is marked as paired, but its mate does not occur next to it in your BAM file.  Skipping. 
*****WARNING: Query A00434:74:HGW5JDRXX:1:2177:13105:14669 is marked as paired, but its mate does not occur next to it in your BAM file.  Skipping. 
*****WARNING: Query A00434:74:HGW5JDRXX:1:2177:19262:25614 is marked as paired, but its mate does not occur next to it in your BAM file.  Skipping. 
*****WARNING: Query A00434:74:HGW5JDRXX:1:2177:23077:23923 is marked as paired, but its mate does not occur next to it in your BAM file.  Skipping. 
*****WARNING: Query A00434:74:HGW5JDRXX:1:2201:5511:12727 is marked as paired, but its mate does not occur next to it in your BAM file.  Skipping. 
*****WARNING: Query A00434:74:HGW5JDRXX:1:2201:15890:9627 is marked as paired, but its mate does not occur next to it in your BAM file.  Skipping. 
*****WARNING: Query A00434:74:HGW5JDRXX:1:2202:5656:9596 is marked as paired, but its mate does not occur next to it in your BAM file.  Skipping. 
*****WARNING: Query A00434:74:HGW5JDRXX:1:2202:27724:27743 is marked as paired, but its mate does not occur next to it in your BAM file.  Skipping. 
*****WARNING: Query A00434:74:HGW5JDRXX:1:2204:7880:12508 is marked as paired, but its mate does not occur next to it in your BAM file.  Skipping. 
*****WARNING: Query A00434:74:HGW5JDRXX:1:2204:10176:12383 is marked as paired, but its mate does not occur next to it in your BAM file.  Skipping. 
*****WARNING: Query A00434:74:HGW5JDRXX:1:2204:15474:26193 is marked as paired, but its mate does not occur next to it in your BAM file.  Skipping. 
*****WARNING: Query A00434:74:HGW5JDRXX:1:2204:16631:30201 is marked as paired, but its mate does not occur next to it in your BAM file.  Skipping. 
*****WARNING: Query A00434:74:HGW5JDRXX:1:2206:11767:23719 is marked as paired, but its mate does not occur next to it in your BAM file.  Skipping. 
*****WARNING: Query A00434:74:HGW5JDRXX:1:2206:19180:29105 is marked as paired, but its mate does not occur next to it in your BAM file.  Skipping. 
*****WARNING: Query A00434:74:HGW5JDRXX:1:2206:28890:15796 is marked as paired, but its mate does not occur next to it in your BAM file.  Skipping. 
*****WARNING: Query A00434:74:HGW5JDRXX:1:2207:16721:24909 is marked as paired, but its mate does not occur next to it in your BAM file.  Skipping. 
*****WARNING: Query A00434:74:HGW5JDRXX:1:2208:17716:16360 is marked as paired, but its mate does not occur next to it in your BAM file.  Skipping. 
*****WARNING: Query A00434:74:HGW5JDRXX:1:2208:21323:26052 is marked as paired, but its mate does not occur next to it in your BAM file.  Skipping. 
*****WARNING: Query A00434:74:HGW5JDRXX:1:2209:4924:24956 is marked as paired, but its mate does not occur next to it in your BAM file.  Skipping. 
*****WARNING: Query A00434:74:HGW5JDRXX:1:2212:27606:28855 is marked as paired, but its mate does not occur next to it in your BAM file.  Skipping. 
*****WARNING: Query A00434:74:HGW5JDRXX:1:2213:24749:28635 is marked as paired, but its mate does not occur next to it in your BAM file.  Skipping. 
*****WARNING: Query A00434:74:HGW5JDRXX:1:2214:32696:11678 is marked as paired, but its mate does not occur next to it in your BAM file.  Skipping. 
*****WARNING: Query A00434:74:HGW5JDRXX:1:2215:9914:2378 is marked as paired, but its mate does not occur next to it in your BAM file.  Skipping. 
*****WARNING: Query A00434:74:HGW5JDRXX:1:2215:13141:8782 is marked as paired, but its mate does not occur next to it in your BAM file.  Skipping. 
*****WARNING: Query A00434:74:HGW5JDRXX:1:2216:7003:33348 is marked as paired, but its mate does not occur next to it in your BAM file.  Skipping. 
*****WARNING: Query A00434:74:HGW5JDRXX:1:2216:7753:28917 is marked as paired, but its mate does not occur next to it in your BAM file.  Skipping. 
*****WARNING: Query A00434:74:HGW5JDRXX:1:2217:13304:1611 is marked as paired, but its mate does not occur next to it in your BAM file.  Skipping. 
*****WARNING: Query A00434:74:HGW5JDRXX:1:2217:21811:24831 is marked as paired, but its mate does not occur next to it in your BAM file.  Skipping. 
*****WARNING: Query A00434:74:HGW5JDRXX:1:2218:26413:6433 is marked as paired, but its mate does not occur next to it in your BAM file.  Skipping. 
*****WARNING: Query A00434:74:HGW5JDRXX:1:2219:32072:4022 is marked as paired, but its mate does not occur next to it in your BAM file.  Skipping. 
*****WARNING: Query A00434:74:HGW5JDRXX:1:2220:7717:20337 is marked as paired, but its mate does not occur next to it in your BAM file.  Skipping. 
*****WARNING: Query A00434:74:HGW5JDRXX:1:2220:14335:16266 is marked as paired, but its mate does not occur next to it in your BAM file.  Skipping. 
*****WARNING: Query A00434:74:HGW5JDRXX:1:2221:30246:24314 is marked as paired, but its mate does not occur next to it in your BAM file.  Skipping. 
*****WARNING: Query A00434:74:HGW5JDRXX:1:2222:10465:8406 is marked as paired, but its mate does not occur next to it in your BAM file.  Skipping. 
*****WARNING: Query A00434:74:HGW5JDRXX:1:2222:14859:32142 is marked as paired, but its mate does not occur next to it in your BAM file.  Skipping. 
*****WARNING: Query A00434:74:HGW5JDRXX:1:2223:18087:23390 is marked as paired, but its mate does not occur next to it in your BAM file.  Skipping. 
*****WARNING: Query A00434:74:HGW5JDRXX:1:2224:30960:13745 is marked as paired, but its mate does not occur next to it in your BAM file.  Skipping. 
*****WARNING: Query A00434:74:HGW5JDRXX:1:2227:3504:8970 is marked as paired, but its mate does not occur next to it in your BAM file.  Skipping. 
*****WARNING: Query A00434:74:HGW5JDRXX:1:2227:27480:17143 is marked as paired, but its mate does not occur next to it in your BAM file.  Skipping. 
*****WARNING: Query A00434:74:HGW5JDRXX:1:2228:4083:12101 is marked as paired, but its mate does not occur next to it in your BAM file.  Skipping. 
*****WARNING: Query A00434:74:HGW5JDRXX:1:2228:20518:29199 is marked as paired, but its mate does not occur next to it in your BAM file.  Skipping. 
*****WARNING: Query A00434:74:HGW5JDRXX:1:2229:7916:9377 is marked as paired, but its mate does not occur next to it in your BAM file.  Skipping. 
*****WARNING: Query A00434:74:HGW5JDRXX:1:2229:17128:36260 is marked as paired, but its mate does not occur next to it in your BAM file.  Skipping. 
*****WARNING: Query A00434:74:HGW5JDRXX:1:2230:15329:10661 is marked as paired, but its mate does not occur next to it in your BAM file.  Skipping. 
*****WARNING: Query A00434:74:HGW5JDRXX:1:2231:11469:4476 is marked as paired, but its mate does not occur next to it in your BAM file.  Skipping. 
*****WARNING: Query A00434:74:HGW5JDRXX:1:2232:7283:15577 is marked as paired, but its mate does not occur next to it in your BAM file.  Skipping. 
*****WARNING: Query A00434:74:HGW5JDRXX:1:2232:15465:15029 is marked as paired, but its mate does not occur next to it in your BAM file.  Skipping. 
*****WARNING: Query A00434:74:HGW5JDRXX:1:2233:26738:33113 is marked as paired, but its mate does not occur next to it in your BAM file.  Skipping. 
*****WARNING: Query A00434:74:HGW5JDRXX:1:2234:32777:21308 is marked as paired, but its mate does not occur next to it in your BAM file.  Skipping. 
*****WARNING: Query A00434:74:HGW5JDRXX:1:2235:22435:2143 is marked as paired, but its mate does not occur next to it in your BAM file.  Skipping. 
*****WARNING: Query A00434:74:HGW5JDRXX:1:2236:10086:22185 is marked as paired, but its mate does not occur next to it in your BAM file.  Skipping. 
*****WARNING: Query A00434:74:HGW5JDRXX:1:2237:5511:10692 is marked as paired, but its mate does not occur next to it in your BAM file.  Skipping. 
*****WARNING: Query A00434:74:HGW5JDRXX:1:2237:13404:23547 is marked as paired, but its mate does not occur next to it in your BAM file.  Skipping. 
*****WARNING: Query A00434:74:HGW5JDRXX:1:2237:22634:8656 is marked as paired, but its mate does not occur next to it in your BAM file.  Skipping. 
*****WARNING: Query A00434:74:HGW5JDRXX:1:2237:25870:34021 is marked as paired, but its mate does not occur next to it in your BAM file.  Skipping. 
*****WARNING: Query A00434:74:HGW5JDRXX:1:2238:4074:6543 is marked as paired, but its mate does not occur next to it in your BAM file.  Skipping. 
*****WARNING: Query A00434:74:HGW5JDRXX:1:2239:21667:33692 is marked as paired, but its mate does not occur next to it in your BAM file.  Skipping. 
*****WARNING: Query A00434:74:HGW5JDRXX:1:2240:17255:32784 is marked as paired, but its mate does not occur next to it in your BAM file.  Skipping. 
*****WARNING: Query A00434:74:HGW5JDRXX:1:2240:17960:23171 is marked as paired, but its mate does not occur next to it in your BAM file.  Skipping. 
*****WARNING: Query A00434:74:HGW5JDRXX:1:2240:26558:34209 is marked as paired, but its mate does not occur next to it in your BAM file.  Skipping. 
*****WARNING: Query A00434:74:HGW5JDRXX:1:2241:7211:35900 is marked as paired, but its mate does not occur next to it in your BAM file.  Skipping. 
*****WARNING: Query A00434:74:HGW5JDRXX:1:2241:13666:3208 is marked as paired, but its mate does not occur next to it in your BAM file.  Skipping. 
*****WARNING: Query A00434:74:HGW5JDRXX:1:2242:16523:16517 is marked as paired, but its mate does not occur next to it in your BAM file.  Skipping. 
*****WARNING: Query A00434:74:HGW5JDRXX:1:2242:19208:3756 is marked as paired, but its mate does not occur next to it in your BAM file.  Skipping. 
*****WARNING: Query A00434:74:HGW5JDRXX:1:2242:27082:29105 is marked as paired, but its mate does not occur next to it in your BAM file.  Skipping. 
*****WARNING: Query A00434:74:HGW5JDRXX:1:2243:7093:4820 is marked as paired, but its mate does not occur next to it in your BAM file.  Skipping. 
*****WARNING: Query A00434:74:HGW5JDRXX:1:2243:20491:18505 is marked as paired, but its mate does not occur next to it in your BAM file.  Skipping. 
*****WARNING: Query A00434:74:HGW5JDRXX:1:2243:24379:19695 is marked as paired, but its mate does not occur next to it in your BAM file.  Skipping. 
*****WARNING: Query A00434:74:HGW5JDRXX:1:2243:29930:2691 is marked as paired, but its mate does not occur next to it in your BAM file.  Skipping. 
*****WARNING: Query A00434:74:HGW5JDRXX:1:2243:31304:8703 is marked as paired, but its mate does not occur next to it in your BAM file.  Skipping. 
*****WARNING: Query A00434:74:HGW5JDRXX:1:2244:19533:25801 is marked as paired, but its mate does not occur next to it in your BAM file.  Skipping. 
*****WARNING: Query A00434:74:HGW5JDRXX:1:2244:22770:11678 is marked as paired, but its mate does not occur next to it in your BAM file.  Skipping. 
*****WARNING: Query A00434:74:HGW5JDRXX:1:2245:11885:35289 is marked as paired, but its mate does not occur next to it in your BAM file.  Skipping. 
*****WARNING: Query A00434:74:HGW5JDRXX:1:2246:22281:8891 is marked as paired, but its mate does not occur next to it in your BAM file.  Skipping. 
*****WARNING: Query A00434:74:HGW5JDRXX:1:2247:11044:22028 is marked as paired, but its mate does not occur next to it in your BAM file.  Skipping. 
*****WARNING: Query A00434:74:HGW5JDRXX:1:2248:12283:1031 is marked as paired, but its mate does not occur next to it in your BAM file.  Skipping. 
*****WARNING: Query A00434:74:HGW5JDRXX:1:2248:29387:25927 is marked as paired, but its mate does not occur next to it in your BAM file.  Skipping. 
*****WARNING: Query A00434:74:HGW5JDRXX:1:2249:13566:35321 is marked as paired, but its mate does not occur next to it in your BAM file.  Skipping. 
*****WARNING: Query A00434:74:HGW5JDRXX:1:2249:21504:12712 is marked as paired, but its mate does not occur next to it in your BAM file.  Skipping. 
*****WARNING: Query A00434:74:HGW5JDRXX:1:2249:24966:6684 is marked as paired, but its mate does not occur next to it in your BAM file.  Skipping. 
*****WARNING: Query A00434:74:HGW5JDRXX:1:2250:23023:30686 is marked as paired, but its mate does not occur next to it in your BAM file.  Skipping. 
*****WARNING: Query A00434:74:HGW5JDRXX:1:2251:9552:3098 is marked as paired, but its mate does not occur next to it in your BAM file.  Skipping. 
*****WARNING: Query A00434:74:HGW5JDRXX:1:2251:17933:35086 is marked as paired, but its mate does not occur next to it in your BAM file.  Skipping. 
*****WARNING: Query A00434:74:HGW5JDRXX:1:2251:21269:17785 is marked as paired, but its mate does not occur next to it in your BAM file.  Skipping. 
*****WARNING: Query A00434:74:HGW5JDRXX:1:2252:7030:5776 is marked as paired, but its mate does not occur next to it in your BAM file.  Skipping. 
*****WARNING: Query A00434:74:HGW5JDRXX:1:2252:22697:22670 is marked as paired, but its mate does not occur next to it in your BAM file.  Skipping. 
*****WARNING: Query A00434:74:HGW5JDRXX:1:2252:24261:2863 is marked as paired, but its mate does not occur next to it in your BAM file.  Skipping. 
*****WARNING: Query A00434:74:HGW5JDRXX:1:2252:26386:2503 is marked as paired, but its mate does not occur next to it in your BAM file.  Skipping. 
*****WARNING: Query A00434:74:HGW5JDRXX:1:2253:7627:25191 is marked as paired, but its mate does not occur next to it in your BAM file.  Skipping. 
*****WARNING: Query A00434:74:HGW5JDRXX:1:2253:9616:11788 is marked as paired, but its mate does not occur next to it in your BAM file.  Skipping. 
*****WARNING: Query A00434:74:HGW5JDRXX:1:2253:25608:10144 is marked as paired, but its mate does not occur next to it in your BAM file.  Skipping. 
*****WARNING: Query A00434:74:HGW5JDRXX:1:2254:17788:19742 is marked as paired, but its mate does not occur next to it in your BAM file.  Skipping. 
*****WARNING: Query A00434:74:HGW5JDRXX:1:2255:5737:3474 is marked as paired, but its mate does not occur next to it in your BAM file.  Skipping. 
*****WARNING: Query A00434:74:HGW5JDRXX:1:2256:30337:17268 is marked as paired, but its mate does not occur next to it in your BAM file.  Skipping. 
*****WARNING: Query A00434:74:HGW5JDRXX:1:2257:17074:9236 is marked as paired, but its mate does not occur next to it in your BAM file.  Skipping. 
*****WARNING: Query A00434:74:HGW5JDRXX:1:2258:29062:21104 is marked as paired, but its mate does not occur next to it in your BAM file.  Skipping. 
*****WARNING: Query A00434:74:HGW5JDRXX:1:2258:30834:16125 is marked as paired, but its mate does not occur next to it in your BAM file.  Skipping. 
*****WARNING: Query A00434:74:HGW5JDRXX:1:2259:1714:20901 is marked as paired, but its mate does not occur next to it in your BAM file.  Skipping. 
*****WARNING: Query A00434:74:HGW5JDRXX:1:2260:3549:23860 is marked as paired, but its mate does not occur next to it in your BAM file.  Skipping. 
*****WARNING: Query A00434:74:HGW5JDRXX:1:2260:7428:31923 is marked as paired, but its mate does not occur next to it in your BAM file.  Skipping. 
*****WARNING: Query A00434:74:HGW5JDRXX:1:2260:20292:14465 is marked as paired, but its mate does not occur next to it in your BAM file.  Skipping. 
*****WARNING: Query A00434:74:HGW5JDRXX:1:2260:28239:6527 is marked as paired, but its mate does not occur next to it in your BAM file.  Skipping. 
*****WARNING: Query A00434:74:HGW5JDRXX:1:2261:3152:8641 is marked as paired, but its mate does not occur next to it in your BAM file.  Skipping. 
*****WARNING: Query A00434:74:HGW5JDRXX:1:2261:4038:2503 is marked as paired, but its mate does not occur next to it in your BAM file.  Skipping. 
*****WARNING: Query A00434:74:HGW5JDRXX:1:2262:3495:35790 is marked as paired, but its mate does not occur next to it in your BAM file.  Skipping. 
*****WARNING: Query A00434:74:HGW5JDRXX:1:2263:5104:2409 is marked as paired, but its mate does not occur next to it in your BAM file.  Skipping. 
*****WARNING: Query A00434:74:HGW5JDRXX:1:2263:9769:35540 is marked as paired, but its mate does not occur next to it in your BAM file.  Skipping. 
*****WARNING: Query A00434:74:HGW5JDRXX:1:2263:16278:23296 is marked as paired, but its mate does not occur next to it in your BAM file.  Skipping. 
*****WARNING: Query A00434:74:HGW5JDRXX:1:2265:13702:5650 is marked as paired, but its mate does not occur next to it in your BAM file.  Skipping. 
*****WARNING: Query A00434:74:HGW5JDRXX:1:2265:17562:25833 is marked as paired, but its mate does not occur next to it in your BAM file.  Skipping. 
*****WARNING: Query A00434:74:HGW5JDRXX:1:2265:25880:5384 is marked as paired, but its mate does not occur next to it in your BAM file.  Skipping. 
*****WARNING: Query A00434:74:HGW5JDRXX:1:2266:6144:17487 is marked as paired, but its mate does not occur next to it in your BAM file.  Skipping. 
*****WARNING: Query A00434:74:HGW5JDRXX:1:2266:21603:16423 is marked as paired, but its mate does not occur next to it in your BAM file.  Skipping. 
*****WARNING: Query A00434:74:HGW5JDRXX:1:2266:23818:5447 is marked as paired, but its mate does not occur next to it in your BAM file.  Skipping. 
*****WARNING: Query A00434:74:HGW5JDRXX:1:2267:10682:22686 is marked as paired, but its mate does not occur next to it in your BAM file.  Skipping. 
*****WARNING: Query A00434:74:HGW5JDRXX:1:2267:18059:31986 is marked as paired, but its mate does not occur next to it in your BAM file.  Skipping. 
*****WARNING: Query A00434:74:HGW5JDRXX:1:2268:14145:16720 is marked as paired, but its mate does not occur next to it in your BAM file.  Skipping. 
*****WARNING: Query A00434:74:HGW5JDRXX:1:2268:22507:3552 is marked as paired, but its mate does not occur next to it in your BAM file.  Skipping. 
*****WARNING: Query A00434:74:HGW5JDRXX:1:2270:5484:21637 is marked as paired, but its mate does not occur next to it in your BAM file.  Skipping. 
*****WARNING: Query A00434:74:HGW5JDRXX:1:2271:2618:14544 is marked as paired, but its mate does not occur next to it in your BAM file.  Skipping. 
*****WARNING: Query A00434:74:HGW5JDRXX:1:2271:4074:2253 is marked as paired, but its mate does not occur next to it in your BAM file.  Skipping. 
*****WARNING: Query A00434:74:HGW5JDRXX:1:2271:6533:36448 is marked as paired, but its mate does not occur next to it in your BAM file.  Skipping. 
*****WARNING: Query A00434:74:HGW5JDRXX:1:2271:17400:17597 is marked as paired, but its mate does not occur next to it in your BAM file.  Skipping. 
*****WARNING: Query A00434:74:HGW5JDRXX:1:2272:8160:3129 is marked as paired, but its mate does not occur next to it in your BAM file.  Skipping. 
*****WARNING: Query A00434:74:HGW5JDRXX:1:2273:12943:15327 is marked as paired, but its mate does not occur next to it in your BAM file.  Skipping. 
*****WARNING: Query A00434:74:HGW5JDRXX:1:2273:17662:3239 is marked as paired, but its mate does not occur next to it in your BAM file.  Skipping. 
*****WARNING: Query A00434:74:HGW5JDRXX:1:2273:21838:9157 is marked as paired, but its mate does not occur next to it in your BAM file.  Skipping. 
*****WARNING: Query A00434:74:HGW5JDRXX:1:2274:19244:14873 is marked as paired, but its mate does not occur next to it in your BAM file.  Skipping. 
*****WARNING: Query A00434:74:HGW5JDRXX:1:2274:22001:29293 is marked as paired, but its mate does not occur next to it in your BAM file.  Skipping. 
*****WARNING: Query A00434:74:HGW5JDRXX:1:2275:10330:36793 is marked as paired, but its mate does not occur next to it in your BAM file.  Skipping. 
*****WARNING: Query A00434:74:HGW5JDRXX:1:2275:14525:14841 is marked as paired, but its mate does not occur next to it in your BAM file.  Skipping. 
*****WARNING: Query A00434:74:HGW5JDRXX:1:2275:26946:19946 is marked as paired, but its mate does not occur next to it in your BAM file.  Skipping. 
*****WARNING: Query A00434:74:HGW5JDRXX:1:2276:10646:30953 is marked as paired, but its mate does not occur next to it in your BAM file.  Skipping. 
*****WARNING: Query A00434:74:HGW5JDRXX:1:2276:19786:26271 is marked as paired, but its mate does not occur next to it in your BAM file.  Skipping. 
*****WARNING: Query A00434:74:HGW5JDRXX:1:2277:11876:17769 is marked as paired, but its mate does not occur next to it in your BAM file.  Skipping. 
*****WARNING: Query A00434:74:HGW5JDRXX:1:2277:19813:22279 is marked as paired, but its mate does not occur next to it in your BAM file.  Skipping. 
*****WARNING: Query A00434:74:HGW5JDRXX:1:2278:25527:12477 is marked as paired, but its mate does not occur next to it in your BAM file.  Skipping. 
*****WARNING: Query A00434:74:HGW5JDRXX:1:2278:31403:29857 is marked as paired, but its mate does not occur next to it in your BAM file.  Skipping. 
*****WARNING: Query A00434:74:HGW5JDRXX:2:2101:24144:3505 is marked as paired, but its mate does not occur next to it in your BAM file.  Skipping. 
*****WARNING: Query A00434:74:HGW5JDRXX:2:2101:27787:22091 is marked as paired, but its mate does not occur next to it in your BAM file.  Skipping. 
*****WARNING: Query A00434:74:HGW5JDRXX:2:2101:30210:36933 is marked as paired, but its mate does not occur next to it in your BAM file.  Skipping. 
*****WARNING: Query A00434:74:HGW5JDRXX:2:2101:31855:36182 is marked as paired, but its mate does not occur next to it in your BAM file.  Skipping. 
*****WARNING: Query A00434:74:HGW5JDRXX:2:2102:30581:22138 is marked as paired, but its mate does not occur next to it in your BAM file.  Skipping. 
*****WARNING: Query A00434:74:HGW5JDRXX:2:2103:7934:12508 is marked as paired, but its mate does not occur next to it in your BAM file.  Skipping. 
*****WARNING: Query A00434:74:HGW5JDRXX:2:2103:14434:5102 is marked as paired, but its mate does not occur next to it in your BAM file.  Skipping. 
*****WARNING: Query A00434:74:HGW5JDRXX:2:2103:26946:23015 is marked as paired, but its mate does not occur next to it in your BAM file.  Skipping. 
*****WARNING: Query A00434:74:HGW5JDRXX:2:2103:30635:18975 is marked as paired, but its mate does not occur next to it in your BAM file.  Skipping. 
*****WARNING: Query A00434:74:HGW5JDRXX:2:2105:20889:10645 is marked as paired, but its mate does not occur next to it in your BAM file.  Skipping. 
*****WARNING: Query A00434:74:HGW5JDRXX:2:2105:29677:26647 is marked as paired, but its mate does not occur next to it in your BAM file.  Skipping. 
*****WARNING: Query A00434:74:HGW5JDRXX:2:2107:5222:13197 is marked as paired, but its mate does not occur next to it in your BAM file.  Skipping. 
*****WARNING: Query A00434:74:HGW5JDRXX:2:2108:2220:16423 is marked as paired, but its mate does not occur next to it in your BAM file.  Skipping. 
*****WARNING: Query A00434:74:HGW5JDRXX:2:2108:26069:32831 is marked as paired, but its mate does not occur next to it in your BAM file.  Skipping. 
*****WARNING: Query A00434:74:HGW5JDRXX:2:2109:6741:31704 is marked as paired, but its mate does not occur next to it in your BAM file.  Skipping. 
*****WARNING: Query A00434:74:HGW5JDRXX:2:2110:28013:10238 is marked as paired, but its mate does not occur next to it in your BAM file.  Skipping. 
*****WARNING: Query A00434:74:HGW5JDRXX:2:2111:3179:11318 is marked as paired, but its mate does not occur next to it in your BAM file.  Skipping. 
*****WARNING: Query A00434:74:HGW5JDRXX:2:2111:9082:15186 is marked as paired, but its mate does not occur next to it in your BAM file.  Skipping. 
*****WARNING: Query A00434:74:HGW5JDRXX:2:2111:32018:16955 is marked as paired, but its mate does not occur next to it in your BAM file.  Skipping. 
*****WARNING: Query A00434:74:HGW5JDRXX:2:2113:9815:5995 is marked as paired, but its mate does not occur next to it in your BAM file.  Skipping. 
*****WARNING: Query A00434:74:HGW5JDRXX:2:2114:18367:28322 is marked as paired, but its mate does not occur next to it in your BAM file.  Skipping. 
*****WARNING: Query A00434:74:HGW5JDRXX:2:2115:25192:17503 is marked as paired, but its mate does not occur next to it in your BAM file.  Skipping. 
*****WARNING: Query A00434:74:HGW5JDRXX:2:2115:25961:26005 is marked as paired, but its mate does not occur next to it in your BAM file.  Skipping. 
*****WARNING: Query A00434:74:HGW5JDRXX:2:2115:30653:29559 is marked as paired, but its mate does not occur next to it in your BAM file.  Skipping. 
*****WARNING: Query A00434:74:HGW5JDRXX:2:2116:1868:8140 is marked as paired, but its mate does not occur next to it in your BAM file.  Skipping. 
*****WARNING: Query A00434:74:HGW5JDRXX:2:2116:12491:18364 is marked as paired, but its mate does not occur next to it in your BAM file.  Skipping. 
*****WARNING: Query A00434:74:HGW5JDRXX:2:2116:18611:1188 is marked as paired, but its mate does not occur next to it in your BAM file.  Skipping. 
*****WARNING: Query A00434:74:HGW5JDRXX:2:2117:4779:7169 is marked as paired, but its mate does not occur next to it in your BAM file.  Skipping. 
*****WARNING: Query A00434:74:HGW5JDRXX:2:2118:8531:24940 is marked as paired, but its mate does not occur next to it in your BAM file.  Skipping. 
*****WARNING: Query A00434:74:HGW5JDRXX:2:2118:18249:25457 is marked as paired, but its mate does not occur next to it in your BAM file.  Skipping. 
*****WARNING: Query A00434:74:HGW5JDRXX:2:2119:4146:9956 is marked as paired, but its mate does not occur next to it in your BAM file.  Skipping. 
*****WARNING: Query A00434:74:HGW5JDRXX:2:2119:22869:24345 is marked as paired, but its mate does not occur next to it in your BAM file.  Skipping. 
*****WARNING: Query A00434:74:HGW5JDRXX:2:2119:32253:5807 is marked as paired, but its mate does not occur next to it in your BAM file.  Skipping. 
*****WARNING: Query A00434:74:HGW5JDRXX:2:2121:13548:36855 is marked as paired, but its mate does not occur next to it in your BAM file.  Skipping. 
*****WARNING: Query A00434:74:HGW5JDRXX:2:2121:14968:18521 is marked as paired, but its mate does not occur next to it in your BAM file.  Skipping. 
*****WARNING: Query A00434:74:HGW5JDRXX:2:2122:7826:5650 is marked as paired, but its mate does not occur next to it in your BAM file.  Skipping. 
*****WARNING: Query A00434:74:HGW5JDRXX:2:2122:8847:12962 is marked as paired, but its mate does not occur next to it in your BAM file.  Skipping. 
*****WARNING: Query A00434:74:HGW5JDRXX:2:2122:9399:35430 is marked as paired, but its mate does not occur next to it in your BAM file.  Skipping. 
*****WARNING: Query A00434:74:HGW5JDRXX:2:2122:12219:1705 is marked as paired, but its mate does not occur next to it in your BAM file.  Skipping. 
*****WARNING: Query A00434:74:HGW5JDRXX:2:2122:22019:17362 is marked as paired, but its mate does not occur next to it in your BAM file.  Skipping. 
*****WARNING: Query A00434:74:HGW5JDRXX:2:2123:30210:29606 is marked as paired, but its mate does not occur next to it in your BAM file.  Skipping. 
*****WARNING: Query A00434:74:HGW5JDRXX:2:2124:5629:14215 is marked as paired, but its mate does not occur next to it in your BAM file.  Skipping. 
*****WARNING: Query A00434:74:HGW5JDRXX:2:2124:9046:11616 is marked as paired, but its mate does not occur next to it in your BAM file.  Skipping. 
*****WARNING: Query A00434:74:HGW5JDRXX:2:2124:13747:9298 is marked as paired, but its mate does not occur next to it in your BAM file.  Skipping. 
*****WARNING: Query A00434:74:HGW5JDRXX:2:2124:16134:22263 is marked as paired, but its mate does not occur next to it in your BAM file.  Skipping. 
*****WARNING: Query A00434:74:HGW5JDRXX:2:2124:26006:17691 is marked as paired, but its mate does not occur next to it in your BAM file.  Skipping. 
*****WARNING: Query A00434:74:HGW5JDRXX:2:2126:27172:15546 is marked as paired, but its mate does not occur next to it in your BAM file.  Skipping. 
*****WARNING: Query A00434:74:HGW5JDRXX:2:2126:27389:6464 is marked as paired, but its mate does not occur next to it in your BAM file.  Skipping. 
*****WARNING: Query A00434:74:HGW5JDRXX:2:2127:8721:23797 is marked as paired, but its mate does not occur next to it in your BAM file.  Skipping. 
*****WARNING: Query A00434:74:HGW5JDRXX:2:2127:18322:23829 is marked as paired, but its mate does not occur next to it in your BAM file.  Skipping. 
*****WARNING: Query A00434:74:HGW5JDRXX:2:2127:27163:32127 is marked as paired, but its mate does not occur next to it in your BAM file.  Skipping. 
*****WARNING: Query A00434:74:HGW5JDRXX:2:2129:1524:4539 is marked as paired, but its mate does not occur next to it in your BAM file.  Skipping. 
*****WARNING: Query A00434:74:HGW5JDRXX:2:2129:20392:19147 is marked as paired, but its mate does not occur next to it in your BAM file.  Skipping. 
*****WARNING: Query A00434:74:HGW5JDRXX:2:2129:21486:1908 is marked as paired, but its mate does not occur next to it in your BAM file.  Skipping. 
*****WARNING: Query A00434:74:HGW5JDRXX:2:2129:26539:9439 is marked as paired, but its mate does not occur next to it in your BAM file.  Skipping. 
*****WARNING: Query A00434:74:HGW5JDRXX:2:2131:5475:28134 is marked as paired, but its mate does not occur next to it in your BAM file.  Skipping. 
*****WARNING: Query A00434:74:HGW5JDRXX:2:2131:15664:19288 is marked as paired, but its mate does not occur next to it in your BAM file.  Skipping. 
*****WARNING: Query A00434:74:HGW5JDRXX:2:2131:18195:21887 is marked as paired, but its mate does not occur next to it in your BAM file.  Skipping. 
*****WARNING: Query A00434:74:HGW5JDRXX:2:2131:19768:29277 is marked as paired, but its mate does not occur next to it in your BAM file.  Skipping. 
*****WARNING: Query A00434:74:HGW5JDRXX:2:2131:28067:36198 is marked as paired, but its mate does not occur next to it in your BAM file.  Skipping. 
*****WARNING: Query A00434:74:HGW5JDRXX:2:2132:5204:32362 is marked as paired, but its mate does not occur next to it in your BAM file.  Skipping. 
*****WARNING: Query A00434:74:HGW5JDRXX:2:2132:5846:22075 is marked as paired, but its mate does not occur next to it in your BAM file.  Skipping. 
*****WARNING: Query A00434:74:HGW5JDRXX:2:2133:9968:2597 is marked as paired, but its mate does not occur next to it in your BAM file.  Skipping. 
*****WARNING: Query A00434:74:HGW5JDRXX:2:2133:26585:13275 is marked as paired, but its mate does not occur next to it in your BAM file.  Skipping. 
*****WARNING: Query A00434:74:HGW5JDRXX:2:2133:29649:20932 is marked as paired, but its mate does not occur next to it in your BAM file.  Skipping. 
*****WARNING: Query A00434:74:HGW5JDRXX:2:2135:17038:14653 is marked as paired, but its mate does not occur next to it in your BAM file.  Skipping. 
*****WARNING: Query A00434:74:HGW5JDRXX:2:2135:18539:14685 is marked as paired, but its mate does not occur next to it in your BAM file.  Skipping. 
*****WARNING: Query A00434:74:HGW5JDRXX:2:2136:25491:36370 is marked as paired, but its mate does not occur next to it in your BAM file.  Skipping. 
*****WARNING: Query A00434:74:HGW5JDRXX:2:2137:20166:9799 is marked as paired, but its mate does not occur next to it in your BAM file.  Skipping. 
*****WARNING: Query A00434:74:HGW5JDRXX:2:2137:22661:5822 is marked as paired, but its mate does not occur next to it in your BAM file.  Skipping. 
*****WARNING: Query A00434:74:HGW5JDRXX:2:2137:28827:20071 is marked as paired, but its mate does not occur next to it in your BAM file.  Skipping. 
*****WARNING: Query A00434:74:HGW5JDRXX:2:2138:10818:1188 is marked as paired, but its mate does not occur next to it in your BAM file.  Skipping. 
*****WARNING: Query A00434:74:HGW5JDRXX:2:2138:16278:22921 is marked as paired, but its mate does not occur next to it in your BAM file.  Skipping. 
*****WARNING: Query A00434:74:HGW5JDRXX:2:2139:7672:2159 is marked as paired, but its mate does not occur next to it in your BAM file.  Skipping. 
*****WARNING: Query A00434:74:HGW5JDRXX:2:2141:16523:7498 is marked as paired, but its mate does not occur next to it in your BAM file.  Skipping. 
*****WARNING: Query A00434:74:HGW5JDRXX:2:2141:17842:6214 is marked as paired, but its mate does not occur next to it in your BAM file.  Skipping. 
*****WARNING: Query A00434:74:HGW5JDRXX:2:2142:6054:18208 is marked as paired, but its mate does not occur next to it in your BAM file.  Skipping. 
*****WARNING: Query A00434:74:HGW5JDRXX:2:2142:9299:28745 is marked as paired, but its mate does not occur next to it in your BAM file.  Skipping. 
*****WARNING: Query A00434:74:HGW5JDRXX:2:2142:19678:21136 is marked as paired, but its mate does not occur next to it in your BAM file.  Skipping. 
*****WARNING: Query A00434:74:HGW5JDRXX:2:2143:13395:36620 is marked as paired, but its mate does not occur next to it in your BAM file.  Skipping. 
*****WARNING: Query A00434:74:HGW5JDRXX:2:2143:15456:36245 is marked as paired, but its mate does not occur next to it in your BAM file.  Skipping. 
*****WARNING: Query A00434:74:HGW5JDRXX:2:2150:7419:25927 is marked as paired, but its mate does not occur next to it in your BAM file.  Skipping. 
*****WARNING: Query A00434:74:HGW5JDRXX:2:2150:11261:9439 is marked as paired, but its mate does not occur next to it in your BAM file.  Skipping. 
*****WARNING: Query A00434:74:HGW5JDRXX:2:2150:20238:15562 is marked as paired, but its mate does not occur next to it in your BAM file.  Skipping. 
*****WARNING: Query A00434:74:HGW5JDRXX:2:2151:18394:16313 is marked as paired, but its mate does not occur next to it in your BAM file.  Skipping. 
*****WARNING: Query A00434:74:HGW5JDRXX:2:2152:5014:18004 is marked as paired, but its mate does not occur next to it in your BAM file.  Skipping. 
*****WARNING: Query A00434:74:HGW5JDRXX:2:2152:24171:26506 is marked as paired, but its mate does not occur next to it in your BAM file.  Skipping. 
*****WARNING: Query A00434:74:HGW5JDRXX:2:2152:25400:8938 is marked as paired, but its mate does not occur next to it in your BAM file.  Skipping. 
*****WARNING: Query A00434:74:HGW5JDRXX:2:2153:27380:9799 is marked as paired, but its mate does not occur next to it in your BAM file.  Skipping. 
*****WARNING: Query A00434:74:HGW5JDRXX:2:2154:26214:35305 is marked as paired, but its mate does not occur next to it in your BAM file.  Skipping. 
*****WARNING: Query A00434:74:HGW5JDRXX:2:2155:10149:15123 is marked as paired, but its mate does not occur next to it in your BAM file.  Skipping. 
*****WARNING: Query A00434:74:HGW5JDRXX:2:2155:32090:23312 is marked as paired, but its mate does not occur next to it in your BAM file.  Skipping. 
*****WARNING: Query A00434:74:HGW5JDRXX:2:2156:21766:31829 is marked as paired, but its mate does not occur next to it in your BAM file.  Skipping. 
*****WARNING: Query A00434:74:HGW5JDRXX:2:2157:19994:18521 is marked as paired, but its mate does not occur next to it in your BAM file.  Skipping. 
*****WARNING: Query A00434:74:HGW5JDRXX:2:2158:12084:5822 is marked as paired, but its mate does not occur next to it in your BAM file.  Skipping. 
*****WARNING: Query A00434:74:HGW5JDRXX:2:2158:15004:7748 is marked as paired, but its mate does not occur next to it in your BAM file.  Skipping. 
*****WARNING: Query A00434:74:HGW5JDRXX:2:2159:17897:24878 is marked as paired, but its mate does not occur next to it in your BAM file.  Skipping. 
*****WARNING: Query A00434:74:HGW5JDRXX:2:2159:21902:14810 is marked as paired, but its mate does not occur next to it in your BAM file.  Skipping. 
*****WARNING: Query A00434:74:HGW5JDRXX:2:2159:28664:34507 is marked as paired, but its mate does not occur next to it in your BAM file.  Skipping. 
*****WARNING: Query A00434:74:HGW5JDRXX:2:2160:10890:23140 is marked as paired, but its mate does not occur next to it in your BAM file.  Skipping. 
*****WARNING: Query A00434:74:HGW5JDRXX:2:2160:28556:2284 is marked as paired, but its mate does not occur next to it in your BAM file.  Skipping. 
*****WARNING: Query A00434:74:HGW5JDRXX:2:2160:31268:18818 is marked as paired, but its mate does not occur next to it in your BAM file.  Skipping. 
*****WARNING: Query A00434:74:HGW5JDRXX:2:2161:2745:28385 is marked as paired, but its mate does not occur next to it in your BAM file.  Skipping. 
*****WARNING: Query A00434:74:HGW5JDRXX:2:2161:21685:21073 is marked as paired, but its mate does not occur next to it in your BAM file.  Skipping. 
*****WARNING: Query A00434:74:HGW5JDRXX:2:2164:6451:36871 is marked as paired, but its mate does not occur next to it in your BAM file.  Skipping. 
*****WARNING: Query A00434:74:HGW5JDRXX:2:2164:13268:4993 is marked as paired, but its mate does not occur next to it in your BAM file.  Skipping. 
*****WARNING: Query A00434:74:HGW5JDRXX:2:2165:2736:5008 is marked as paired, but its mate does not occur next to it in your BAM file.  Skipping. 
*****WARNING: Query A00434:74:HGW5JDRXX:2:2165:13955:33051 is marked as paired, but its mate does not occur next to it in your BAM file.  Skipping. 
*****WARNING: Query A00434:74:HGW5JDRXX:2:2165:28718:1157 is marked as paired, but its mate does not occur next to it in your BAM file.  Skipping. 
*****WARNING: Query A00434:74:HGW5JDRXX:2:2166:32298:22482 is marked as paired, but its mate does not occur next to it in your BAM file.  Skipping. 
*****WARNING: Query A00434:74:HGW5JDRXX:2:2167:10854:20603 is marked as paired, but its mate does not occur next to it in your BAM file.  Skipping. 
*****WARNING: Query A00434:74:HGW5JDRXX:2:2168:3052:22373 is marked as paired, but its mate does not occur next to it in your BAM file.  Skipping. 
*****WARNING: Query A00434:74:HGW5JDRXX:2:2168:29414:11381 is marked as paired, but its mate does not occur next to it in your BAM file.  Skipping. 
*****WARNING: Query A00434:74:HGW5JDRXX:2:2168:30219:17315 is marked as paired, but its mate does not occur next to it in your BAM file.  Skipping. 
*****WARNING: Query A00434:74:HGW5JDRXX:2:2171:4381:22294 is marked as paired, but its mate does not occur next to it in your BAM file.  Skipping. 
*****WARNING: Query A00434:74:HGW5JDRXX:2:2172:16541:30326 is marked as paired, but its mate does not occur next to it in your BAM file.  Skipping. 
*****WARNING: Query A00434:74:HGW5JDRXX:2:2172:28076:35837 is marked as paired, but its mate does not occur next to it in your BAM file.  Skipping. 
*****WARNING: Query A00434:74:HGW5JDRXX:2:2173:10945:36636 is marked as paired, but its mate does not occur next to it in your BAM file.  Skipping. 
*****WARNING: Query A00434:74:HGW5JDRXX:2:2175:5737:18630 is marked as paired, but its mate does not occur next to it in your BAM file.  Skipping. 
*****WARNING: Query A00434:74:HGW5JDRXX:2:2177:26006:1094 is marked as paired, but its mate does not occur next to it in your BAM file.  Skipping. 
*****WARNING: Query A00434:74:HGW5JDRXX:2:2177:26042:23954 is marked as paired, but its mate does not occur next to it in your BAM file.  Skipping. 
*****WARNING: Query A00434:74:HGW5JDRXX:2:2202:10502:9126 is marked as paired, but its mate does not occur next to it in your BAM file.  Skipping. 
*****WARNING: Query A00434:74:HGW5JDRXX:2:2202:28320:3787 is marked as paired, but its mate does not occur next to it in your BAM file.  Skipping. 
*****WARNING: Query A00434:74:HGW5JDRXX:2:2204:5168:9032 is marked as paired, but its mate does not occur next to it in your BAM file.  Skipping. 
*****WARNING: Query A00434:74:HGW5JDRXX:2:2204:8006:26475 is marked as paired, but its mate does not occur next to it in your BAM file.  Skipping. 
*****WARNING: Query A00434:74:HGW5JDRXX:2:2204:11668:8829 is marked as paired, but its mate does not occur next to it in your BAM file.  Skipping. 
*****WARNING: Query A00434:74:HGW5JDRXX:2:2204:21305:27868 is marked as paired, but its mate does not occur next to it in your BAM file.  Skipping. 
*****WARNING: Query A00434:74:HGW5JDRXX:2:2205:16333:22952 is marked as paired, but its mate does not occur next to it in your BAM file.  Skipping. 
*****WARNING: Query A00434:74:HGW5JDRXX:2:2206:1669:3129 is marked as paired, but its mate does not occur next to it in your BAM file.  Skipping. 
*****WARNING: Query A00434:74:HGW5JDRXX:2:2207:5466:25520 is marked as paired, but its mate does not occur next to it in your BAM file.  Skipping. 
*****WARNING: Query A00434:74:HGW5JDRXX:2:2207:12608:34413 is marked as paired, but its mate does not occur next to it in your BAM file.  Skipping. 
*****WARNING: Query A00434:74:HGW5JDRXX:2:2207:32253:8124 is marked as paired, but its mate does not occur next to it in your BAM file.  Skipping. 
*****WARNING: Query A00434:74:HGW5JDRXX:2:2208:20021:23985 is marked as paired, but its mate does not occur next to it in your BAM file.  Skipping. 
*****WARNING: Query A00434:74:HGW5JDRXX:2:2209:2582:18740 is marked as paired, but its mate does not occur next to it in your BAM file.  Skipping. 
*****WARNING: Query A00434:74:HGW5JDRXX:2:2209:4815:1846 is marked as paired, but its mate does not occur next to it in your BAM file.  Skipping. 
*****WARNING: Query A00434:74:HGW5JDRXX:2:2209:18900:17472 is marked as paired, but its mate does not occur next to it in your BAM file.  Skipping. 
*****WARNING: Query A00434:74:HGW5JDRXX:2:2209:29125:22247 is marked as paired, but its mate does not occur next to it in your BAM file.  Skipping. 
*****WARNING: Query A00434:74:HGW5JDRXX:2:2209:31322:28494 is marked as paired, but its mate does not occur next to it in your BAM file.  Skipping. 
*****WARNING: Query A00434:74:HGW5JDRXX:2:2211:30020:9706 is marked as paired, but its mate does not occur next to it in your BAM file.  Skipping. 
*****WARNING: Query A00434:74:HGW5JDRXX:2:2212:16134:5102 is marked as paired, but its mate does not occur next to it in your BAM file.  Skipping. 
*****WARNING: Query A00434:74:HGW5JDRXX:2:2213:4273:26584 is marked as paired, but its mate does not occur next to it in your BAM file.  Skipping. 
*****WARNING: Query A00434:74:HGW5JDRXX:2:2213:16378:11381 is marked as paired, but its mate does not occur next to it in your BAM file.  Skipping. 
*****WARNING: Query A00434:74:HGW5JDRXX:2:2213:16812:3082 is marked as paired, but its mate does not occur next to it in your BAM file.  Skipping. 
*****WARNING: Query A00434:74:HGW5JDRXX:2:2213:17616:28620 is marked as paired, but its mate does not occur next to it in your BAM file.  Skipping. 
*****WARNING: Query A00434:74:HGW5JDRXX:2:2214:12518:8077 is marked as paired, but its mate does not occur next to it in your BAM file.  Skipping. 
*****WARNING: Query A00434:74:HGW5JDRXX:2:2215:7283:32049 is marked as paired, but its mate does not occur next to it in your BAM file.  Skipping. 
*****WARNING: Query A00434:74:HGW5JDRXX:2:2215:12481:2221 is marked as paired, but its mate does not occur next to it in your BAM file.  Skipping. 
*****WARNING: Query A00434:74:HGW5JDRXX:2:2218:6244:8453 is marked as paired, but its mate does not occur next to it in your BAM file.  Skipping. 
*****WARNING: Query A00434:74:HGW5JDRXX:2:2218:17535:34522 is marked as paired, but its mate does not occur next to it in your BAM file.  Skipping. 
*****WARNING: Query A00434:74:HGW5JDRXX:2:2218:32353:16470 is marked as paired, but its mate does not occur next to it in your BAM file.  Skipping. 
*****WARNING: Query A00434:74:HGW5JDRXX:2:2219:12147:30639 is marked as paired, but its mate does not occur next to it in your BAM file.  Skipping. 
*****WARNING: Query A00434:74:HGW5JDRXX:2:2219:30445:20431 is marked as paired, but its mate does not occur next to it in your BAM file.  Skipping. 
*****WARNING: Query A00434:74:HGW5JDRXX:2:2220:12328:20494 is marked as paired, but its mate does not occur next to it in your BAM file.  Skipping. 
*****WARNING: Query A00434:74:HGW5JDRXX:2:2220:22119:10645 is marked as paired, but its mate does not occur next to it in your BAM file.  Skipping. 
*****WARNING: Query A00434:74:HGW5JDRXX:2:2220:31891:11945 is marked as paired, but its mate does not occur next to it in your BAM file.  Skipping. 
*****WARNING: Query A00434:74:HGW5JDRXX:2:2221:24587:10191 is marked as paired, but its mate does not occur next to it in your BAM file.  Skipping. 
*****WARNING: Query A00434:74:HGW5JDRXX:2:2222:13847:2832 is marked as paired, but its mate does not occur next to it in your BAM file.  Skipping. 
*****WARNING: Query A00434:74:HGW5JDRXX:2:2222:22426:8547 is marked as paired, but its mate does not occur next to it in your BAM file.  Skipping. 
*****WARNING: Query A00434:74:HGW5JDRXX:2:2223:2654:7279 is marked as paired, but its mate does not occur next to it in your BAM file.  Skipping. 
*****WARNING: Query A00434:74:HGW5JDRXX:2:2223:11559:2033 is marked as paired, but its mate does not occur next to it in your BAM file.  Skipping. 
*****WARNING: Query A00434:74:HGW5JDRXX:2:2223:28456:4366 is marked as paired, but its mate does not occur next to it in your BAM file.  Skipping. 
*****WARNING: Query A00434:74:HGW5JDRXX:2:2224:3531:35227 is marked as paired, but its mate does not occur next to it in your BAM file.  Skipping. 
*****WARNING: Query A00434:74:HGW5JDRXX:2:2224:11623:35305 is marked as paired, but its mate does not occur next to it in your BAM file.  Skipping. 
*****WARNING: Query A00434:74:HGW5JDRXX:2:2224:12707:28260 is marked as paired, but its mate does not occur next to it in your BAM file.  Skipping. 
*****WARNING: Query A00434:74:HGW5JDRXX:2:2224:31901:23735 is marked as paired, but its mate does not occur next to it in your BAM file.  Skipping. 
*****WARNING: Query A00434:74:HGW5JDRXX:2:2226:9236:26976 is marked as paired, but its mate does not occur next to it in your BAM file.  Skipping. 
*****WARNING: Query A00434:74:HGW5JDRXX:2:2226:15456:1141 is marked as paired, but its mate does not occur next to it in your BAM file.  Skipping. 
*****WARNING: Query A00434:74:HGW5JDRXX:2:2226:20600:4257 is marked as paired, but its mate does not occur next to it in your BAM file.  Skipping. 
*****WARNING: Query A00434:74:HGW5JDRXX:2:2226:31982:24878 is marked as paired, but its mate does not occur next to it in your BAM file.  Skipping. 
*****WARNING: Query A00434:74:HGW5JDRXX:2:2227:18846:22795 is marked as paired, but its mate does not occur next to it in your BAM file.  Skipping. 
*****WARNING: Query A00434:74:HGW5JDRXX:2:2228:20220:12743 is marked as paired, but its mate does not occur next to it in your BAM file.  Skipping. 
*****WARNING: Query A00434:74:HGW5JDRXX:2:2230:10321:26349 is marked as paired, but its mate does not occur next to it in your BAM file.  Skipping. 
*****WARNING: Query A00434:74:HGW5JDRXX:2:2230:15067:11083 is marked as paired, but its mate does not occur next to it in your BAM file.  Skipping. 
*****WARNING: Query A00434:74:HGW5JDRXX:2:2230:16694:6668 is marked as paired, but its mate does not occur next to it in your BAM file.  Skipping. 
*****WARNING: Query A00434:74:HGW5JDRXX:2:2230:24578:7921 is marked as paired, but its mate does not occur next to it in your BAM file.  Skipping. 
*****WARNING: Query A00434:74:HGW5JDRXX:2:2231:20329:5666 is marked as paired, but its mate does not occur next to it in your BAM file.  Skipping. 
*****WARNING: Query A00434:74:HGW5JDRXX:2:2231:31864:17785 is marked as paired, but its mate does not occur next to it in your BAM file.  Skipping. 
*****WARNING: Query A00434:74:HGW5JDRXX:2:2232:15438:2112 is marked as paired, but its mate does not occur next to it in your BAM file.  Skipping. 
*****WARNING: Query A00434:74:HGW5JDRXX:2:2233:6542:28823 is marked as paired, but its mate does not occur next to it in your BAM file.  Skipping. 
*****WARNING: Query A00434:74:HGW5JDRXX:2:2233:25265:4570 is marked as paired, but its mate does not occur next to it in your BAM file.  Skipping. 
*****WARNING: Query A00434:74:HGW5JDRXX:2:2233:29622:36198 is marked as paired, but its mate does not occur next to it in your BAM file.  Skipping. 
*****WARNING: Query A00434:74:HGW5JDRXX:2:2234:11568:2237 is marked as paired, but its mate does not occur next to it in your BAM file.  Skipping. 
*****WARNING: Query A00434:74:HGW5JDRXX:2:2234:11957:22482 is marked as paired, but its mate does not occur next to it in your BAM file.  Skipping. 
*****WARNING: Query A00434:74:HGW5JDRXX:2:2234:27136:20181 is marked as paired, but its mate does not occur next to it in your BAM file.  Skipping. 
*****WARNING: Query A00434:74:HGW5JDRXX:2:2235:28031:32252 is marked as paired, but its mate does not occur next to it in your BAM file.  Skipping. 
*****WARNING: Query A00434:74:HGW5JDRXX:2:2236:12382:31140 is marked as paired, but its mate does not occur next to it in your BAM file.  Skipping. 
*****WARNING: Query A00434:74:HGW5JDRXX:2:2236:14805:33990 is marked as paired, but its mate does not occur next to it in your BAM file.  Skipping. 
*****WARNING: Query A00434:74:HGW5JDRXX:2:2236:17716:35430 is marked as paired, but its mate does not occur next to it in your BAM file.  Skipping. 
*****WARNING: Query A00434:74:HGW5JDRXX:2:2236:22788:21605 is marked as paired, but its mate does not occur next to it in your BAM file.  Skipping. 
*****WARNING: Query A00434:74:HGW5JDRXX:2:2237:27941:23015 is marked as paired, but its mate does not occur next to it in your BAM file.  Skipping. 
*****WARNING: Query A00434:74:HGW5JDRXX:2:2239:14416:7482 is marked as paired, but its mate does not occur next to it in your BAM file.  Skipping. 
*****WARNING: Query A00434:74:HGW5JDRXX:2:2239:20663:29857 is marked as paired, but its mate does not occur next to it in your BAM file.  Skipping. 
*****WARNING: Query A00434:74:HGW5JDRXX:2:2239:24162:12868 is marked as paired, but its mate does not occur next to it in your BAM file.  Skipping. 
*****WARNING: Query A00434:74:HGW5JDRXX:2:2240:12572:18537 is marked as paired, but its mate does not occur next to it in your BAM file.  Skipping. 
*****WARNING: Query A00434:74:HGW5JDRXX:2:2240:15628:33505 is marked as paired, but its mate does not occur next to it in your BAM file.  Skipping. 
*****WARNING: Query A00434:74:HGW5JDRXX:2:2240:19208:7983 is marked as paired, but its mate does not occur next to it in your BAM file.  Skipping. 
*****WARNING: Query A00434:74:HGW5JDRXX:2:2240:27896:26287 is marked as paired, but its mate does not occur next to it in your BAM file.  Skipping. 
*****WARNING: Query A00434:74:HGW5JDRXX:2:2241:22968:21856 is marked as paired, but its mate does not occur next to it in your BAM file.  Skipping. 
*****WARNING: Query A00434:74:HGW5JDRXX:2:2242:13033:30044 is marked as paired, but its mate does not occur next to it in your BAM file.  Skipping. 
*****WARNING: Query A00434:74:HGW5JDRXX:2:2242:28058:13385 is marked as paired, but its mate does not occur next to it in your BAM file.  Skipping. 
*****WARNING: Query A00434:74:HGW5JDRXX:2:2243:17345:9111 is marked as paired, but its mate does not occur next to it in your BAM file.  Skipping. 
*****WARNING: Query A00434:74:HGW5JDRXX:2:2244:7690:31062 is marked as paired, but its mate does not occur next to it in your BAM file.  Skipping. 
*****WARNING: Query A00434:74:HGW5JDRXX:2:2244:18177:21480 is marked as paired, but its mate does not occur next to it in your BAM file.  Skipping. 
*****WARNING: Query A00434:74:HGW5JDRXX:2:2244:26250:36213 is marked as paired, but its mate does not occur next to it in your BAM file.  Skipping. 
*****WARNING: Query A00434:74:HGW5JDRXX:2:2245:1777:35884 is marked as paired, but its mate does not occur next to it in your BAM file.  Skipping. 
*****WARNING: Query A00434:74:HGW5JDRXX:2:2245:21151:25880 is marked as paired, but its mate does not occur next to it in your BAM file.  Skipping. 
*****WARNING: Query A00434:74:HGW5JDRXX:2:2246:11351:3176 is marked as paired, but its mate does not occur next to it in your BAM file.  Skipping. 
*****WARNING: Query A00434:74:HGW5JDRXX:2:2246:19551:8359 is marked as paired, but its mate does not occur next to it in your BAM file.  Skipping. 
*****WARNING: Query A00434:74:HGW5JDRXX:2:2247:7410:9001 is marked as paired, but its mate does not occur next to it in your BAM file.  Skipping. 
*****WARNING: Query A00434:74:HGW5JDRXX:2:2247:17011:26130 is marked as paired, but its mate does not occur next to it in your BAM file.  Skipping. 
*****WARNING: Query A00434:74:HGW5JDRXX:2:2248:15338:3474 is marked as paired, but its mate does not occur next to it in your BAM file.  Skipping. 
*****WARNING: Query A00434:74:HGW5JDRXX:2:2250:24126:19476 is marked as paired, but its mate does not occur next to it in your BAM file.  Skipping. 
*****WARNING: Query A00434:74:HGW5JDRXX:2:2251:9914:19570 is marked as paired, but its mate does not occur next to it in your BAM file.  Skipping. 
*****WARNING: Query A00434:74:HGW5JDRXX:2:2251:11704:14653 is marked as paired, but its mate does not occur next to it in your BAM file.  Skipping. 
*****WARNING: Query A00434:74:HGW5JDRXX:2:2252:4499:21026 is marked as paired, but its mate does not occur next to it in your BAM file.  Skipping. 
*****WARNING: Query A00434:74:HGW5JDRXX:2:2252:11261:8030 is marked as paired, but its mate does not occur next to it in your BAM file.  Skipping. 
*****WARNING: Query A00434:74:HGW5JDRXX:2:2253:16712:35665 is marked as paired, but its mate does not occur next to it in your BAM file.  Skipping. 
*****WARNING: Query A00434:74:HGW5JDRXX:2:2253:21594:19038 is marked as paired, but its mate does not occur next to it in your BAM file.  Skipping. 
*****WARNING: Query A00434:74:HGW5JDRXX:2:2254:9453:18239 is marked as paired, but its mate does not occur next to it in your BAM file.  Skipping. 
*****WARNING: Query A00434:74:HGW5JDRXX:2:2254:17146:36104 is marked as paired, but its mate does not occur next to it in your BAM file.  Skipping. 
*****WARNING: Query A00434:74:HGW5JDRXX:2:2254:22652:12320 is marked as paired, but its mate does not occur next to it in your BAM file.  Skipping. 
*****WARNING: Query A00434:74:HGW5JDRXX:2:2254:26729:25457 is marked as paired, but its mate does not occur next to it in your BAM file.  Skipping. 
*****WARNING: Query A00434:74:HGW5JDRXX:2:2255:12590:11710 is marked as paired, but its mate does not occur next to it in your BAM file.  Skipping. 
*****WARNING: Query A00434:74:HGW5JDRXX:2:2256:9815:7310 is marked as paired, but its mate does not occur next to it in your BAM file.  Skipping. 
*****WARNING: Query A00434:74:HGW5JDRXX:2:2256:15646:2096 is marked as paired, but its mate does not occur next to it in your BAM file.  Skipping. 
*****WARNING: Query A00434:74:HGW5JDRXX:2:2257:15447:29966 is marked as paired, but its mate does not occur next to it in your BAM file.  Skipping. 
*****WARNING: Query A00434:74:HGW5JDRXX:2:2259:7690:6793 is marked as paired, but its mate does not occur next to it in your BAM file.  Skipping. 
*****WARNING: Query A00434:74:HGW5JDRXX:2:2259:16188:10113 is marked as paired, but its mate does not occur next to it in your BAM file.  Skipping. 
*****WARNING: Query A00434:74:HGW5JDRXX:2:2259:21251:32283 is marked as paired, but its mate does not occur next to it in your BAM file.  Skipping. 
*****WARNING: Query A00434:74:HGW5JDRXX:2:2260:7383:33473 is marked as paired, but its mate does not occur next to it in your BAM file.  Skipping. 
*****WARNING: Query A00434:74:HGW5JDRXX:2:2260:18249:31407 is marked as paired, but its mate does not occur next to it in your BAM file.  Skipping. 
*****WARNING: Query A00434:74:HGW5JDRXX:2:2260:21938:1251 is marked as paired, but its mate does not occur next to it in your BAM file.  Skipping. 
*****WARNING: Query A00434:74:HGW5JDRXX:2:2260:23439:35853 is marked as paired, but its mate does not occur next to it in your BAM file.  Skipping. 
*****WARNING: Query A00434:74:HGW5JDRXX:2:2261:9417:4523 is marked as paired, but its mate does not occur next to it in your BAM file.  Skipping. 
*****WARNING: Query A00434:74:HGW5JDRXX:2:2261:15329:5400 is marked as paired, but its mate does not occur next to it in your BAM file.  Skipping. 
*****WARNING: Query A00434:74:HGW5JDRXX:2:2261:20247:26130 is marked as paired, but its mate does not occur next to it in your BAM file.  Skipping. 
*****WARNING: Query A00434:74:HGW5JDRXX:2:2261:32072:28855 is marked as paired, but its mate does not occur next to it in your BAM file.  Skipping. 
*****WARNING: Query A00434:74:HGW5JDRXX:2:2262:3730:34882 is marked as paired, but its mate does not occur next to it in your BAM file.  Skipping. 
*****WARNING: Query A00434:74:HGW5JDRXX:2:2262:14199:10113 is marked as paired, but its mate does not occur next to it in your BAM file.  Skipping. 
*****WARNING: Query A00434:74:HGW5JDRXX:2:2262:21730:23343 is marked as paired, but its mate does not occur next to it in your BAM file.  Skipping. 
*****WARNING: Query A00434:74:HGW5JDRXX:2:2262:27832:28588 is marked as paired, but its mate does not occur next to it in your BAM file.  Skipping. 
*****WARNING: Query A00434:74:HGW5JDRXX:2:2264:17110:14497 is marked as paired, but its mate does not occur next to it in your BAM file.  Skipping. 
*****WARNING: Query A00434:74:HGW5JDRXX:2:2264:29360:13228 is marked as paired, but its mate does not occur next to it in your BAM file.  Skipping. 
*****WARNING: Query A00434:74:HGW5JDRXX:2:2265:10185:1438 is marked as paired, but its mate does not occur next to it in your BAM file.  Skipping. 
*****WARNING: Query A00434:74:HGW5JDRXX:2:2265:30816:22388 is marked as paired, but its mate does not occur next to it in your BAM file.  Skipping. 
*****WARNING: Query A00434:74:HGW5JDRXX:2:2266:3866:12289 is marked as paired, but its mate does not occur next to it in your BAM file.  Skipping. 
*****WARNING: Query A00434:74:HGW5JDRXX:2:2266:11758:19288 is marked as paired, but its mate does not occur next to it in your BAM file.  Skipping. 
*****WARNING: Query A00434:74:HGW5JDRXX:2:2266:24478:14168 is marked as paired, but its mate does not occur next to it in your BAM file.  Skipping. 
*****WARNING: Query A00434:74:HGW5JDRXX:2:2268:5810:15562 is marked as paired, but its mate does not occur next to it in your BAM file.  Skipping. 
*****WARNING: Query A00434:74:HGW5JDRXX:2:2268:26820:26897 is marked as paired, but its mate does not occur next to it in your BAM file.  Skipping. 
*****WARNING: Query A00434:74:HGW5JDRXX:2:2269:9706:2268 is marked as paired, but its mate does not occur next to it in your BAM file.  Skipping. 
*****WARNING: Query A00434:74:HGW5JDRXX:2:2269:10719:36996 is marked as paired, but its mate does not occur next to it in your BAM file.  Skipping. 
*****WARNING: Query A00434:74:HGW5JDRXX:2:2269:12011:19946 is marked as paired, but its mate does not occur next to it in your BAM file.  Skipping. 
*****WARNING: Query A00434:74:HGW5JDRXX:2:2270:2094:30013 is marked as paired, but its mate does not occur next to it in your BAM file.  Skipping. 
*****WARNING: Query A00434:74:HGW5JDRXX:2:2271:10664:33238 is marked as paired, but its mate does not occur next to it in your BAM file.  Skipping. 
*****WARNING: Query A00434:74:HGW5JDRXX:2:2271:15510:5400 is marked as paired, but its mate does not occur next to it in your BAM file.  Skipping. 
*****WARNING: Query A00434:74:HGW5JDRXX:2:2271:32172:35352 is marked as paired, but its mate does not occur next to it in your BAM file.  Skipping. 
*****WARNING: Query A00434:74:HGW5JDRXX:2:2273:3947:16407 is marked as paired, but its mate does not occur next to it in your BAM file.  Skipping. 
*****WARNING: Query A00434:74:HGW5JDRXX:2:2274:24270:1595 is marked as paired, but its mate does not occur next to it in your BAM file.  Skipping. 
*****WARNING: Query A00434:74:HGW5JDRXX:2:2275:28537:6386 is marked as paired, but its mate does not occur next to it in your BAM file.  Skipping. 
*****WARNING: Query A00434:74:HGW5JDRXX:2:2278:21278:17049 is marked as paired, but its mate does not occur next to it in your BAM file.  Skipping. 
*****WARNING: Query A00434:74:HGW5JDRXX:2:2278:27751:12540 is marked as paired, but its mate does not occur next to it in your BAM file.  Skipping. 
[Thu Jul  6 11:43:43 2023]
Finished job 0.
1 of 1 steps (100%) done
