Building DAG of jobs...
Using shell: /usr/bin/bash
Provided cores: 1 (use --cores to define parallelism)
Rules claiming more threads will be scaled down.
Job counts:
	count	jobs
	1	qcReport
	1

[Tue Apr 18 12:46:03 2023]
rule qcReport:
    input: Bam/yw-3LW-wing-ak27ac-pel-Rep1_dm6_trim_q5_dupsRemoved.bam, Bam/yw-3LW-wing-ak27ac-sup-Rep1_dm6_trim_q5_dupsRemoved.bam, Bam/yw-3LW-wing-ak27ac-pel-Rep2_dm6_trim_q5_dupsRemoved.bam, Bam/yw-3LW-wing-ak27ac-pel-Rep1_sacCer3_trim_q5_dupsRemoved.bam, Bam/yw-3LW-wing-ak27ac-sup-Rep1_sacCer3_trim_q5_dupsRemoved.bam, Bam/yw-3LW-wing-ak27ac-pel-Rep2_sacCer3_trim_q5_dupsRemoved.bam, Bam/yw-3LW-wing-ak27ac-pel-Rep1_droYak2_trim_q5_dupsRemoved.bam, Bam/yw-3LW-wing-ak27ac-sup-Rep1_droYak2_trim_q5_dupsRemoved.bam, Bam/yw-3LW-wing-ak27ac-pel-Rep2_droYak2_trim_q5_dupsRemoved.bam, Bam/yw-3LW-wing-ak27ac-pel-Rep1_dm6_trim_q5_dupsRemoved.bam.bai, Bam/yw-3LW-wing-ak27ac-sup-Rep1_dm6_trim_q5_dupsRemoved.bam.bai, Bam/yw-3LW-wing-ak27ac-pel-Rep2_dm6_trim_q5_dupsRemoved.bam.bai, Bam/yw-3LW-wing-ak27ac-pel-Rep1_sacCer3_trim_q5_dupsRemoved.bam.bai, Bam/yw-3LW-wing-ak27ac-sup-Rep1_sacCer3_trim_q5_dupsRemoved.bam.bai, Bam/yw-3LW-wing-ak27ac-pel-Rep2_sacCer3_trim_q5_dupsRemoved.bam.bai, Bam/yw-3LW-wing-ak27ac-pel-Rep1_droYak2_trim_q5_dupsRemoved.bam.bai, Bam/yw-3LW-wing-ak27ac-sup-Rep1_droYak2_trim_q5_dupsRemoved.bam.bai, Bam/yw-3LW-wing-ak27ac-pel-Rep2_droYak2_trim_q5_dupsRemoved.bam.bai, FQscreen/yw-3LW-wing-ak27ac-pel-Rep1_R1_trim_screen.txt, FQscreen/yw-3LW-wing-ak27ac-sup-Rep1_R1_trim_screen.txt, FQscreen/yw-3LW-wing-ak27ac-pel-Rep2_R1_trim_screen.txt, FastQC/yw-3LW-wing-ak27ac-pel-Rep1_R1_trim_fastqc.html, FastQC/yw-3LW-wing-ak27ac-sup-Rep1_R1_trim_fastqc.html, FastQC/yw-3LW-wing-ak27ac-pel-Rep2_R1_trim_fastqc.html, AlignmentStats/yw-3LW-wing-ak27ac-pel-Rep1_dm6-sacCer3-droYak2_trim.tsv, AlignmentStats/yw-3LW-wing-ak27ac-sup-Rep1_dm6-sacCer3-droYak2_trim.tsv, AlignmentStats/yw-3LW-wing-ak27ac-pel-Rep2_dm6-sacCer3-droYak2_trim.tsv, AlignmentStats/yw-3LW-wing-ak27ac-pel-Rep1_dm6-sacCer3-droYak2_trim_q5.tsv, AlignmentStats/yw-3LW-wing-ak27ac-sup-Rep1_dm6-sacCer3-droYak2_trim_q5.tsv, AlignmentStats/yw-3LW-wing-ak27ac-pel-Rep2_dm6-sacCer3-droYak2_trim_q5.tsv, AlignmentStats/yw-3LW-wing-ak27ac-pel-Rep1_dm6-sacCer3-droYak2_trim_q5_dupsRemoved.tsv, AlignmentStats/yw-3LW-wing-ak27ac-sup-Rep1_dm6-sacCer3-droYak2_trim_q5_dupsRemoved.tsv, AlignmentStats/yw-3LW-wing-ak27ac-pel-Rep2_dm6-sacCer3-droYak2_trim_q5_dupsRemoved.tsv
    output: multiqc_report.html
    jobid: 0

Activating environment modules: multiqc/1.7
[WARNING]         multiqc : MultiQC Version v1.14 now available!
[INFO   ]         multiqc : This is MultiQC v1.7
[INFO   ]         multiqc : Template    : default
[INFO   ]         multiqc : Searching '.'
[INFO   ]          picard : Found 3 MarkDuplicates reports
[INFO   ]        samtools : Found 9 flagstat reports
[INFO   ]           bbmap : Found 3 reports
[INFO   ]         bowtie2 : Found 3 reports
[INFO   ]    fastq_screen : Found 4 reports
[INFO   ]          fastqc : Found 6 reports
[INFO   ]         multiqc : Compressing plot data
[INFO   ]         multiqc : Report      : multiqc_report.html
[INFO   ]         multiqc : Data        : multiqc_data
[INFO   ]         multiqc : MultiQC complete
[Tue Apr 18 12:46:37 2023]
Finished job 0.
1 of 1 steps (100%) done
