Building DAG of jobs...
Using shell: /usr/bin/bash
Provided cores: 8
Rules claiming more threads will be scaled down.
Job counts:
	count	jobs
	1	trim_adapter
	1

[Thu Jul  6 10:25:33 2023]
rule trim_adapter:
    input: Fastq/yw-3LW-wing-ak27ac-pel-Rep1_R1.fastq.gz, Fastq/yw-3LW-wing-ak27ac-pel-Rep1_R2.fastq.gz
    output: Fastq/yw-3LW-wing-ak27ac-pel-Rep1_R1_trim.fastq.gz, Fastq/yw-3LW-wing-ak27ac-pel-Rep1_R2_trim.fastq.gz
    log: Logs/yw-3LW-wing-ak27ac-pel-Rep1_trimStats, Logs/yw-3LW-wing-ak27ac-pel-Rep1_adapterStats
    jobid: 0
    wildcards: sample=yw-3LW-wing-ak27ac-pel-Rep1

Activating environment modules: bbmap/38.71
java -ea -Xmx3235m -Xms3235m -cp /nas/longleaf/apps/bbmap/38.71/bbmap/current/ jgi.BBDuk in1=Fastq/yw-3LW-wing-ak27ac-pel-Rep1_R1.fastq.gz in2=Fastq/yw-3LW-wing-ak27ac-pel-Rep1_R2.fastq.gz out1=Fastq/yw-3LW-wing-ak27ac-pel-Rep1_R1_trim.fastq.gz out2=Fastq/yw-3LW-wing-ak27ac-pel-Rep1_R2_trim.fastq.gz ktrim=r ref=adapters rcomp=t tpe=t tbo=t hdist=1 mink=11 stats=Logs/yw-3LW-wing-ak27ac-pel-Rep1_adapterStats
Executing jgi.BBDuk [in1=Fastq/yw-3LW-wing-ak27ac-pel-Rep1_R1.fastq.gz, in2=Fastq/yw-3LW-wing-ak27ac-pel-Rep1_R2.fastq.gz, out1=Fastq/yw-3LW-wing-ak27ac-pel-Rep1_R1_trim.fastq.gz, out2=Fastq/yw-3LW-wing-ak27ac-pel-Rep1_R2_trim.fastq.gz, ktrim=r, ref=adapters, rcomp=t, tpe=t, tbo=t, hdist=1, mink=11, stats=Logs/yw-3LW-wing-ak27ac-pel-Rep1_adapterStats]
Version 38.71

maskMiddle was disabled because useShortKmers=true
0.037 seconds.
Initial:
Memory: max=3252m, total=3252m, free=3184m, used=68m

Added 288411 kmers; time: 	0.150 seconds.
Memory: max=3252m, total=3252m, free=3065m, used=187m

Input is being processed as paired
Started output streams:	0.204 seconds.
[W::bgzf_read_block] [W::bgzf_read_block] EOF marker is absent. The input may be truncated
EOF marker is absent. The input may be truncated
Processing time:   		237.501 seconds.

Input:                  	20297208 reads 		1014860400 bases.
KTrimmed:               	198276 reads (0.98%) 	3032938 bases (0.30%)
Trimmed by overlap:     	269466 reads (1.33%) 	958288 bases (0.09%)
Total Removed:          	374 reads (0.00%) 	3991226 bases (0.39%)
Result:                 	20296834 reads (100.00%) 	1010869174 bases (99.61%)

Time:                         	237.880 seconds.
Reads Processed:      20297k 	85.33k reads/sec
Bases Processed:       1014m 	4.27m bases/sec
[Thu Jul  6 10:29:34 2023]
Finished job 0.
1 of 1 steps (100%) done
