Building DAG of jobs...
Using shell: /usr/bin/bash
Provided cores: 1 (use --cores to define parallelism)
Rules claiming more threads will be scaled down.
Job counts:
	count	jobs
	1	markDups
	1

[Tue Apr 18 12:20:45 2023]
rule markDups:
    input: Bam/yw-3LW-wing-ak27ac-pel-Rep1_dm6-sacCer3-droYak2_trim_q5.bam
    output: PCRdups/yw-3LW-wing-ak27ac-pel-Rep1_dm6-sacCer3-droYak2_trim_PCR_duplicates, Bam/yw-3LW-wing-ak27ac-pel-Rep1_dm6-sacCer3-droYak2_trim_q5_sorted.bam, Bam/yw-3LW-wing-ak27ac-pel-Rep1_dm6-sacCer3-droYak2_trim_q5_dupsMarked.bam
    jobid: 0
    wildcards: sample=yw-3LW-wing-ak27ac-pel-Rep1, species=dm6-sacCer3-droYak2

Activating environment modules: picard/2.2.4
[Tue Apr 18 12:20:48 EDT 2023] picard.sam.SortSam INPUT=Bam/yw-3LW-wing-ak27ac-pel-Rep1_dm6-sacCer3-droYak2_trim_q5.bam OUTPUT=Bam/yw-3LW-wing-ak27ac-pel-Rep1_dm6-sacCer3-droYak2_trim_q5_sorted.bam SORT_ORDER=coordinate    VERBOSITY=INFO QUIET=false VALIDATION_STRINGENCY=STRICT COMPRESSION_LEVEL=5 MAX_RECORDS_IN_RAM=500000 CREATE_INDEX=false CREATE_MD5_FILE=false GA4GH_CLIENT_SECRETS=client_secrets.json
[Tue Apr 18 12:20:48 EDT 2023] Executing as mjn15@c0501.ll.unc.edu on Linux 4.18.0-348.2.1.el8_5.x86_64 amd64; OpenJDK 64-Bit Server VM 1.8.0_352-b08; Picard version: 2.2.4(920e3247c340720b009f2398c1b93cce132c9bed_1461793281) IntelDeflater
INFO	2023-04-18 12:22:58	SortSam	Read    10,000,000 records.  Elapsed time: 00:02:09s.  Time for last 10,000,000:  129s.  Last read position: dm6_chr3R:27,817,019
INFO	2023-04-18 12:23:53	SortSam	Finished reading inputs, merging and writing to output now.
INFO	2023-04-18 12:25:36	SortSam	Wrote    10,000,000 records from a sorting collection.  Elapsed time: 00:04:47s.  Time for last 10,000,000:   99s.  Last read position: dm6_chr3R:29,976,707
[Tue Apr 18 12:26:20 EDT 2023] picard.sam.SortSam done. Elapsed time: 5.52 minutes.
Runtime.totalMemory()=2076049408
[Tue Apr 18 12:26:21 EDT 2023] picard.sam.markduplicates.MarkDuplicates TAGGING_POLICY=All INPUT=[Bam/yw-3LW-wing-ak27ac-pel-Rep1_dm6-sacCer3-droYak2_trim_q5_sorted.bam] OUTPUT=Bam/yw-3LW-wing-ak27ac-pel-Rep1_dm6-sacCer3-droYak2_trim_q5_dupsMarked.bam METRICS_FILE=PCRdups/yw-3LW-wing-ak27ac-pel-Rep1_dm6-sacCer3-droYak2_trim_PCR_duplicates REMOVE_DUPLICATES=false ASSUME_SORTED=true    MAX_SEQUENCES_FOR_DISK_READ_ENDS_MAP=50000 MAX_FILE_HANDLES_FOR_READ_ENDS_MAP=8000 SORTING_COLLECTION_SIZE_RATIO=0.25 REMOVE_SEQUENCING_DUPLICATES=false DUPLICATE_SCORING_STRATEGY=SUM_OF_BASE_QUALITIES PROGRAM_RECORD_ID=MarkDuplicates PROGRAM_GROUP_NAME=MarkDuplicates READ_NAME_REGEX=<optimized capture of last three ':' separated fields as numeric values> OPTICAL_DUPLICATE_PIXEL_DISTANCE=100 VERBOSITY=INFO QUIET=false VALIDATION_STRINGENCY=STRICT COMPRESSION_LEVEL=5 MAX_RECORDS_IN_RAM=500000 CREATE_INDEX=false CREATE_MD5_FILE=false GA4GH_CLIENT_SECRETS=client_secrets.json
[Tue Apr 18 12:26:21 EDT 2023] Executing as mjn15@c0501.ll.unc.edu on Linux 4.18.0-348.2.1.el8_5.x86_64 amd64; OpenJDK 64-Bit Server VM 1.8.0_352-b08; Picard version: 2.2.4(920e3247c340720b009f2398c1b93cce132c9bed_1461793281) IntelDeflater
INFO	2023-04-18 12:26:21	MarkDuplicates	Start of doWork freeMemory: 2062982168; totalMemory: 2076049408; maxMemory: 8303607808
INFO	2023-04-18 12:26:21	MarkDuplicates	Reading input file and constructing read end information.
INFO	2023-04-18 12:26:21	MarkDuplicates	Will retain up to 31936953 data points before spilling to disk.
INFO	2023-04-18 12:26:32	MarkDuplicates	Read     1,000,000 records.  Elapsed time: 00:00:10s.  Time for last 1,000,000:   10s.  Last read position: dm6_chr2L:9,388,891
INFO	2023-04-18 12:26:32	MarkDuplicates	Tracking 20 as yet unmatched pairs. 20 records in RAM.
INFO	2023-04-18 12:26:38	MarkDuplicates	Read     2,000,000 records.  Elapsed time: 00:00:17s.  Time for last 1,000,000:    6s.  Last read position: dm6_chr2L:20,169,883
INFO	2023-04-18 12:26:38	MarkDuplicates	Tracking 2 as yet unmatched pairs. 2 records in RAM.
INFO	2023-04-18 12:26:44	MarkDuplicates	Read     3,000,000 records.  Elapsed time: 00:00:22s.  Time for last 1,000,000:    5s.  Last read position: dm6_chr2R:8,558,756
INFO	2023-04-18 12:26:44	MarkDuplicates	Tracking 6 as yet unmatched pairs. 6 records in RAM.
INFO	2023-04-18 12:26:50	MarkDuplicates	Read     4,000,000 records.  Elapsed time: 00:00:28s.  Time for last 1,000,000:    5s.  Last read position: dm6_chr2R:18,313,842
INFO	2023-04-18 12:26:50	MarkDuplicates	Tracking 16 as yet unmatched pairs. 16 records in RAM.
INFO	2023-04-18 12:26:55	MarkDuplicates	Read     5,000,000 records.  Elapsed time: 00:00:33s.  Time for last 1,000,000:    5s.  Last read position: dm6_chr3L:2,502,555
INFO	2023-04-18 12:26:55	MarkDuplicates	Tracking 2 as yet unmatched pairs. 2 records in RAM.
INFO	2023-04-18 12:27:01	MarkDuplicates	Read     6,000,000 records.  Elapsed time: 00:00:39s.  Time for last 1,000,000:    5s.  Last read position: dm6_chr3L:12,704,587
INFO	2023-04-18 12:27:01	MarkDuplicates	Tracking 10 as yet unmatched pairs. 10 records in RAM.
INFO	2023-04-18 12:27:07	MarkDuplicates	Read     7,000,000 records.  Elapsed time: 00:00:45s.  Time for last 1,000,000:    5s.  Last read position: dm6_chr3L:22,717,874
INFO	2023-04-18 12:27:07	MarkDuplicates	Tracking 64 as yet unmatched pairs. 64 records in RAM.
INFO	2023-04-18 12:27:13	MarkDuplicates	Read     8,000,000 records.  Elapsed time: 00:00:51s.  Time for last 1,000,000:    5s.  Last read position: dm6_chr3R:9,207,790
INFO	2023-04-18 12:27:13	MarkDuplicates	Tracking 8 as yet unmatched pairs. 8 records in RAM.
INFO	2023-04-18 12:27:18	MarkDuplicates	Read     9,000,000 records.  Elapsed time: 00:00:57s.  Time for last 1,000,000:    5s.  Last read position: dm6_chr3R:19,337,053
INFO	2023-04-18 12:27:18	MarkDuplicates	Tracking 2 as yet unmatched pairs. 2 records in RAM.
INFO	2023-04-18 12:27:24	MarkDuplicates	Read    10,000,000 records.  Elapsed time: 00:01:02s.  Time for last 1,000,000:    5s.  Last read position: dm6_chr3R:29,976,707
INFO	2023-04-18 12:27:24	MarkDuplicates	Tracking 6 as yet unmatched pairs. 6 records in RAM.
INFO	2023-04-18 12:27:30	MarkDuplicates	Read    11,000,000 records.  Elapsed time: 00:01:08s.  Time for last 1,000,000:    5s.  Last read position: dm6_chrX:6,977,301
INFO	2023-04-18 12:27:30	MarkDuplicates	Tracking 2 as yet unmatched pairs. 2 records in RAM.
INFO	2023-04-18 12:27:39	MarkDuplicates	Read    12,000,000 records.  Elapsed time: 00:01:17s.  Time for last 1,000,000:    9s.  Last read position: dm6_chrX:22,433,143
INFO	2023-04-18 12:27:39	MarkDuplicates	Tracking 6744 as yet unmatched pairs. 6744 records in RAM.
INFO	2023-04-18 12:27:44	MarkDuplicates	Read    13,000,000 records.  Elapsed time: 00:01:22s.  Time for last 1,000,000:    5s.  Last read position: droYak2_chr2R:18,438,283
INFO	2023-04-18 12:27:44	MarkDuplicates	Tracking 8 as yet unmatched pairs. 8 records in RAM.
INFO	2023-04-18 12:27:50	MarkDuplicates	Read    14,000,000 records.  Elapsed time: 00:01:28s.  Time for last 1,000,000:    5s.  Last read position: droYak2_chr3R:28,818,223
INFO	2023-04-18 12:27:50	MarkDuplicates	Tracking 6 as yet unmatched pairs. 6 records in RAM.
INFO	2023-04-18 12:27:53	MarkDuplicates	Read 14460896 records. 0 pairs never matched.
INFO	2023-04-18 12:27:56	MarkDuplicates	After buildSortedReadEndLists freeMemory: 2553627696; totalMemory: 4397461504; maxMemory: 8303607808
INFO	2023-04-18 12:27:56	MarkDuplicates	Will retain up to 129743872 duplicate indices before spilling to disk.
INFO	2023-04-18 12:27:57	MarkDuplicates	Traversing read pair information and detecting duplicates.
INFO	2023-04-18 12:28:02	OpticalDuplicateFinder	Large duplicate set. size = 1068
INFO	2023-04-18 12:28:02	OpticalDuplicateFinder	compared         1,000 ReadEnds to others.  Elapsed time: 00:00:00s.  Time for last 1,000:    0s.  Last read position: 0:16,920
INFO	2023-04-18 12:28:02	OpticalDuplicateFinder	Large duplicate set. size = 2091
INFO	2023-04-18 12:28:02	OpticalDuplicateFinder	compared         1,000 ReadEnds to others.  Elapsed time: 00:00:00s.  Time for last 1,000:    0s.  Last read position: 0:16,396
INFO	2023-04-18 12:28:02	OpticalDuplicateFinder	compared         2,000 ReadEnds to others.  Elapsed time: 00:00:00s.  Time for last 1,000:    0s.  Last read position: 0:15,121
INFO	2023-04-18 12:28:02	OpticalDuplicateFinder	Large duplicate set. size = 1662
INFO	2023-04-18 12:28:02	OpticalDuplicateFinder	compared         1,000 ReadEnds to others.  Elapsed time: 00:00:00s.  Time for last 1,000:    0s.  Last read position: 0:18,105
INFO	2023-04-18 12:28:03	OpticalDuplicateFinder	Large duplicate set. size = 4027
INFO	2023-04-18 12:28:03	OpticalDuplicateFinder	compared         1,000 ReadEnds to others.  Elapsed time: 00:00:00s.  Time for last 1,000:    0s.  Last read position: 0:26,892
INFO	2023-04-18 12:28:03	OpticalDuplicateFinder	compared         2,000 ReadEnds to others.  Elapsed time: 00:00:00s.  Time for last 1,000:    0s.  Last read position: 0:18,412
INFO	2023-04-18 12:28:03	OpticalDuplicateFinder	compared         3,000 ReadEnds to others.  Elapsed time: 00:00:00s.  Time for last 1,000:    0s.  Last read position: 0:20,717
INFO	2023-04-18 12:28:03	OpticalDuplicateFinder	compared         4,000 ReadEnds to others.  Elapsed time: 00:00:00s.  Time for last 1,000:    0s.  Last read position: 0:27,778
INFO	2023-04-18 12:28:03	OpticalDuplicateFinder	Large duplicate set. size = 3403
INFO	2023-04-18 12:28:03	OpticalDuplicateFinder	compared         1,000 ReadEnds to others.  Elapsed time: 00:00:00s.  Time for last 1,000:    0s.  Last read position: 0:31,901
INFO	2023-04-18 12:28:03	OpticalDuplicateFinder	compared         2,000 ReadEnds to others.  Elapsed time: 00:00:00s.  Time for last 1,000:    0s.  Last read position: 0:21,594
INFO	2023-04-18 12:28:03	OpticalDuplicateFinder	compared         3,000 ReadEnds to others.  Elapsed time: 00:00:00s.  Time for last 1,000:    0s.  Last read position: 0:13,810
INFO	2023-04-18 12:28:03	OpticalDuplicateFinder	Large duplicate set. size = 1120
INFO	2023-04-18 12:28:03	OpticalDuplicateFinder	compared         1,000 ReadEnds to others.  Elapsed time: 00:00:00s.  Time for last 1,000:    0s.  Last read position: 0:16,848
INFO	2023-04-18 12:28:04	MarkDuplicates	Traversing fragment information and detecting duplicates.
INFO	2023-04-18 12:28:06	MarkDuplicates	Sorting list of duplicate records.
INFO	2023-04-18 12:28:07	MarkDuplicates	After generateDuplicateIndexes freeMemory: 2916413168; totalMemory: 5021523968; maxMemory: 8303607808
INFO	2023-04-18 12:28:07	MarkDuplicates	Marking 8555216 records as duplicates.
INFO	2023-04-18 12:28:07	MarkDuplicates	Found 18821 optical duplicate clusters.
INFO	2023-04-18 12:28:07	MarkDuplicates	Reads are assumed to be ordered by: coordinate
INFO	2023-04-18 12:30:45	MarkDuplicates	Written    10,000,000 records.  Elapsed time: 00:02:37s.  Time for last 10,000,000:  157s.  Last read position: dm6_chr3R:29,976,707
INFO	2023-04-18 12:31:58	MarkDuplicates	Before output close freeMemory: 3953593824; totalMemory: 5021523968; maxMemory: 8303607808
INFO	2023-04-18 12:31:58	MarkDuplicates	After output close freeMemory: 3953592768; totalMemory: 5021523968; maxMemory: 8303607808
[Tue Apr 18 12:31:58 EDT 2023] picard.sam.markduplicates.MarkDuplicates done. Elapsed time: 5.62 minutes.
Runtime.totalMemory()=5021523968
[Tue Apr 18 12:31:59 2023]
Finished job 0.
1 of 1 steps (100%) done
