Building DAG of jobs...
Using shell: /usr/bin/bash
Provided cores: 1 (use --cores to define parallelism)
Rules claiming more threads will be scaled down.
Job counts:
	count	jobs
	1	callThresholdPeaks
	1	convertToBigWig
	2

[Tue Apr 18 13:03:43 2023]
rule convertToBigWig:
    input: BigWig/yw-3LW-wing-ak27ac-pel-Rep2_dm6_trim_q5_dupsRemoved_150to700.bg
    output: BigWig/yw-3LW-wing-ak27ac-pel-Rep2_dm6_trim_q5_dupsRemoved_150to700.bw
    jobid: 1
    wildcards: sample=yw-3LW-wing-ak27ac-pel-Rep2, REFGENOME=dm6, fragType=150to70, normType=0

Activating environment modules: ucsctools/320
[Tue Apr 18 13:03:55 2023]
Finished job 1.
1 of 2 steps (50%) done

[Tue Apr 18 13:03:55 2023]
rule callThresholdPeaks:
    input: BigWig/yw-3LW-wing-ak27ac-pel-Rep2_dm6_trim_q5_dupsRemoved_150to700.bw
    output: Threshold_PeakCalls/yw-3LW-wing-ak27ac-pel-Rep2_dm6_trim_q5_dupsRemoved_150to700_thresholdPeaks.bed
    jobid: 0
    wildcards: sample=yw-3LW-wing-ak27ac-pel-Rep2, REFGENOME=dm6, fragType=150to70, normType=0

Activating environment modules: r/4.1.3
Loading required package: stats4
Loading required package: BiocGenerics

Attaching package: ‘BiocGenerics’

The following objects are masked from ‘package:stats’:

    IQR, mad, sd, var, xtabs

The following objects are masked from ‘package:base’:

    anyDuplicated, append, as.data.frame, basename, cbind, colnames,
    dirname, do.call, duplicated, eval, evalq, Filter, Find, get, grep,
    grepl, intersect, is.unsorted, lapply, Map, mapply, match, mget,
    order, paste, pmax, pmax.int, pmin, pmin.int, Position, rank,
    rbind, Reduce, rownames, sapply, setdiff, sort, table, tapply,
    union, unique, unsplit, which.max, which.min

Loading required package: S4Vectors

Attaching package: ‘S4Vectors’

The following objects are masked from ‘package:base’:

    expand.grid, I, unname

Loading required package: IRanges
Loading required package: GenomeInfoDb
[Tue Apr 18 13:04:26 2023]
Finished job 0.
2 of 2 steps (100%) done
