Building DAG of jobs...
Using shell: /usr/bin/bash
Provided cores: 8
Rules claiming more threads will be scaled down.
Job counts:
	count	jobs
	1	trim_adapter
	1

[Tue Apr 18 11:21:58 2023]
rule trim_adapter:
    input: Fastq/yw-3LW-wing-ak27ac-pel-Rep2_R1.fastq.gz, Fastq/yw-3LW-wing-ak27ac-pel-Rep2_R2.fastq.gz
    output: Fastq/yw-3LW-wing-ak27ac-pel-Rep2_R1_trim.fastq.gz, Fastq/yw-3LW-wing-ak27ac-pel-Rep2_R2_trim.fastq.gz
    log: Logs/yw-3LW-wing-ak27ac-pel-Rep2_adapterStats, Logs/yw-3LW-wing-ak27ac-pel-Rep2_trimStats
    jobid: 0
    wildcards: sample=yw-3LW-wing-ak27ac-pel-Rep2

Activating environment modules: bbmap/38.71
java -ea -Xmx3235m -Xms3235m -cp /nas/longleaf/apps/bbmap/38.71/bbmap/current/ jgi.BBDuk in1=Fastq/yw-3LW-wing-ak27ac-pel-Rep2_R1.fastq.gz in2=Fastq/yw-3LW-wing-ak27ac-pel-Rep2_R2.fastq.gz out1=Fastq/yw-3LW-wing-ak27ac-pel-Rep2_R1_trim.fastq.gz out2=Fastq/yw-3LW-wing-ak27ac-pel-Rep2_R2_trim.fastq.gz ktrim=r ref=adapters rcomp=t tpe=t tbo=t hdist=1 mink=11 stats=Logs/yw-3LW-wing-ak27ac-pel-Rep2_adapterStats
Executing jgi.BBDuk [in1=Fastq/yw-3LW-wing-ak27ac-pel-Rep2_R1.fastq.gz, in2=Fastq/yw-3LW-wing-ak27ac-pel-Rep2_R2.fastq.gz, out1=Fastq/yw-3LW-wing-ak27ac-pel-Rep2_R1_trim.fastq.gz, out2=Fastq/yw-3LW-wing-ak27ac-pel-Rep2_R2_trim.fastq.gz, ktrim=r, ref=adapters, rcomp=t, tpe=t, tbo=t, hdist=1, mink=11, stats=Logs/yw-3LW-wing-ak27ac-pel-Rep2_adapterStats]
Version 38.71

maskMiddle was disabled because useShortKmers=true
0.029 seconds.
Initial:
Memory: max=3252m, total=3252m, free=3184m, used=68m

Added 288411 kmers; time: 	0.150 seconds.
Memory: max=3252m, total=3252m, free=3099m, used=153m

Input is being processed as paired
Started output streams:	0.184 seconds.
[W::bgzf_read_block] [W::bgzf_read_block] EOF marker is absent. The input may be truncatedEOF marker is absent. The input may be truncated

Processing time:   		165.802 seconds.

Input:                  	25092090 reads 		1254604500 bases.
KTrimmed:               	153384 reads (0.61%) 	2305290 bases (0.18%)
Trimmed by overlap:     	194628 reads (0.78%) 	699456 bases (0.06%)
Total Removed:          	368 reads (0.00%) 	3004746 bases (0.24%)
Result:                 	25091722 reads (100.00%) 	1251599754 bases (99.76%)

Time:                         	166.154 seconds.
Reads Processed:      25092k 	151.02k reads/sec
Bases Processed:       1254m 	7.55m bases/sec
[Tue Apr 18 11:24:46 2023]
Finished job 0.
1 of 1 steps (100%) done
