Building DAG of jobs...
Using shell: /usr/bin/bash
Provided cores: 1 (use --cores to define parallelism)
Rules claiming more threads will be scaled down.
Job counts:
	count	jobs
	1	fastqScreen
	1

[Thu Jul  6 10:30:30 2023]
rule fastqScreen:
    input: Fastq/yw-3LW-wing-ak27ac-sup-Rep1_R1_trim.fastq.gz
    output: FQscreen/yw-3LW-wing-ak27ac-sup-Rep1_R1_trim_screen.txt, FQscreen/yw-3LW-wing-ak27ac-sup-Rep1_R1_trim_screen.html
    jobid: 0
    wildcards: sample=yw-3LW-wing-ak27ac-sup-Rep1

Using fastq_screen v0.11.1
Reading configuration from '/proj/mckaylab/genomeFiles/fastq_screen.conf'
Using '/nas/longleaf/apps/bowtie2/2.3.2/bin/bowtie2' as Bowtie 2 path
Adding database Drosophila
Adding database yakuba
Adding database Human
Adding database aPasteurianus
Adding database yeast
Adding database wolbachia
Adding database bovine
Adding database ecoli
Adding database pseudomonas
Adding database variovorax
Adding database mouse
Adding database rabbit
Using 1 threads for searches
Option --subset set to 100000 reads
Processing yw-3LW-wing-ak27ac-sup-Rep1_R1_trim.fastq.gz
Counting sequences in yw-3LW-wing-ak27ac-sup-Rep1_R1_trim.fastq.gz
Making reduced sequence file with ratio 138:1
Searching yw-3LW-wing-ak27ac-sup-Rep1_R1_trim.fastq.gz_temp_subset.fastq against Drosophila
Searching yw-3LW-wing-ak27ac-sup-Rep1_R1_trim.fastq.gz_temp_subset.fastq against yakuba
Searching yw-3LW-wing-ak27ac-sup-Rep1_R1_trim.fastq.gz_temp_subset.fastq against Human
Searching yw-3LW-wing-ak27ac-sup-Rep1_R1_trim.fastq.gz_temp_subset.fastq against aPasteurianus
Searching yw-3LW-wing-ak27ac-sup-Rep1_R1_trim.fastq.gz_temp_subset.fastq against yeast
Searching yw-3LW-wing-ak27ac-sup-Rep1_R1_trim.fastq.gz_temp_subset.fastq against wolbachia
Searching yw-3LW-wing-ak27ac-sup-Rep1_R1_trim.fastq.gz_temp_subset.fastq against bovine
Searching yw-3LW-wing-ak27ac-sup-Rep1_R1_trim.fastq.gz_temp_subset.fastq against ecoli
Searching yw-3LW-wing-ak27ac-sup-Rep1_R1_trim.fastq.gz_temp_subset.fastq against pseudomonas
Searching yw-3LW-wing-ak27ac-sup-Rep1_R1_trim.fastq.gz_temp_subset.fastq against variovorax
Searching yw-3LW-wing-ak27ac-sup-Rep1_R1_trim.fastq.gz_temp_subset.fastq against mouse
Searching yw-3LW-wing-ak27ac-sup-Rep1_R1_trim.fastq.gz_temp_subset.fastq against rabbit
Perl module GD::Graph::bars not installed, skipping charts
Processing complete
[Thu Jul  6 10:32:27 2023]
Finished job 0.
1 of 1 steps (100%) done
