Building DAG of jobs...
Using shell: /usr/bin/bash
Provided cores: 1 (use --cores to define parallelism)
Rules claiming more threads will be scaled down.
Job counts:
	count	jobs
	1	convertToBam
	1

[Tue Apr 18 11:48:36 2023]
rule convertToBam:
    input: Sam/yw-3LW-wing-ak27ac-pel-Rep1_dm6-sacCer3-droYak2_trim.sam
    output: Bam/yw-3LW-wing-ak27ac-pel-Rep1_dm6-sacCer3-droYak2_trim.bam
    jobid: 0
    wildcards: species=dm6-sacCer3-droYak2, sample=yw-3LW-wing-ak27ac-pel-Rep1

Activating environment modules: samtools/1.10
     This module only available for use on a RHEL7 node; please use the default version
/usr/bin/bash: samtools: command not found
[Tue Apr 18 11:48:39 2023]
Error in rule convertToBam:
    jobid: 0
    output: Bam/yw-3LW-wing-ak27ac-pel-Rep1_dm6-sacCer3-droYak2_trim.bam
    shell:
        
		samtools view -b Sam/yw-3LW-wing-ak27ac-pel-Rep1_dm6-sacCer3-droYak2_trim.sam > Bam/yw-3LW-wing-ak27ac-pel-Rep1_dm6-sacCer3-droYak2_trim.bam
		
        (one of the commands exited with non-zero exit code; note that snakemake uses bash strict mode!)

Removing output files of failed job convertToBam since they might be corrupted:
Bam/yw-3LW-wing-ak27ac-pel-Rep1_dm6-sacCer3-droYak2_trim.bam
Shutting down, this might take some time.
Exiting because a job execution failed. Look above for error message
