Building DAG of jobs...
Using shell: /usr/bin/bash
Provided cores: 8
Rules claiming more threads will be scaled down.
Job counts:
	count	jobs
	1	trim_adapter
	1

[Tue Apr 18 11:22:35 2023]
rule trim_adapter:
    input: Fastq/yw-3LW-wing-ak27ac-sup-Rep1_R1.fastq.gz, Fastq/yw-3LW-wing-ak27ac-sup-Rep1_R2.fastq.gz
    output: Fastq/yw-3LW-wing-ak27ac-sup-Rep1_R1_trim.fastq.gz, Fastq/yw-3LW-wing-ak27ac-sup-Rep1_R2_trim.fastq.gz
    log: Logs/yw-3LW-wing-ak27ac-sup-Rep1_trimStats, Logs/yw-3LW-wing-ak27ac-sup-Rep1_adapterStats
    jobid: 0
    wildcards: sample=yw-3LW-wing-ak27ac-sup-Rep1

Activating environment modules: bbmap/38.71
java -ea -Xmx3235m -Xms3235m -cp /nas/longleaf/apps/bbmap/38.71/bbmap/current/ jgi.BBDuk in1=Fastq/yw-3LW-wing-ak27ac-sup-Rep1_R1.fastq.gz in2=Fastq/yw-3LW-wing-ak27ac-sup-Rep1_R2.fastq.gz out1=Fastq/yw-3LW-wing-ak27ac-sup-Rep1_R1_trim.fastq.gz out2=Fastq/yw-3LW-wing-ak27ac-sup-Rep1_R2_trim.fastq.gz ktrim=r ref=adapters rcomp=t tpe=t tbo=t hdist=1 mink=11 stats=Logs/yw-3LW-wing-ak27ac-sup-Rep1_adapterStats
Executing jgi.BBDuk [in1=Fastq/yw-3LW-wing-ak27ac-sup-Rep1_R1.fastq.gz, in2=Fastq/yw-3LW-wing-ak27ac-sup-Rep1_R2.fastq.gz, out1=Fastq/yw-3LW-wing-ak27ac-sup-Rep1_R1_trim.fastq.gz, out2=Fastq/yw-3LW-wing-ak27ac-sup-Rep1_R2_trim.fastq.gz, ktrim=r, ref=adapters, rcomp=t, tpe=t, tbo=t, hdist=1, mink=11, stats=Logs/yw-3LW-wing-ak27ac-sup-Rep1_adapterStats]
Version 38.71

maskMiddle was disabled because useShortKmers=true
0.036 seconds.
Initial:
Memory: max=3252m, total=3252m, free=3184m, used=68m

Added 288411 kmers; time: 	0.142 seconds.
Memory: max=3252m, total=3252m, free=3065m, used=187m

Input is being processed as paired
Started output streams:	0.141 seconds.
[W::bgzf_read_block] EOF marker is absent. The input may be truncated
[W::bgzf_read_block] EOF marker is absent. The input may be truncated
Processing time:   		209.255 seconds.

Input:                  	27508132 reads 		1375406600 bases.
KTrimmed:               	73404 reads (0.27%) 	1178010 bases (0.09%)
Trimmed by overlap:     	77396 reads (0.28%) 	371414 bases (0.03%)
Total Removed:          	2868 reads (0.01%) 	1549424 bases (0.11%)
Result:                 	27505264 reads (99.99%) 	1373857176 bases (99.89%)

Time:                         	209.555 seconds.
Reads Processed:      27508k 	131.27k reads/sec
Bases Processed:       1375m 	6.56m bases/sec
[Tue Apr 18 11:26:07 2023]
Finished job 0.
1 of 1 steps (100%) done
