Building DAG of jobs...
Using shell: /usr/bin/bash
Provided cores: 1 (use --cores to define parallelism)
Rules claiming more threads will be scaled down.
Job counts:
	count	jobs
	3	makeFragmentBedGraphs
	6	makeSpikeNormFragmentBedGraphs
	1	splitFragments
	10

[Thu Jul  6 11:35:14 2023]
rule splitFragments:
    input: Bed/yw-3LW-wing-ak27ac-sup-Rep1_dm6_trim_q5_dupsRemoved.bed
    output: Bed/yw-3LW-wing-ak27ac-sup-Rep1_dm6_trim_q5_dupsRemoved_150to700.bed, Bed/yw-3LW-wing-ak27ac-sup-Rep1_dm6_trim_q5_dupsRemoved_20to120.bed, Bed/yw-3LW-wing-ak27ac-sup-Rep1_dm6_trim_q5_dupsRemoved_allFrags.bed
    jobid: 9
    wildcards: sample=yw-3LW-wing-ak27ac-sup-Rep1, REFGENOME=dm6

[Thu Jul  6 11:35:28 2023]
Finished job 9.
1 of 10 steps (10%) done

[Thu Jul  6 11:35:28 2023]
rule makeSpikeNormFragmentBedGraphs:
    input: Bam/yw-3LW-wing-ak27ac-sup-Rep1_droYak2_trim_q5_dupsRemoved.bam, Bed/yw-3LW-wing-ak27ac-sup-Rep1_dm6_trim_q5_dupsRemoved_allFrags.bed
    output: BigWig/yw-3LW-wing-ak27ac-sup-Rep1_dm6_trim_q5_dupsRemoved_allFrags_droYak2-spikeNorm.bg
    jobid: 4
    wildcards: sample=yw-3LW-wing-ak27ac-sup-Rep1, REFGENOME=dm6, spikeGenome=droYak2, fragType=allFrags

Activating environment modules: bedtools/2.26
[Thu Jul  6 11:35:55 2023]
Finished job 4.
2 of 10 steps (20%) done

[Thu Jul  6 11:35:55 2023]
rule makeSpikeNormFragmentBedGraphs:
    input: Bam/yw-3LW-wing-ak27ac-sup-Rep1_sacCer3_trim_q5_dupsRemoved.bam, Bed/yw-3LW-wing-ak27ac-sup-Rep1_dm6_trim_q5_dupsRemoved_allFrags.bed
    output: BigWig/yw-3LW-wing-ak27ac-sup-Rep1_dm6_trim_q5_dupsRemoved_allFrags_sacCer3-spikeNorm.bg
    jobid: 3
    wildcards: sample=yw-3LW-wing-ak27ac-sup-Rep1, REFGENOME=dm6, spikeGenome=sacCer3, fragType=allFrags

Activating environment modules: bedtools/2.26
[Thu Jul  6 11:36:19 2023]
Finished job 3.
3 of 10 steps (30%) done

[Thu Jul  6 11:36:20 2023]
rule makeFragmentBedGraphs:
    input: Bed/yw-3LW-wing-ak27ac-sup-Rep1_dm6_trim_q5_dupsRemoved_allFrags.bed
    output: BigWig/yw-3LW-wing-ak27ac-sup-Rep1_dm6_trim_q5_dupsRemoved_allFrags_rpgcNorm.bg, BigWig/yw-3LW-wing-ak27ac-sup-Rep1_dm6_trim_q5_dupsRemoved_allFrags.bg
    jobid: 7
    wildcards: sample=yw-3LW-wing-ak27ac-sup-Rep1, REFGENOME=dm6, fragType=allFrags

Activating environment modules: bedtools/2.26
[Thu Jul  6 11:37:09 2023]
Finished job 7.
4 of 10 steps (40%) done

[Thu Jul  6 11:37:09 2023]
rule makeSpikeNormFragmentBedGraphs:
    input: Bam/yw-3LW-wing-ak27ac-sup-Rep1_droYak2_trim_q5_dupsRemoved.bam, Bed/yw-3LW-wing-ak27ac-sup-Rep1_dm6_trim_q5_dupsRemoved_150to700.bed
    output: BigWig/yw-3LW-wing-ak27ac-sup-Rep1_dm6_trim_q5_dupsRemoved_150to700_droYak2-spikeNorm.bg
    jobid: 6
    wildcards: sample=yw-3LW-wing-ak27ac-sup-Rep1, REFGENOME=dm6, spikeGenome=droYak2, fragType=150to700

Activating environment modules: bedtools/2.26
[Thu Jul  6 11:37:31 2023]
Finished job 6.
5 of 10 steps (50%) done

[Thu Jul  6 11:37:31 2023]
rule makeSpikeNormFragmentBedGraphs:
    input: Bam/yw-3LW-wing-ak27ac-sup-Rep1_sacCer3_trim_q5_dupsRemoved.bam, Bed/yw-3LW-wing-ak27ac-sup-Rep1_dm6_trim_q5_dupsRemoved_150to700.bed
    output: BigWig/yw-3LW-wing-ak27ac-sup-Rep1_dm6_trim_q5_dupsRemoved_150to700_sacCer3-spikeNorm.bg
    jobid: 5
    wildcards: sample=yw-3LW-wing-ak27ac-sup-Rep1, REFGENOME=dm6, spikeGenome=sacCer3, fragType=150to700

Activating environment modules: bedtools/2.26
[Thu Jul  6 11:37:52 2023]
Finished job 5.
6 of 10 steps (60%) done

[Thu Jul  6 11:37:52 2023]
rule makeFragmentBedGraphs:
    input: Bed/yw-3LW-wing-ak27ac-sup-Rep1_dm6_trim_q5_dupsRemoved_150to700.bed
    output: BigWig/yw-3LW-wing-ak27ac-sup-Rep1_dm6_trim_q5_dupsRemoved_150to700_rpgcNorm.bg, BigWig/yw-3LW-wing-ak27ac-sup-Rep1_dm6_trim_q5_dupsRemoved_150to700.bg
    jobid: 0
    wildcards: sample=yw-3LW-wing-ak27ac-sup-Rep1, REFGENOME=dm6, fragType=150to700

Activating environment modules: bedtools/2.26
[Thu Jul  6 11:38:32 2023]
Finished job 0.
7 of 10 steps (70%) done

[Thu Jul  6 11:38:32 2023]
rule makeSpikeNormFragmentBedGraphs:
    input: Bam/yw-3LW-wing-ak27ac-sup-Rep1_droYak2_trim_q5_dupsRemoved.bam, Bed/yw-3LW-wing-ak27ac-sup-Rep1_dm6_trim_q5_dupsRemoved_20to120.bed
    output: BigWig/yw-3LW-wing-ak27ac-sup-Rep1_dm6_trim_q5_dupsRemoved_20to120_droYak2-spikeNorm.bg
    jobid: 2
    wildcards: sample=yw-3LW-wing-ak27ac-sup-Rep1, REFGENOME=dm6, spikeGenome=droYak2, fragType=20to120

Activating environment modules: bedtools/2.26
[Thu Jul  6 11:38:39 2023]
Finished job 2.
8 of 10 steps (80%) done

[Thu Jul  6 11:38:39 2023]
rule makeSpikeNormFragmentBedGraphs:
    input: Bam/yw-3LW-wing-ak27ac-sup-Rep1_sacCer3_trim_q5_dupsRemoved.bam, Bed/yw-3LW-wing-ak27ac-sup-Rep1_dm6_trim_q5_dupsRemoved_20to120.bed
    output: BigWig/yw-3LW-wing-ak27ac-sup-Rep1_dm6_trim_q5_dupsRemoved_20to120_sacCer3-spikeNorm.bg
    jobid: 1
    wildcards: sample=yw-3LW-wing-ak27ac-sup-Rep1, REFGENOME=dm6, spikeGenome=sacCer3, fragType=20to120

Activating environment modules: bedtools/2.26
[Thu Jul  6 11:38:44 2023]
Finished job 1.
9 of 10 steps (90%) done

[Thu Jul  6 11:38:44 2023]
rule makeFragmentBedGraphs:
    input: Bed/yw-3LW-wing-ak27ac-sup-Rep1_dm6_trim_q5_dupsRemoved_20to120.bed
    output: BigWig/yw-3LW-wing-ak27ac-sup-Rep1_dm6_trim_q5_dupsRemoved_20to120_rpgcNorm.bg, BigWig/yw-3LW-wing-ak27ac-sup-Rep1_dm6_trim_q5_dupsRemoved_20to120.bg
    jobid: 8
    wildcards: sample=yw-3LW-wing-ak27ac-sup-Rep1, REFGENOME=dm6, fragType=20to120

Activating environment modules: bedtools/2.26
[Thu Jul  6 11:38:53 2023]
Finished job 8.
10 of 10 steps (100%) done
