Building DAG of jobs...
Using shell: /usr/bin/bash
Provided cores: 1 (use --cores to define parallelism)
Rules claiming more threads will be scaled down.
Job counts:
	count	jobs
	1	callPeaks
	1

[Thu Jul  6 11:23:10 2023]
rule callPeaks:
    input: Bed/yw-3LW-wing-ak27ac-pel-Rep1_dm6_trim_q5_dupsRemoved_allFrags.bed
    output: Peaks/yw-3LW-wing-ak27ac-pel-Rep1_dm6_trim_q5_dupsRemoved_allFrags_peaks.narrowPeak
    jobid: 0
    wildcards: sample=yw-3LW-wing-ak27ac-pel-Rep1, fragType=allFrags, REFGENOME=dm6

Activating environment modules: macs/2.1.2
INFO  @ Thu, 06 Jul 2023 11:23:12: 
# Command line: callpeak -f BEDPE -c /proj/mckaylab/genomeFiles/dm6/ControlGenomicDNA/ControlGenomicDNA_trim_q5_dupsRemoved.bed -n Peaks/yw-3LW-wing-ak27ac-pel-Rep1_dm6_trim_q5_dupsRemoved_allFrags -g 121400000 -t Bed/yw-3LW-wing-ak27ac-pel-Rep1_dm6_trim_q5_dupsRemoved_allFrags.bed --nomodel --seed 123
# ARGUMENTS LIST:
# name = Peaks/yw-3LW-wing-ak27ac-pel-Rep1_dm6_trim_q5_dupsRemoved_allFrags
# format = BEDPE
# ChIP-seq file = ['Bed/yw-3LW-wing-ak27ac-pel-Rep1_dm6_trim_q5_dupsRemoved_allFrags.bed']
# control file = ['/proj/mckaylab/genomeFiles/dm6/ControlGenomicDNA/ControlGenomicDNA_trim_q5_dupsRemoved.bed']
# effective genome size = 1.21e+08
# band width = 300
# model fold = [5, 50]
# qvalue cutoff = 5.00e-02
# The maximum gap between significant sites is assigned as the read length/tag size.
# The minimum length of peaks is assigned as the predicted fragment length "d".
# Larger dataset will be scaled towards smaller dataset.
# Range for calculating regional lambda is: 1000 bps and 10000 bps
# Broad region calling is off
# Paired-End mode is on
 
INFO  @ Thu, 06 Jul 2023 11:23:12: #1 read fragment files... 
INFO  @ Thu, 06 Jul 2023 11:23:12: #1 read treatment fragments... 
INFO  @ Thu, 06 Jul 2023 11:23:14:  1000000 
INFO  @ Thu, 06 Jul 2023 11:23:17:  2000000 
INFO  @ Thu, 06 Jul 2023 11:23:19: #1.2 read input fragments... 
INFO  @ Thu, 06 Jul 2023 11:23:21:  1000000 
INFO  @ Thu, 06 Jul 2023 11:23:24:  2000000 
INFO  @ Thu, 06 Jul 2023 11:23:26:  3000000 
INFO  @ Thu, 06 Jul 2023 11:23:28:  4000000 
INFO  @ Thu, 06 Jul 2023 11:23:30:  5000000 
INFO  @ Thu, 06 Jul 2023 11:23:33:  6000000 
INFO  @ Thu, 06 Jul 2023 11:23:35:  7000000 
INFO  @ Thu, 06 Jul 2023 11:23:37:  8000000 
INFO  @ Thu, 06 Jul 2023 11:23:39:  9000000 
INFO  @ Thu, 06 Jul 2023 11:23:42:  10000000 
INFO  @ Thu, 06 Jul 2023 11:23:51: #1 mean fragment size is determined as 149.1 bp from treatment 
INFO  @ Thu, 06 Jul 2023 11:23:51: #1 note: mean fragment size in control is 35.0 bp -- value ignored 
INFO  @ Thu, 06 Jul 2023 11:23:51: #1 fragment size = 149.1 
INFO  @ Thu, 06 Jul 2023 11:23:51: #1  total fragments in treatment: 2452607 
INFO  @ Thu, 06 Jul 2023 11:23:51: #1 user defined the maximum fragments... 
INFO  @ Thu, 06 Jul 2023 11:23:51: #1 filter out redundant fragments by allowing at most 1 identical fragment(s) 
INFO  @ Thu, 06 Jul 2023 11:24:01: #1  fragments after filtering in treatment: 2448279 
INFO  @ Thu, 06 Jul 2023 11:24:01: #1  Redundant rate of treatment: 0.00 
INFO  @ Thu, 06 Jul 2023 11:24:01: #1  total fragments in control: 10595298 
INFO  @ Thu, 06 Jul 2023 11:24:01: #1 user defined the maximum fragments... 
INFO  @ Thu, 06 Jul 2023 11:24:01: #1 filter out redundant fragments by allowing at most 1 identical fragment(s) 
INFO  @ Thu, 06 Jul 2023 11:24:42: #1  fragments after filtering in control: 10336068 
INFO  @ Thu, 06 Jul 2023 11:24:42: #1  Redundant rate of control: 0.02 
INFO  @ Thu, 06 Jul 2023 11:24:42: #1 finished! 
INFO  @ Thu, 06 Jul 2023 11:24:42: #2 Build Peak Model... 
INFO  @ Thu, 06 Jul 2023 11:24:42: #2 Skipped... 
INFO  @ Thu, 06 Jul 2023 11:24:42: #3 Call peaks... 
INFO  @ Thu, 06 Jul 2023 11:24:42: #3 Pre-compute pvalue-qvalue table... 
INFO  @ Thu, 06 Jul 2023 11:26:41: #3 Call peaks for each chromosome... 
INFO  @ Thu, 06 Jul 2023 11:27:55: #4 Write output xls file... Peaks/yw-3LW-wing-ak27ac-pel-Rep1_dm6_trim_q5_dupsRemoved_allFrags_peaks.xls 
INFO  @ Thu, 06 Jul 2023 11:27:55: #4 Write peak in narrowPeak format file... Peaks/yw-3LW-wing-ak27ac-pel-Rep1_dm6_trim_q5_dupsRemoved_allFrags_peaks.narrowPeak 
INFO  @ Thu, 06 Jul 2023 11:27:55: #4 Write summits bed file... Peaks/yw-3LW-wing-ak27ac-pel-Rep1_dm6_trim_q5_dupsRemoved_allFrags_summits.bed 
INFO  @ Thu, 06 Jul 2023 11:27:55: Done! 
[Thu Jul  6 11:27:55 2023]
Finished job 0.
1 of 1 steps (100%) done
