Building DAG of jobs...
Using shell: /usr/bin/bash
Provided cores: 1 (use --cores to define parallelism)
Rules claiming more threads will be scaled down.
Job counts:
	count	jobs
	1	callThresholdPeaks
	1

[Wed Jul  5 14:16:43 2023]
rule callThresholdPeaks:
    input: BigWig/yw-3LW-wing-ak27ac-pel-Rep2_dm6_trim_q5_dupsRemoved_allFrags_rpgcNorm.bw
    output: Threshold_PeakCalls/yw-3LW-wing-ak27ac-pel-Rep2_dm6_trim_q5_dupsRemoved_allFrags_rpgcNorm_thresholdPeaks.bed
    jobid: 0
    wildcards: normType=m, REFGENOME=dm6, sample=yw-3LW-wing-ak27ac-pel-Rep2, fragType=allFrags_rpgcNor

Activating environment modules: r/4.1.3
Loading required package: stats4
Loading required package: BiocGenerics

Attaching package: ‘BiocGenerics’

The following objects are masked from ‘package:stats’:

    IQR, mad, sd, var, xtabs

The following objects are masked from ‘package:base’:

    anyDuplicated, append, as.data.frame, basename, cbind, colnames,
    dirname, do.call, duplicated, eval, evalq, Filter, Find, get, grep,
    grepl, intersect, is.unsorted, lapply, Map, mapply, match, mget,
    order, paste, pmax, pmax.int, pmin, pmin.int, Position, rank,
    rbind, Reduce, rownames, sapply, setdiff, sort, table, tapply,
    union, unique, unsplit, which.max, which.min

Loading required package: S4Vectors

Attaching package: ‘S4Vectors’

The following objects are masked from ‘package:base’:

    expand.grid, I, unname

Loading required package: IRanges
Loading required package: GenomeInfoDb
[Wed Jul  5 14:17:17 2023]
Finished job 0.
1 of 1 steps (100%) done
