Building DAG of jobs...
Using shell: /usr/bin/bash
Provided cores: 1 (use --cores to define parallelism)
Rules claiming more threads will be scaled down.
Job counts:
	count	jobs
	3	makeFragmentBedGraphs
	6	makeSpikeNormFragmentBedGraphs
	1	splitFragments
	10

[Tue Apr 18 12:43:11 2023]
rule splitFragments:
    input: Bed/yw-3LW-wing-ak27ac-pel-Rep1_dm6_trim_q5_dupsRemoved.bed
    output: Bed/yw-3LW-wing-ak27ac-pel-Rep1_dm6_trim_q5_dupsRemoved_150to700.bed, Bed/yw-3LW-wing-ak27ac-pel-Rep1_dm6_trim_q5_dupsRemoved_20to120.bed, Bed/yw-3LW-wing-ak27ac-pel-Rep1_dm6_trim_q5_dupsRemoved_allFrags.bed
    jobid: 9
    wildcards: REFGENOME=dm6, sample=yw-3LW-wing-ak27ac-pel-Rep1

[Tue Apr 18 12:43:23 2023]
Finished job 9.
1 of 10 steps (10%) done

[Tue Apr 18 12:43:23 2023]
rule makeSpikeNormFragmentBedGraphs:
    input: Bam/yw-3LW-wing-ak27ac-pel-Rep1_droYak2_trim_q5_dupsRemoved.bam, Bed/yw-3LW-wing-ak27ac-pel-Rep1_dm6_trim_q5_dupsRemoved_allFrags.bed
    output: BigWig/yw-3LW-wing-ak27ac-pel-Rep1_dm6_trim_q5_dupsRemoved_allFrags_droYak2-spikeNorm.bg
    jobid: 6
    wildcards: fragType=allFrags, REFGENOME=dm6, spikeGenome=droYak2, sample=yw-3LW-wing-ak27ac-pel-Rep1

Activating environment modules: bedtools/2.26
[Tue Apr 18 12:43:51 2023]
Finished job 6.
2 of 10 steps (20%) done

[Tue Apr 18 12:43:51 2023]
rule makeSpikeNormFragmentBedGraphs:
    input: Bam/yw-3LW-wing-ak27ac-pel-Rep1_sacCer3_trim_q5_dupsRemoved.bam, Bed/yw-3LW-wing-ak27ac-pel-Rep1_dm6_trim_q5_dupsRemoved_allFrags.bed
    output: BigWig/yw-3LW-wing-ak27ac-pel-Rep1_dm6_trim_q5_dupsRemoved_allFrags_sacCer3-spikeNorm.bg
    jobid: 7
    wildcards: fragType=allFrags, REFGENOME=dm6, spikeGenome=sacCer3, sample=yw-3LW-wing-ak27ac-pel-Rep1

Activating environment modules: bedtools/2.26
[Tue Apr 18 12:44:15 2023]
Finished job 7.
3 of 10 steps (30%) done

[Tue Apr 18 12:44:15 2023]
rule makeFragmentBedGraphs:
    input: Bed/yw-3LW-wing-ak27ac-pel-Rep1_dm6_trim_q5_dupsRemoved_allFrags.bed
    output: BigWig/yw-3LW-wing-ak27ac-pel-Rep1_dm6_trim_q5_dupsRemoved_allFrags_rpgcNorm.bg, BigWig/yw-3LW-wing-ak27ac-pel-Rep1_dm6_trim_q5_dupsRemoved_allFrags.bg
    jobid: 3
    wildcards: fragType=allFrags, REFGENOME=dm6, sample=yw-3LW-wing-ak27ac-pel-Rep1

Activating environment modules: bedtools/2.26
[Tue Apr 18 12:45:04 2023]
Finished job 3.
4 of 10 steps (40%) done

[Tue Apr 18 12:45:04 2023]
rule makeSpikeNormFragmentBedGraphs:
    input: Bam/yw-3LW-wing-ak27ac-pel-Rep1_droYak2_trim_q5_dupsRemoved.bam, Bed/yw-3LW-wing-ak27ac-pel-Rep1_dm6_trim_q5_dupsRemoved_150to700.bed
    output: BigWig/yw-3LW-wing-ak27ac-pel-Rep1_dm6_trim_q5_dupsRemoved_150to700_droYak2-spikeNorm.bg
    jobid: 1
    wildcards: fragType=150to700, REFGENOME=dm6, spikeGenome=droYak2, sample=yw-3LW-wing-ak27ac-pel-Rep1

Activating environment modules: bedtools/2.26
[Tue Apr 18 12:45:17 2023]
Finished job 1.
5 of 10 steps (50%) done

[Tue Apr 18 12:45:17 2023]
rule makeSpikeNormFragmentBedGraphs:
    input: Bam/yw-3LW-wing-ak27ac-pel-Rep1_droYak2_trim_q5_dupsRemoved.bam, Bed/yw-3LW-wing-ak27ac-pel-Rep1_dm6_trim_q5_dupsRemoved_20to120.bed
    output: BigWig/yw-3LW-wing-ak27ac-pel-Rep1_dm6_trim_q5_dupsRemoved_20to120_droYak2-spikeNorm.bg
    jobid: 4
    wildcards: fragType=20to120, REFGENOME=dm6, spikeGenome=droYak2, sample=yw-3LW-wing-ak27ac-pel-Rep1

Activating environment modules: bedtools/2.26
[Tue Apr 18 12:45:30 2023]
Finished job 4.
6 of 10 steps (60%) done

[Tue Apr 18 12:45:30 2023]
rule makeSpikeNormFragmentBedGraphs:
    input: Bam/yw-3LW-wing-ak27ac-pel-Rep1_sacCer3_trim_q5_dupsRemoved.bam, Bed/yw-3LW-wing-ak27ac-pel-Rep1_dm6_trim_q5_dupsRemoved_150to700.bed
    output: BigWig/yw-3LW-wing-ak27ac-pel-Rep1_dm6_trim_q5_dupsRemoved_150to700_sacCer3-spikeNorm.bg
    jobid: 0
    wildcards: fragType=150to700, REFGENOME=dm6, spikeGenome=sacCer3, sample=yw-3LW-wing-ak27ac-pel-Rep1

Activating environment modules: bedtools/2.26
[Tue Apr 18 12:45:42 2023]
Finished job 0.
7 of 10 steps (70%) done

[Tue Apr 18 12:45:42 2023]
rule makeFragmentBedGraphs:
    input: Bed/yw-3LW-wing-ak27ac-pel-Rep1_dm6_trim_q5_dupsRemoved_150to700.bed
    output: BigWig/yw-3LW-wing-ak27ac-pel-Rep1_dm6_trim_q5_dupsRemoved_150to700_rpgcNorm.bg, BigWig/yw-3LW-wing-ak27ac-pel-Rep1_dm6_trim_q5_dupsRemoved_150to700.bg
    jobid: 8
    wildcards: fragType=150to700, REFGENOME=dm6, sample=yw-3LW-wing-ak27ac-pel-Rep1

Activating environment modules: bedtools/2.26
[Tue Apr 18 12:46:05 2023]
Finished job 8.
8 of 10 steps (80%) done

[Tue Apr 18 12:46:05 2023]
rule makeSpikeNormFragmentBedGraphs:
    input: Bam/yw-3LW-wing-ak27ac-pel-Rep1_sacCer3_trim_q5_dupsRemoved.bam, Bed/yw-3LW-wing-ak27ac-pel-Rep1_dm6_trim_q5_dupsRemoved_20to120.bed
    output: BigWig/yw-3LW-wing-ak27ac-pel-Rep1_dm6_trim_q5_dupsRemoved_20to120_sacCer3-spikeNorm.bg
    jobid: 2
    wildcards: fragType=20to120, REFGENOME=dm6, spikeGenome=sacCer3, sample=yw-3LW-wing-ak27ac-pel-Rep1

Activating environment modules: bedtools/2.26
[Tue Apr 18 12:46:16 2023]
Finished job 2.
9 of 10 steps (90%) done

[Tue Apr 18 12:46:16 2023]
rule makeFragmentBedGraphs:
    input: Bed/yw-3LW-wing-ak27ac-pel-Rep1_dm6_trim_q5_dupsRemoved_20to120.bed
    output: BigWig/yw-3LW-wing-ak27ac-pel-Rep1_dm6_trim_q5_dupsRemoved_20to120_rpgcNorm.bg, BigWig/yw-3LW-wing-ak27ac-pel-Rep1_dm6_trim_q5_dupsRemoved_20to120.bg
    jobid: 5
    wildcards: fragType=20to120, REFGENOME=dm6, sample=yw-3LW-wing-ak27ac-pel-Rep1

Activating environment modules: bedtools/2.26
[Tue Apr 18 12:46:36 2023]
Finished job 5.
10 of 10 steps (100%) done
