Building DAG of jobs...
Using shell: /usr/bin/bash
Provided cores: 1 (use --cores to define parallelism)
Rules claiming more threads will be scaled down.
Job counts:
	count	jobs
	1	makeFragmentSizePlots_inPeaks
	1

[Tue Apr 18 12:53:36 2023]
rule makeFragmentSizePlots_inPeaks:
    input: Peaks/yw-3LW-wing-ak27ac-pel-Rep1_dm6_trim_q5_dupsRemoved_allFrags_peaks.narrowPeak, Bed/yw-3LW-wing-ak27ac-pel-Rep1_dm6_trim_q5_dupsRemoved_allFrags.bed
    output: Plots/FragDistInPeaks/yw-3LW-wing-ak27ac-pel-Rep1_dm6_trim_q5_allFrags_fragDistPlot.png
    jobid: 0
    wildcards: sample=yw-3LW-wing-ak27ac-pel-Rep1, REFGENOME=dm6

Activating environment modules: r/4.1.3

Attaching package: ‘dplyr’

The following objects are masked from ‘package:stats’:

    filter, lag

The following objects are masked from ‘package:base’:

    intersect, setdiff, setequal, union

Loading required package: stats4
Loading required package: BiocGenerics

Attaching package: ‘BiocGenerics’

The following objects are masked from ‘package:dplyr’:

    combine, intersect, setdiff, union

The following objects are masked from ‘package:stats’:

    IQR, mad, sd, var, xtabs

The following objects are masked from ‘package:base’:

    anyDuplicated, append, as.data.frame, basename, cbind, colnames,
    dirname, do.call, duplicated, eval, evalq, Filter, Find, get, grep,
    grepl, intersect, is.unsorted, lapply, Map, mapply, match, mget,
    order, paste, pmax, pmax.int, pmin, pmin.int, Position, rank,
    rbind, Reduce, rownames, sapply, setdiff, sort, table, tapply,
    union, unique, unsplit, which.max, which.min

Loading required package: S4Vectors

Attaching package: ‘S4Vectors’

The following objects are masked from ‘package:dplyr’:

    first, rename

The following objects are masked from ‘package:base’:

    expand.grid, I, unname

Loading required package: IRanges

Attaching package: ‘IRanges’

The following objects are masked from ‘package:dplyr’:

    collapse, desc, slice

Loading required package: GenomeInfoDb
[Tue Apr 18 12:54:28 2023]
Finished job 0.
1 of 1 steps (100%) done
