Building DAG of jobs...
Using shell: /usr/bin/bash
Provided cores: 1 (use --cores to define parallelism)
Rules claiming more threads will be scaled down.
Job counts:
	count	jobs
	1	markDups
	1

[Thu Jul  6 11:09:36 2023]
rule markDups:
    input: Bam/yw-3LW-wing-ak27ac-pel-Rep2_dm6-sacCer3-droYak2_trim_q5.bam
    output: Bam/yw-3LW-wing-ak27ac-pel-Rep2_dm6-sacCer3-droYak2_trim_q5_dupsMarked.bam, Bam/yw-3LW-wing-ak27ac-pel-Rep2_dm6-sacCer3-droYak2_trim_q5_sorted.bam, PCRdups/yw-3LW-wing-ak27ac-pel-Rep2_dm6-sacCer3-droYak2_trim_PCR_duplicates
    jobid: 0
    wildcards: sample=yw-3LW-wing-ak27ac-pel-Rep2, species=dm6-sacCer3-droYak2

Activating environment modules: picard/2.2.4
[Thu Jul 06 11:09:39 EDT 2023] picard.sam.SortSam INPUT=Bam/yw-3LW-wing-ak27ac-pel-Rep2_dm6-sacCer3-droYak2_trim_q5.bam OUTPUT=Bam/yw-3LW-wing-ak27ac-pel-Rep2_dm6-sacCer3-droYak2_trim_q5_sorted.bam SORT_ORDER=coordinate    VERBOSITY=INFO QUIET=false VALIDATION_STRINGENCY=STRICT COMPRESSION_LEVEL=5 MAX_RECORDS_IN_RAM=500000 CREATE_INDEX=false CREATE_MD5_FILE=false GA4GH_CLIENT_SECRETS=client_secrets.json
[Thu Jul 06 11:09:39 EDT 2023] Executing as mjn15@c0537.ll.unc.edu on Linux 4.18.0-348.2.1.el8_5.x86_64 amd64; OpenJDK 64-Bit Server VM 1.8.0_352-b08; Picard version: 2.2.4(920e3247c340720b009f2398c1b93cce132c9bed_1461793281) IntelDeflater
INFO	2023-07-06 11:11:34	SortSam	Read    10,000,000 records.  Elapsed time: 00:01:54s.  Time for last 10,000,000:  114s.  Last read position: droYak2_chr2R:917,248
INFO	2023-07-06 11:13:12	SortSam	Finished reading inputs, merging and writing to output now.
INFO	2023-07-06 11:14:41	SortSam	Wrote    10,000,000 records from a sorting collection.  Elapsed time: 00:05:02s.  Time for last 10,000,000:   88s.  Last read position: dm6_chr3L:8,947,504
[Thu Jul 06 11:15:58 EDT 2023] picard.sam.SortSam done. Elapsed time: 6.32 minutes.
Runtime.totalMemory()=2076049408
[Thu Jul 06 11:15:59 EDT 2023] picard.sam.markduplicates.MarkDuplicates TAGGING_POLICY=All INPUT=[Bam/yw-3LW-wing-ak27ac-pel-Rep2_dm6-sacCer3-droYak2_trim_q5_sorted.bam] OUTPUT=Bam/yw-3LW-wing-ak27ac-pel-Rep2_dm6-sacCer3-droYak2_trim_q5_dupsMarked.bam METRICS_FILE=PCRdups/yw-3LW-wing-ak27ac-pel-Rep2_dm6-sacCer3-droYak2_trim_PCR_duplicates REMOVE_DUPLICATES=false ASSUME_SORTED=true    MAX_SEQUENCES_FOR_DISK_READ_ENDS_MAP=50000 MAX_FILE_HANDLES_FOR_READ_ENDS_MAP=8000 SORTING_COLLECTION_SIZE_RATIO=0.25 REMOVE_SEQUENCING_DUPLICATES=false DUPLICATE_SCORING_STRATEGY=SUM_OF_BASE_QUALITIES PROGRAM_RECORD_ID=MarkDuplicates PROGRAM_GROUP_NAME=MarkDuplicates READ_NAME_REGEX=<optimized capture of last three ':' separated fields as numeric values> OPTICAL_DUPLICATE_PIXEL_DISTANCE=100 VERBOSITY=INFO QUIET=false VALIDATION_STRINGENCY=STRICT COMPRESSION_LEVEL=5 MAX_RECORDS_IN_RAM=500000 CREATE_INDEX=false CREATE_MD5_FILE=false GA4GH_CLIENT_SECRETS=client_secrets.json
[Thu Jul 06 11:15:59 EDT 2023] Executing as mjn15@c0537.ll.unc.edu on Linux 4.18.0-348.2.1.el8_5.x86_64 amd64; OpenJDK 64-Bit Server VM 1.8.0_352-b08; Picard version: 2.2.4(920e3247c340720b009f2398c1b93cce132c9bed_1461793281) IntelDeflater
INFO	2023-07-06 11:15:59	MarkDuplicates	Start of doWork freeMemory: 2062982336; totalMemory: 2076049408; maxMemory: 8303607808
INFO	2023-07-06 11:15:59	MarkDuplicates	Reading input file and constructing read end information.
INFO	2023-07-06 11:15:59	MarkDuplicates	Will retain up to 31936953 data points before spilling to disk.
INFO	2023-07-06 11:16:08	MarkDuplicates	Read     1,000,000 records.  Elapsed time: 00:00:09s.  Time for last 1,000,000:    9s.  Last read position: droYak2_chr2R:18,727,373
INFO	2023-07-06 11:16:08	MarkDuplicates	Tracking 4 as yet unmatched pairs. 4 records in RAM.
INFO	2023-07-06 11:16:14	MarkDuplicates	Read     2,000,000 records.  Elapsed time: 00:00:15s.  Time for last 1,000,000:    5s.  Last read position: droYak2_chr3R:20,399,340
INFO	2023-07-06 11:16:14	MarkDuplicates	Tracking 4 as yet unmatched pairs. 4 records in RAM.
INFO	2023-07-06 11:16:19	MarkDuplicates	Read     3,000,000 records.  Elapsed time: 00:00:20s.  Time for last 1,000,000:    4s.  Last read position: dm6_chr2L:844,937
INFO	2023-07-06 11:16:19	MarkDuplicates	Tracking 6 as yet unmatched pairs. 6 records in RAM.
INFO	2023-07-06 11:16:24	MarkDuplicates	Read     4,000,000 records.  Elapsed time: 00:00:25s.  Time for last 1,000,000:    5s.  Last read position: dm6_chr2L:8,858,939
INFO	2023-07-06 11:16:24	MarkDuplicates	Tracking 10 as yet unmatched pairs. 10 records in RAM.
INFO	2023-07-06 11:16:29	MarkDuplicates	Read     5,000,000 records.  Elapsed time: 00:00:30s.  Time for last 1,000,000:    4s.  Last read position: dm6_chr2L:16,986,684
INFO	2023-07-06 11:16:29	MarkDuplicates	Tracking 4 as yet unmatched pairs. 4 records in RAM.
INFO	2023-07-06 11:16:34	MarkDuplicates	Read     6,000,000 records.  Elapsed time: 00:00:35s.  Time for last 1,000,000:    4s.  Last read position: dm6_chr2R:3,526,183
INFO	2023-07-06 11:16:34	MarkDuplicates	Tracking 8 as yet unmatched pairs. 8 records in RAM.
INFO	2023-07-06 11:16:39	MarkDuplicates	Read     7,000,000 records.  Elapsed time: 00:00:40s.  Time for last 1,000,000:    4s.  Last read position: dm6_chr2R:11,205,964
INFO	2023-07-06 11:16:39	MarkDuplicates	Tracking 4 as yet unmatched pairs. 4 records in RAM.
INFO	2023-07-06 11:16:44	MarkDuplicates	Read     8,000,000 records.  Elapsed time: 00:00:44s.  Time for last 1,000,000:    4s.  Last read position: dm6_chr2R:18,853,148
INFO	2023-07-06 11:16:44	MarkDuplicates	Tracking 104 as yet unmatched pairs. 104 records in RAM.
INFO	2023-07-06 11:16:49	MarkDuplicates	Read     9,000,000 records.  Elapsed time: 00:00:50s.  Time for last 1,000,000:    5s.  Last read position: dm6_chr3L:884,441
INFO	2023-07-06 11:16:49	MarkDuplicates	Tracking 2 as yet unmatched pairs. 2 records in RAM.
INFO	2023-07-06 11:16:54	MarkDuplicates	Read    10,000,000 records.  Elapsed time: 00:00:54s.  Time for last 1,000,000:    4s.  Last read position: dm6_chr3L:8,947,504
INFO	2023-07-06 11:16:54	MarkDuplicates	Tracking 6 as yet unmatched pairs. 6 records in RAM.
INFO	2023-07-06 11:16:59	MarkDuplicates	Read    11,000,000 records.  Elapsed time: 00:00:59s.  Time for last 1,000,000:    4s.  Last read position: dm6_chr3L:16,495,039
INFO	2023-07-06 11:16:59	MarkDuplicates	Tracking 34 as yet unmatched pairs. 34 records in RAM.
INFO	2023-07-06 11:17:06	MarkDuplicates	Read    12,000,000 records.  Elapsed time: 00:01:06s.  Time for last 1,000,000:    6s.  Last read position: dm6_chr3L:24,264,573
INFO	2023-07-06 11:17:06	MarkDuplicates	Tracking 6 as yet unmatched pairs. 6 records in RAM.
INFO	2023-07-06 11:17:11	MarkDuplicates	Read    13,000,000 records.  Elapsed time: 00:01:11s.  Time for last 1,000,000:    5s.  Last read position: dm6_chr3R:8,113,982
INFO	2023-07-06 11:17:11	MarkDuplicates	Tracking 26 as yet unmatched pairs. 26 records in RAM.
INFO	2023-07-06 11:17:16	MarkDuplicates	Read    14,000,000 records.  Elapsed time: 00:01:16s.  Time for last 1,000,000:    5s.  Last read position: dm6_chr3R:16,010,451
INFO	2023-07-06 11:17:16	MarkDuplicates	Tracking 10 as yet unmatched pairs. 10 records in RAM.
INFO	2023-07-06 11:17:21	MarkDuplicates	Read    15,000,000 records.  Elapsed time: 00:01:21s.  Time for last 1,000,000:    4s.  Last read position: dm6_chr3R:23,885,774
INFO	2023-07-06 11:17:21	MarkDuplicates	Tracking 32 as yet unmatched pairs. 32 records in RAM.
INFO	2023-07-06 11:17:26	MarkDuplicates	Read    16,000,000 records.  Elapsed time: 00:01:26s.  Time for last 1,000,000:    5s.  Last read position: dm6_chr3R:31,916,558
INFO	2023-07-06 11:17:26	MarkDuplicates	Tracking 6 as yet unmatched pairs. 6 records in RAM.
INFO	2023-07-06 11:17:31	MarkDuplicates	Read    17,000,000 records.  Elapsed time: 00:01:31s.  Time for last 1,000,000:    4s.  Last read position: dm6_chrX:6,267,758
INFO	2023-07-06 11:17:31	MarkDuplicates	Tracking 12 as yet unmatched pairs. 12 records in RAM.
INFO	2023-07-06 11:17:36	MarkDuplicates	Read    18,000,000 records.  Elapsed time: 00:01:36s.  Time for last 1,000,000:    5s.  Last read position: dm6_chrX:17,806,473
INFO	2023-07-06 11:17:36	MarkDuplicates	Tracking 4 as yet unmatched pairs. 4 records in RAM.
INFO	2023-07-06 11:17:40	MarkDuplicates	Read 18795908 records. 0 pairs never matched.
INFO	2023-07-06 11:17:43	MarkDuplicates	After buildSortedReadEndLists freeMemory: 3210915560; totalMemory: 5528764416; maxMemory: 8303607808
INFO	2023-07-06 11:17:43	MarkDuplicates	Will retain up to 129743872 duplicate indices before spilling to disk.
INFO	2023-07-06 11:17:44	MarkDuplicates	Traversing read pair information and detecting duplicates.
INFO	2023-07-06 11:17:48	OpticalDuplicateFinder	Large duplicate set. size = 1859
INFO	2023-07-06 11:17:48	OpticalDuplicateFinder	compared         1,000 ReadEnds to others.  Elapsed time: 00:00:00s.  Time for last 1,000:    0s.  Last read position: 0:2,302
INFO	2023-07-06 11:17:48	OpticalDuplicateFinder	Large duplicate set. size = 1598
INFO	2023-07-06 11:17:48	OpticalDuplicateFinder	compared         1,000 ReadEnds to others.  Elapsed time: 00:00:00s.  Time for last 1,000:    0s.  Last read position: 0:18,231
INFO	2023-07-06 11:17:48	OpticalDuplicateFinder	Large duplicate set. size = 4191
INFO	2023-07-06 11:17:49	OpticalDuplicateFinder	compared         1,000 ReadEnds to others.  Elapsed time: 00:00:00s.  Time for last 1,000:    0s.  Last read position: 0:18,909
INFO	2023-07-06 11:17:49	OpticalDuplicateFinder	compared         2,000 ReadEnds to others.  Elapsed time: 00:00:00s.  Time for last 1,000:    0s.  Last read position: 0:29,948
INFO	2023-07-06 11:17:49	OpticalDuplicateFinder	compared         3,000 ReadEnds to others.  Elapsed time: 00:00:00s.  Time for last 1,000:    0s.  Last read position: 0:15,700
INFO	2023-07-06 11:17:49	OpticalDuplicateFinder	compared         4,000 ReadEnds to others.  Elapsed time: 00:00:00s.  Time for last 1,000:    0s.  Last read position: 0:4,679
INFO	2023-07-06 11:17:49	OpticalDuplicateFinder	Large duplicate set. size = 3383
INFO	2023-07-06 11:17:49	OpticalDuplicateFinder	compared         1,000 ReadEnds to others.  Elapsed time: 00:00:00s.  Time for last 1,000:    0s.  Last read position: 0:24,731
INFO	2023-07-06 11:17:49	OpticalDuplicateFinder	compared         2,000 ReadEnds to others.  Elapsed time: 00:00:00s.  Time for last 1,000:    0s.  Last read position: 0:15,393
INFO	2023-07-06 11:17:49	OpticalDuplicateFinder	compared         3,000 ReadEnds to others.  Elapsed time: 00:00:00s.  Time for last 1,000:    0s.  Last read position: 0:1,461
INFO	2023-07-06 11:17:49	OpticalDuplicateFinder	Large duplicate set. size = 1062
INFO	2023-07-06 11:17:49	OpticalDuplicateFinder	compared         1,000 ReadEnds to others.  Elapsed time: 00:00:00s.  Time for last 1,000:    0s.  Last read position: 0:16,839
INFO	2023-07-06 11:17:52	OpticalDuplicateFinder	Large duplicate set. size = 1194
INFO	2023-07-06 11:17:52	OpticalDuplicateFinder	compared         1,000 ReadEnds to others.  Elapsed time: 00:00:00s.  Time for last 1,000:    0s.  Last read position: 0:26,359
INFO	2023-07-06 11:17:52	OpticalDuplicateFinder	Large duplicate set. size = 1315
INFO	2023-07-06 11:17:52	OpticalDuplicateFinder	compared         1,000 ReadEnds to others.  Elapsed time: 00:00:00s.  Time for last 1,000:    0s.  Last read position: 0:29,152
INFO	2023-07-06 11:17:52	OpticalDuplicateFinder	Large duplicate set. size = 2105
INFO	2023-07-06 11:17:52	OpticalDuplicateFinder	compared         1,000 ReadEnds to others.  Elapsed time: 00:00:00s.  Time for last 1,000:    0s.  Last read position: 0:18,982
INFO	2023-07-06 11:17:52	OpticalDuplicateFinder	compared         2,000 ReadEnds to others.  Elapsed time: 00:00:00s.  Time for last 1,000:    0s.  Last read position: 0:2,257
INFO	2023-07-06 11:17:52	OpticalDuplicateFinder	Large duplicate set. size = 2227
INFO	2023-07-06 11:17:52	OpticalDuplicateFinder	compared         1,000 ReadEnds to others.  Elapsed time: 00:00:00s.  Time for last 1,000:    0s.  Last read position: 0:26,214
INFO	2023-07-06 11:17:52	OpticalDuplicateFinder	compared         2,000 ReadEnds to others.  Elapsed time: 00:00:00s.  Time for last 1,000:    0s.  Last read position: 0:29,649
INFO	2023-07-06 11:17:52	OpticalDuplicateFinder	Large duplicate set. size = 1975
INFO	2023-07-06 11:17:52	OpticalDuplicateFinder	compared         1,000 ReadEnds to others.  Elapsed time: 00:00:00s.  Time for last 1,000:    0s.  Last read position: 0:23,231
INFO	2023-07-06 11:17:52	OpticalDuplicateFinder	Large duplicate set. size = 1998
INFO	2023-07-06 11:17:53	OpticalDuplicateFinder	compared         1,000 ReadEnds to others.  Elapsed time: 00:00:00s.  Time for last 1,000:    0s.  Last read position: 0:13,060
INFO	2023-07-06 11:17:53	OpticalDuplicateFinder	Large duplicate set. size = 1022
INFO	2023-07-06 11:17:53	OpticalDuplicateFinder	compared         1,000 ReadEnds to others.  Elapsed time: 00:00:00s.  Time for last 1,000:    0s.  Last read position: 0:30,508
INFO	2023-07-06 11:17:53	OpticalDuplicateFinder	Large duplicate set. size = 1090
INFO	2023-07-06 11:17:53	OpticalDuplicateFinder	compared         1,000 ReadEnds to others.  Elapsed time: 00:00:00s.  Time for last 1,000:    0s.  Last read position: 0:20,582
INFO	2023-07-06 11:17:53	OpticalDuplicateFinder	Large duplicate set. size = 2758
INFO	2023-07-06 11:17:53	OpticalDuplicateFinder	compared         1,000 ReadEnds to others.  Elapsed time: 00:00:00s.  Time for last 1,000:    0s.  Last read position: 0:26,820
INFO	2023-07-06 11:17:53	OpticalDuplicateFinder	compared         2,000 ReadEnds to others.  Elapsed time: 00:00:00s.  Time for last 1,000:    0s.  Last read position: 0:9,236
INFO	2023-07-06 11:17:53	OpticalDuplicateFinder	Large duplicate set. size = 2784
INFO	2023-07-06 11:17:53	OpticalDuplicateFinder	compared         1,000 ReadEnds to others.  Elapsed time: 00:00:00s.  Time for last 1,000:    0s.  Last read position: 0:11,957
INFO	2023-07-06 11:17:53	OpticalDuplicateFinder	compared         2,000 ReadEnds to others.  Elapsed time: 00:00:00s.  Time for last 1,000:    0s.  Last read position: 0:9,462
INFO	2023-07-06 11:17:53	MarkDuplicates	Traversing fragment information and detecting duplicates.
INFO	2023-07-06 11:17:55	MarkDuplicates	Sorting list of duplicate records.
INFO	2023-07-06 11:17:57	MarkDuplicates	After generateDuplicateIndexes freeMemory: 3421180800; totalMemory: 5528764416; maxMemory: 8303607808
INFO	2023-07-06 11:17:57	MarkDuplicates	Marking 9938248 records as duplicates.
INFO	2023-07-06 11:17:57	MarkDuplicates	Found 28212 optical duplicate clusters.
INFO	2023-07-06 11:17:57	MarkDuplicates	Reads are assumed to be ordered by: coordinate
INFO	2023-07-06 11:20:13	MarkDuplicates	Written    10,000,000 records.  Elapsed time: 00:02:16s.  Time for last 10,000,000:  136s.  Last read position: dm6_chr3L:8,947,504
INFO	2023-07-06 11:22:18	MarkDuplicates	Before output close freeMemory: 4457794168; totalMemory: 5528764416; maxMemory: 8303607808
INFO	2023-07-06 11:22:18	MarkDuplicates	After output close freeMemory: 4408136808; totalMemory: 5478834176; maxMemory: 8303607808
[Thu Jul 06 11:22:18 EDT 2023] picard.sam.markduplicates.MarkDuplicates done. Elapsed time: 6.32 minutes.
Runtime.totalMemory()=5478834176
[Thu Jul  6 11:22:18 2023]
Finished job 0.
1 of 1 steps (100%) done
