Building DAG of jobs...
Using shell: /usr/bin/bash
Provided cores: 1 (use --cores to define parallelism)
Rules claiming more threads will be scaled down.
Job counts:
	count	jobs
	1	convertBamToBed
	1

[Thu Jul  6 11:15:53 2023]
rule convertBamToBed:
    input: Bam/yw-3LW-wing-ak27ac-pel-Rep1_dm6_trim_q5_dupsRemoved_nameSorted.bam
    output: Bed/yw-3LW-wing-ak27ac-pel-Rep1_dm6_trim_q5_dupsRemoved.bed
    jobid: 0
    wildcards: species=dm6, sample=yw-3LW-wing-ak27ac-pel-Rep1

Activating environment modules: bedtools/2.26
*****WARNING: Query A00434:74:HGW5JDRXX:1:2102:3739:12383 is marked as paired, but its mate does not occur next to it in your BAM file.  Skipping. 
*****WARNING: Query A00434:74:HGW5JDRXX:1:2103:12156:32503 is marked as paired, but its mate does not occur next to it in your BAM file.  Skipping. 
*****WARNING: Query A00434:74:HGW5JDRXX:1:2104:31593:27242 is marked as paired, but its mate does not occur next to it in your BAM file.  Skipping. 
*****WARNING: Query A00434:74:HGW5JDRXX:1:2106:8693:10347 is marked as paired, but its mate does not occur next to it in your BAM file.  Skipping. 
*****WARNING: Query A00434:74:HGW5JDRXX:1:2106:28754:16501 is marked as paired, but its mate does not occur next to it in your BAM file.  Skipping. 
*****WARNING: Query A00434:74:HGW5JDRXX:1:2107:22507:30264 is marked as paired, but its mate does not occur next to it in your BAM file.  Skipping. 
*****WARNING: Query A00434:74:HGW5JDRXX:1:2111:19768:30655 is marked as paired, but its mate does not occur next to it in your BAM file.  Skipping. 
*****WARNING: Query A00434:74:HGW5JDRXX:1:2112:10339:1297 is marked as paired, but its mate does not occur next to it in your BAM file.  Skipping. 
*****WARNING: Query A00434:74:HGW5JDRXX:1:2112:10700:19116 is marked as paired, but its mate does not occur next to it in your BAM file.  Skipping. 
*****WARNING: Query A00434:74:HGW5JDRXX:1:2112:25699:16877 is marked as paired, but its mate does not occur next to it in your BAM file.  Skipping. 
*****WARNING: Query A00434:74:HGW5JDRXX:1:2115:11704:6073 is marked as paired, but its mate does not occur next to it in your BAM file.  Skipping. 
*****WARNING: Query A00434:74:HGW5JDRXX:1:2115:25418:7091 is marked as paired, but its mate does not occur next to it in your BAM file.  Skipping. 
*****WARNING: Query A00434:74:HGW5JDRXX:1:2115:26323:16047 is marked as paired, but its mate does not occur next to it in your BAM file.  Skipping. 
*****WARNING: Query A00434:74:HGW5JDRXX:1:2116:23384:34663 is marked as paired, but its mate does not occur next to it in your BAM file.  Skipping. 
*****WARNING: Query A00434:74:HGW5JDRXX:1:2117:29243:8328 is marked as paired, but its mate does not occur next to it in your BAM file.  Skipping. 
*****WARNING: Query A00434:74:HGW5JDRXX:1:2117:30490:2221 is marked as paired, but its mate does not occur next to it in your BAM file.  Skipping. 
*****WARNING: Query A00434:74:HGW5JDRXX:1:2118:1570:10254 is marked as paired, but its mate does not occur next to it in your BAM file.  Skipping. 
*****WARNING: Query A00434:74:HGW5JDRXX:1:2118:8956:7044 is marked as paired, but its mate does not occur next to it in your BAM file.  Skipping. 
*****WARNING: Query A00434:74:HGW5JDRXX:1:2119:11225:20682 is marked as paired, but its mate does not occur next to it in your BAM file.  Skipping. 
*****WARNING: Query A00434:74:HGW5JDRXX:1:2120:9335:33411 is marked as paired, but its mate does not occur next to it in your BAM file.  Skipping. 
*****WARNING: Query A00434:74:HGW5JDRXX:1:2121:11912:16423 is marked as paired, but its mate does not occur next to it in your BAM file.  Skipping. 
*****WARNING: Query A00434:74:HGW5JDRXX:1:2121:21197:18568 is marked as paired, but its mate does not occur next to it in your BAM file.  Skipping. 
*****WARNING: Query A00434:74:HGW5JDRXX:1:2122:7961:14591 is marked as paired, but its mate does not occur next to it in your BAM file.  Skipping. 
*****WARNING: Query A00434:74:HGW5JDRXX:1:2122:8142:30718 is marked as paired, but its mate does not occur next to it in your BAM file.  Skipping. 
*****WARNING: Query A00434:74:HGW5JDRXX:1:2123:30011:27508 is marked as paired, but its mate does not occur next to it in your BAM file.  Skipping. 
*****WARNING: Query A00434:74:HGW5JDRXX:1:2124:24062:33520 is marked as paired, but its mate does not occur next to it in your BAM file.  Skipping. 
*****WARNING: Query A00434:74:HGW5JDRXX:1:2126:26937:11224 is marked as paired, but its mate does not occur next to it in your BAM file.  Skipping. 
*****WARNING: Query A00434:74:HGW5JDRXX:1:2127:17842:34616 is marked as paired, but its mate does not occur next to it in your BAM file.  Skipping. 
*****WARNING: Query A00434:74:HGW5JDRXX:1:2127:23836:31626 is marked as paired, but its mate does not occur next to it in your BAM file.  Skipping. 
*****WARNING: Query A00434:74:HGW5JDRXX:1:2128:6234:8281 is marked as paired, but its mate does not occur next to it in your BAM file.  Skipping. 
*****WARNING: Query A00434:74:HGW5JDRXX:1:2129:5249:18537 is marked as paired, but its mate does not occur next to it in your BAM file.  Skipping. 
*****WARNING: Query A00434:74:HGW5JDRXX:1:2129:9670:34741 is marked as paired, but its mate does not occur next to it in your BAM file.  Skipping. 
*****WARNING: Query A00434:74:HGW5JDRXX:1:2129:17201:10113 is marked as paired, but its mate does not occur next to it in your BAM file.  Skipping. 
*****WARNING: Query A00434:74:HGW5JDRXX:1:2129:28293:34835 is marked as paired, but its mate does not occur next to it in your BAM file.  Skipping. 
*****WARNING: Query A00434:74:HGW5JDRXX:1:2131:2754:16939 is marked as paired, but its mate does not occur next to it in your BAM file.  Skipping. 
*****WARNING: Query A00434:74:HGW5JDRXX:1:2131:4598:27023 is marked as paired, but its mate does not occur next to it in your BAM file.  Skipping. 
*****WARNING: Query A00434:74:HGW5JDRXX:1:2131:20419:9580 is marked as paired, but its mate does not occur next to it in your BAM file.  Skipping. 
*****WARNING: Query A00434:74:HGW5JDRXX:1:2133:14326:19946 is marked as paired, but its mate does not occur next to it in your BAM file.  Skipping. 
*****WARNING: Query A00434:74:HGW5JDRXX:1:2133:26060:21919 is marked as paired, but its mate does not occur next to it in your BAM file.  Skipping. 
*****WARNING: Query A00434:74:HGW5JDRXX:1:2133:28610:4100 is marked as paired, but its mate does not occur next to it in your BAM file.  Skipping. 
*****WARNING: Query A00434:74:HGW5JDRXX:1:2134:12888:8249 is marked as paired, but its mate does not occur next to it in your BAM file.  Skipping. 
*****WARNING: Query A00434:74:HGW5JDRXX:1:2134:16016:11945 is marked as paired, but its mate does not occur next to it in your BAM file.  Skipping. 
*****WARNING: Query A00434:74:HGW5JDRXX:1:2136:11903:11522 is marked as paired, but its mate does not occur next to it in your BAM file.  Skipping. 
*****WARNING: Query A00434:74:HGW5JDRXX:1:2136:18105:23140 is marked as paired, but its mate does not occur next to it in your BAM file.  Skipping. 
*****WARNING: Query A00434:74:HGW5JDRXX:1:2139:27950:15264 is marked as paired, but its mate does not occur next to it in your BAM file.  Skipping. 
*****WARNING: Query A00434:74:HGW5JDRXX:1:2142:31656:33520 is marked as paired, but its mate does not occur next to it in your BAM file.  Skipping. 
*****WARNING: Query A00434:74:HGW5JDRXX:1:2143:30553:14700 is marked as paired, but its mate does not occur next to it in your BAM file.  Skipping. 
*****WARNING: Query A00434:74:HGW5JDRXX:1:2145:14904:16532 is marked as paired, but its mate does not occur next to it in your BAM file.  Skipping. 
*****WARNING: Query A00434:74:HGW5JDRXX:1:2145:26440:36699 is marked as paired, but its mate does not occur next to it in your BAM file.  Skipping. 
*****WARNING: Query A00434:74:HGW5JDRXX:1:2146:10140:26694 is marked as paired, but its mate does not occur next to it in your BAM file.  Skipping. 
*****WARNING: Query A00434:74:HGW5JDRXX:1:2147:18502:17033 is marked as paired, but its mate does not occur next to it in your BAM file.  Skipping. 
*****WARNING: Query A00434:74:HGW5JDRXX:1:2147:32606:32095 is marked as paired, but its mate does not occur next to it in your BAM file.  Skipping. 
*****WARNING: Query A00434:74:HGW5JDRXX:1:2148:10248:30733 is marked as paired, but its mate does not occur next to it in your BAM file.  Skipping. 
*****WARNING: Query A00434:74:HGW5JDRXX:1:2148:19081:27586 is marked as paired, but its mate does not occur next to it in your BAM file.  Skipping. 
*****WARNING: Query A00434:74:HGW5JDRXX:1:2148:28745:12821 is marked as paired, but its mate does not occur next to it in your BAM file.  Skipping. 
*****WARNING: Query A00434:74:HGW5JDRXX:1:2149:21359:22200 is marked as paired, but its mate does not occur next to it in your BAM file.  Skipping. 
*****WARNING: Query A00434:74:HGW5JDRXX:1:2149:22327:13886 is marked as paired, but its mate does not occur next to it in your BAM file.  Skipping. 
*****WARNING: Query A00434:74:HGW5JDRXX:1:2149:23222:32221 is marked as paired, but its mate does not occur next to it in your BAM file.  Skipping. 
*****WARNING: Query A00434:74:HGW5JDRXX:1:2150:18936:24017 is marked as paired, but its mate does not occur next to it in your BAM file.  Skipping. 
*****WARNING: Query A00434:74:HGW5JDRXX:1:2150:27181:9706 is marked as paired, but its mate does not occur next to it in your BAM file.  Skipping. 
*****WARNING: Query A00434:74:HGW5JDRXX:1:2151:7943:27085 is marked as paired, but its mate does not occur next to it in your BAM file.  Skipping. 
*****WARNING: Query A00434:74:HGW5JDRXX:1:2152:6524:34460 is marked as paired, but its mate does not occur next to it in your BAM file.  Skipping. 
*****WARNING: Query A00434:74:HGW5JDRXX:1:2155:12183:28604 is marked as paired, but its mate does not occur next to it in your BAM file.  Skipping. 
*****WARNING: Query A00434:74:HGW5JDRXX:1:2155:20003:32158 is marked as paired, but its mate does not occur next to it in your BAM file.  Skipping. 
*****WARNING: Query A00434:74:HGW5JDRXX:1:2159:30978:21386 is marked as paired, but its mate does not occur next to it in your BAM file.  Skipping. 
*****WARNING: Query A00434:74:HGW5JDRXX:1:2162:1570:15327 is marked as paired, but its mate does not occur next to it in your BAM file.  Skipping. 
*****WARNING: Query A00434:74:HGW5JDRXX:1:2162:30201:24486 is marked as paired, but its mate does not occur next to it in your BAM file.  Skipping. 
*****WARNING: Query A00434:74:HGW5JDRXX:1:2162:31150:23281 is marked as paired, but its mate does not occur next to it in your BAM file.  Skipping. 
*****WARNING: Query A00434:74:HGW5JDRXX:1:2165:5620:14074 is marked as paired, but its mate does not occur next to it in your BAM file.  Skipping. 
*****WARNING: Query A00434:74:HGW5JDRXX:1:2165:25590:8484 is marked as paired, but its mate does not occur next to it in your BAM file.  Skipping. 
*****WARNING: Query A00434:74:HGW5JDRXX:1:2165:31087:21637 is marked as paired, but its mate does not occur next to it in your BAM file.  Skipping. 
*****WARNING: Query A00434:74:HGW5JDRXX:1:2165:32597:35211 is marked as paired, but its mate does not occur next to it in your BAM file.  Skipping. 
*****WARNING: Query A00434:74:HGW5JDRXX:1:2166:8377:19507 is marked as paired, but its mate does not occur next to it in your BAM file.  Skipping. 
*****WARNING: Query A00434:74:HGW5JDRXX:1:2167:11885:13338 is marked as paired, but its mate does not occur next to it in your BAM file.  Skipping. 
*****WARNING: Query A00434:74:HGW5JDRXX:1:2167:15510:19053 is marked as paired, but its mate does not occur next to it in your BAM file.  Skipping. 
*****WARNING: Query A00434:74:HGW5JDRXX:1:2167:21820:35211 is marked as paired, but its mate does not occur next to it in your BAM file.  Skipping. 
*****WARNING: Query A00434:74:HGW5JDRXX:1:2167:28601:1861 is marked as paired, but its mate does not occur next to it in your BAM file.  Skipping. 
*****WARNING: Query A00434:74:HGW5JDRXX:1:2168:4408:26224 is marked as paired, but its mate does not occur next to it in your BAM file.  Skipping. 
*****WARNING: Query A00434:74:HGW5JDRXX:1:2170:17363:10050 is marked as paired, but its mate does not occur next to it in your BAM file.  Skipping. 
*****WARNING: Query A00434:74:HGW5JDRXX:1:2172:4426:21715 is marked as paired, but its mate does not occur next to it in your BAM file.  Skipping. 
*****WARNING: Query A00434:74:HGW5JDRXX:1:2172:11171:2174 is marked as paired, but its mate does not occur next to it in your BAM file.  Skipping. 
*****WARNING: Query A00434:74:HGW5JDRXX:1:2174:4661:21590 is marked as paired, but its mate does not occur next to it in your BAM file.  Skipping. 
*****WARNING: Query A00434:74:HGW5JDRXX:1:2176:12255:4679 is marked as paired, but its mate does not occur next to it in your BAM file.  Skipping. 
*****WARNING: Query A00434:74:HGW5JDRXX:1:2202:25491:19429 is marked as paired, but its mate does not occur next to it in your BAM file.  Skipping. 
*****WARNING: Query A00434:74:HGW5JDRXX:1:2204:10863:12790 is marked as paired, but its mate does not occur next to it in your BAM file.  Skipping. 
*****WARNING: Query A00434:74:HGW5JDRXX:1:2205:12536:23954 is marked as paired, but its mate does not occur next to it in your BAM file.  Skipping. 
*****WARNING: Query A00434:74:HGW5JDRXX:1:2205:23222:19445 is marked as paired, but its mate does not occur next to it in your BAM file.  Skipping. 
*****WARNING: Query A00434:74:HGW5JDRXX:1:2206:25301:29089 is marked as paired, but its mate does not occur next to it in your BAM file.  Skipping. 
*****WARNING: Query A00434:74:HGW5JDRXX:1:2207:31512:30921 is marked as paired, but its mate does not occur next to it in your BAM file.  Skipping. 
*****WARNING: Query A00434:74:HGW5JDRXX:1:2207:32063:30405 is marked as paired, but its mate does not occur next to it in your BAM file.  Skipping. 
*****WARNING: Query A00434:74:HGW5JDRXX:1:2209:7609:4648 is marked as paired, but its mate does not occur next to it in your BAM file.  Skipping. 
*****WARNING: Query A00434:74:HGW5JDRXX:1:2209:8739:14027 is marked as paired, but its mate does not occur next to it in your BAM file.  Skipping. 
*****WARNING: Query A00434:74:HGW5JDRXX:1:2209:23773:29951 is marked as paired, but its mate does not occur next to it in your BAM file.  Skipping. 
*****WARNING: Query A00434:74:HGW5JDRXX:1:2209:30436:9392 is marked as paired, but its mate does not occur next to it in your BAM file.  Skipping. 
*****WARNING: Query A00434:74:HGW5JDRXX:1:2210:2663:33160 is marked as paired, but its mate does not occur next to it in your BAM file.  Skipping. 
*****WARNING: Query A00434:74:HGW5JDRXX:1:2211:25690:25066 is marked as paired, but its mate does not occur next to it in your BAM file.  Skipping. 
*****WARNING: Query A00434:74:HGW5JDRXX:1:2212:9281:4946 is marked as paired, but its mate does not occur next to it in your BAM file.  Skipping. 
*****WARNING: Query A00434:74:HGW5JDRXX:1:2212:9335:23453 is marked as paired, but its mate does not occur next to it in your BAM file.  Skipping. 
*****WARNING: Query A00434:74:HGW5JDRXX:1:2212:30789:9565 is marked as paired, but its mate does not occur next to it in your BAM file.  Skipping. 
*****WARNING: Query A00434:74:HGW5JDRXX:1:2213:30870:7263 is marked as paired, but its mate does not occur next to it in your BAM file.  Skipping. 
*****WARNING: Query A00434:74:HGW5JDRXX:1:2217:13006:1251 is marked as paired, but its mate does not occur next to it in your BAM file.  Skipping. 
*****WARNING: Query A00434:74:HGW5JDRXX:1:2217:23891:24079 is marked as paired, but its mate does not occur next to it in your BAM file.  Skipping. 
*****WARNING: Query A00434:74:HGW5JDRXX:1:2221:14091:29277 is marked as paired, but its mate does not occur next to it in your BAM file.  Skipping. 
*****WARNING: Query A00434:74:HGW5JDRXX:1:2221:21070:25175 is marked as paired, but its mate does not occur next to it in your BAM file.  Skipping. 
*****WARNING: Query A00434:74:HGW5JDRXX:1:2223:15682:8015 is marked as paired, but its mate does not occur next to it in your BAM file.  Skipping. 
*****WARNING: Query A00434:74:HGW5JDRXX:1:2223:26033:5274 is marked as paired, but its mate does not occur next to it in your BAM file.  Skipping. 
*****WARNING: Query A00434:74:HGW5JDRXX:1:2224:28691:28729 is marked as paired, but its mate does not occur next to it in your BAM file.  Skipping. 
*****WARNING: Query A00434:74:HGW5JDRXX:1:2225:16333:5196 is marked as paired, but its mate does not occur next to it in your BAM file.  Skipping. 
*****WARNING: Query A00434:74:HGW5JDRXX:1:2225:21884:12117 is marked as paired, but its mate does not occur next to it in your BAM file.  Skipping. 
*****WARNING: Query A00434:74:HGW5JDRXX:1:2229:18041:11475 is marked as paired, but its mate does not occur next to it in your BAM file.  Skipping. 
*****WARNING: Query A00434:74:HGW5JDRXX:1:2229:21847:21668 is marked as paired, but its mate does not occur next to it in your BAM file.  Skipping. 
*****WARNING: Query A00434:74:HGW5JDRXX:1:2229:28519:1219 is marked as paired, but its mate does not occur next to it in your BAM file.  Skipping. 
*****WARNING: Query A00434:74:HGW5JDRXX:1:2230:17517:15702 is marked as paired, but its mate does not occur next to it in your BAM file.  Skipping. 
*****WARNING: Query A00434:74:HGW5JDRXX:1:2230:31033:6511 is marked as paired, but its mate does not occur next to it in your BAM file.  Skipping. 
*****WARNING: Query A00434:74:HGW5JDRXX:1:2231:5529:31234 is marked as paired, but its mate does not occur next to it in your BAM file.  Skipping. 
*****WARNING: Query A00434:74:HGW5JDRXX:1:2231:22670:24189 is marked as paired, but its mate does not occur next to it in your BAM file.  Skipping. 
*****WARNING: Query A00434:74:HGW5JDRXX:1:2231:23258:28933 is marked as paired, but its mate does not occur next to it in your BAM file.  Skipping. 
*****WARNING: Query A00434:74:HGW5JDRXX:1:2232:10574:22686 is marked as paired, but its mate does not occur next to it in your BAM file.  Skipping. 
*****WARNING: Query A00434:74:HGW5JDRXX:1:2233:8639:31297 is marked as paired, but its mate does not occur next to it in your BAM file.  Skipping. 
*****WARNING: Query A00434:74:HGW5JDRXX:1:2233:29405:32847 is marked as paired, but its mate does not occur next to it in your BAM file.  Skipping. 
*****WARNING: Query A00434:74:HGW5JDRXX:1:2233:29948:24079 is marked as paired, but its mate does not occur next to it in your BAM file.  Skipping. 
*****WARNING: Query A00434:74:HGW5JDRXX:1:2234:1579:25394 is marked as paired, but its mate does not occur next to it in your BAM file.  Skipping. 
*****WARNING: Query A00434:74:HGW5JDRXX:1:2235:29306:1924 is marked as paired, but its mate does not occur next to it in your BAM file.  Skipping. 
*****WARNING: Query A00434:74:HGW5JDRXX:1:2237:3170:5509 is marked as paired, but its mate does not occur next to it in your BAM file.  Skipping. 
*****WARNING: Query A00434:74:HGW5JDRXX:1:2238:17210:15640 is marked as paired, but its mate does not occur next to it in your BAM file.  Skipping. 
*****WARNING: Query A00434:74:HGW5JDRXX:1:2238:18511:35524 is marked as paired, but its mate does not occur next to it in your BAM file.  Skipping. 
*****WARNING: Query A00434:74:HGW5JDRXX:1:2240:26422:16877 is marked as paired, but its mate does not occur next to it in your BAM file.  Skipping. 
*****WARNING: Query A00434:74:HGW5JDRXX:1:2241:8079:27508 is marked as paired, but its mate does not occur next to it in your BAM file.  Skipping. 
*****WARNING: Query A00434:74:HGW5JDRXX:1:2242:28646:36417 is marked as paired, but its mate does not occur next to it in your BAM file.  Skipping. 
*****WARNING: Query A00434:74:HGW5JDRXX:1:2244:27534:22717 is marked as paired, but its mate does not occur next to it in your BAM file.  Skipping. 
*****WARNING: Query A00434:74:HGW5JDRXX:1:2245:13449:35211 is marked as paired, but its mate does not occur next to it in your BAM file.  Skipping. 
*****WARNING: Query A00434:74:HGW5JDRXX:1:2246:31141:31469 is marked as paired, but its mate does not occur next to it in your BAM file.  Skipping. 
*****WARNING: Query A00434:74:HGW5JDRXX:1:2248:30490:25676 is marked as paired, but its mate does not occur next to it in your BAM file.  Skipping. 
*****WARNING: Query A00434:74:HGW5JDRXX:1:2249:11930:5869 is marked as paired, but its mate does not occur next to it in your BAM file.  Skipping. 
*****WARNING: Query A00434:74:HGW5JDRXX:1:2249:29966:27430 is marked as paired, but its mate does not occur next to it in your BAM file.  Skipping. 
*****WARNING: Query A00434:74:HGW5JDRXX:1:2250:4499:10692 is marked as paired, but its mate does not occur next to it in your BAM file.  Skipping. 
*****WARNING: Query A00434:74:HGW5JDRXX:1:2250:25608:20948 is marked as paired, but its mate does not occur next to it in your BAM file.  Skipping. 
*****WARNING: Query A00434:74:HGW5JDRXX:1:2250:26657:33160 is marked as paired, but its mate does not occur next to it in your BAM file.  Skipping. 
*****WARNING: Query A00434:74:HGW5JDRXX:1:2252:23529:3192 is marked as paired, but its mate does not occur next to it in your BAM file.  Skipping. 
*****WARNING: Query A00434:74:HGW5JDRXX:1:2252:30834:34945 is marked as paired, but its mate does not occur next to it in your BAM file.  Skipping. 
*****WARNING: Query A00434:74:HGW5JDRXX:1:2253:3079:32033 is marked as paired, but its mate does not occur next to it in your BAM file.  Skipping. 
*****WARNING: Query A00434:74:HGW5JDRXX:1:2254:3775:10848 is marked as paired, but its mate does not occur next to it in your BAM file.  Skipping. 
*****WARNING: Query A00434:74:HGW5JDRXX:1:2255:7048:3959 is marked as paired, but its mate does not occur next to it in your BAM file.  Skipping. 
*****WARNING: Query A00434:74:HGW5JDRXX:1:2258:16387:3380 is marked as paired, but its mate does not occur next to it in your BAM file.  Skipping. 
*****WARNING: Query A00434:74:HGW5JDRXX:1:2258:25545:19429 is marked as paired, but its mate does not occur next to it in your BAM file.  Skipping. 
*****WARNING: Query A00434:74:HGW5JDRXX:1:2259:26087:30953 is marked as paired, but its mate does not occur next to it in your BAM file.  Skipping. 
*****WARNING: Query A00434:74:HGW5JDRXX:1:2261:23294:11397 is marked as paired, but its mate does not occur next to it in your BAM file.  Skipping. 
*****WARNING: Query A00434:74:HGW5JDRXX:1:2265:8766:16986 is marked as paired, but its mate does not occur next to it in your BAM file.  Skipping. 
*****WARNING: Query A00434:74:HGW5JDRXX:1:2267:6912:7639 is marked as paired, but its mate does not occur next to it in your BAM file.  Skipping. 
*****WARNING: Query A00434:74:HGW5JDRXX:1:2267:7120:5274 is marked as paired, but its mate does not occur next to it in your BAM file.  Skipping. 
*****WARNING: Query A00434:74:HGW5JDRXX:1:2267:28601:2581 is marked as paired, but its mate does not occur next to it in your BAM file.  Skipping. 
*****WARNING: Query A00434:74:HGW5JDRXX:1:2268:22815:13542 is marked as paired, but its mate does not occur next to it in your BAM file.  Skipping. 
*****WARNING: Query A00434:74:HGW5JDRXX:1:2268:24053:25770 is marked as paired, but its mate does not occur next to it in your BAM file.  Skipping. 
*****WARNING: Query A00434:74:HGW5JDRXX:1:2269:28962:12101 is marked as paired, but its mate does not occur next to it in your BAM file.  Skipping. 
*****WARNING: Query A00434:74:HGW5JDRXX:1:2271:20889:4977 is marked as paired, but its mate does not occur next to it in your BAM file.  Skipping. 
*****WARNING: Query A00434:74:HGW5JDRXX:1:2272:5918:21449 is marked as paired, but its mate does not occur next to it in your BAM file.  Skipping. 
*****WARNING: Query A00434:74:HGW5JDRXX:1:2275:12373:36417 is marked as paired, but its mate does not occur next to it in your BAM file.  Skipping. 
*****WARNING: Query A00434:74:HGW5JDRXX:1:2276:24849:24737 is marked as paired, but its mate does not occur next to it in your BAM file.  Skipping. 
*****WARNING: Query A00434:74:HGW5JDRXX:1:2278:1479:4366 is marked as paired, but its mate does not occur next to it in your BAM file.  Skipping. 
*****WARNING: Query A00434:74:HGW5JDRXX:1:2278:16260:18411 is marked as paired, but its mate does not occur next to it in your BAM file.  Skipping. 
*****WARNING: Query A00434:74:HGW5JDRXX:2:2104:14353:21934 is marked as paired, but its mate does not occur next to it in your BAM file.  Skipping. 
*****WARNING: Query A00434:74:HGW5JDRXX:2:2104:16089:18020 is marked as paired, but its mate does not occur next to it in your BAM file.  Skipping. 
*****WARNING: Query A00434:74:HGW5JDRXX:2:2104:24388:32581 is marked as paired, but its mate does not occur next to it in your BAM file.  Skipping. 
*****WARNING: Query A00434:74:HGW5JDRXX:2:2110:4788:14732 is marked as paired, but its mate does not occur next to it in your BAM file.  Skipping. 
*****WARNING: Query A00434:74:HGW5JDRXX:2:2110:12174:25019 is marked as paired, but its mate does not occur next to it in your BAM file.  Skipping. 
*****WARNING: Query A00434:74:HGW5JDRXX:2:2114:19958:2487 is marked as paired, but its mate does not occur next to it in your BAM file.  Skipping. 
*****WARNING: Query A00434:74:HGW5JDRXX:2:2114:29713:35634 is marked as paired, but its mate does not occur next to it in your BAM file.  Skipping. 
*****WARNING: Query A00434:74:HGW5JDRXX:2:2115:9453:6308 is marked as paired, but its mate does not occur next to it in your BAM file.  Skipping. 
*****WARNING: Query A00434:74:HGW5JDRXX:2:2116:27986:12759 is marked as paired, but its mate does not occur next to it in your BAM file.  Skipping. 
*****WARNING: Query A00434:74:HGW5JDRXX:2:2117:4616:6230 is marked as paired, but its mate does not occur next to it in your BAM file.  Skipping. 
*****WARNING: Query A00434:74:HGW5JDRXX:2:2119:5132:23563 is marked as paired, but its mate does not occur next to it in your BAM file.  Skipping. 
*****WARNING: Query A00434:74:HGW5JDRXX:2:2120:22227:22169 is marked as paired, but its mate does not occur next to it in your BAM file.  Skipping. 
*****WARNING: Query A00434:74:HGW5JDRXX:2:2121:14714:2018 is marked as paired, but its mate does not occur next to it in your BAM file.  Skipping. 
*****WARNING: Query A00434:74:HGW5JDRXX:2:2123:3884:11287 is marked as paired, but its mate does not occur next to it in your BAM file.  Skipping. 
*****WARNING: Query A00434:74:HGW5JDRXX:2:2123:21106:15374 is marked as paired, but its mate does not occur next to it in your BAM file.  Skipping. 
*****WARNING: Query A00434:74:HGW5JDRXX:2:2125:28989:24518 is marked as paired, but its mate does not occur next to it in your BAM file.  Skipping. 
*****WARNING: Query A00434:74:HGW5JDRXX:2:2126:14299:17519 is marked as paired, but its mate does not occur next to it in your BAM file.  Skipping. 
*****WARNING: Query A00434:74:HGW5JDRXX:2:2127:7536:20776 is marked as paired, but its mate does not occur next to it in your BAM file.  Skipping. 
*****WARNING: Query A00434:74:HGW5JDRXX:2:2128:28989:16783 is marked as paired, but its mate does not occur next to it in your BAM file.  Skipping. 
*****WARNING: Query A00434:74:HGW5JDRXX:2:2130:12807:25019 is marked as paired, but its mate does not occur next to it in your BAM file.  Skipping. 
*****WARNING: Query A00434:74:HGW5JDRXX:2:2131:3088:24659 is marked as paired, but its mate does not occur next to it in your BAM file.  Skipping. 
*****WARNING: Query A00434:74:HGW5JDRXX:2:2131:10248:31735 is marked as paired, but its mate does not occur next to it in your BAM file.  Skipping. 
*****WARNING: Query A00434:74:HGW5JDRXX:2:2133:18421:30138 is marked as paired, but its mate does not occur next to it in your BAM file.  Skipping. 
*****WARNING: Query A00434:74:HGW5JDRXX:2:2135:15745:9784 is marked as paired, but its mate does not occur next to it in your BAM file.  Skipping. 
*****WARNING: Query A00434:74:HGW5JDRXX:2:2135:24089:16407 is marked as paired, but its mate does not occur next to it in your BAM file.  Skipping. 
*****WARNING: Query A00434:74:HGW5JDRXX:2:2137:4517:28103 is marked as paired, but its mate does not occur next to it in your BAM file.  Skipping. 
*****WARNING: Query A00434:74:HGW5JDRXX:2:2137:22914:18662 is marked as paired, but its mate does not occur next to it in your BAM file.  Skipping. 
*****WARNING: Query A00434:74:HGW5JDRXX:2:2141:14832:9142 is marked as paired, but its mate does not occur next to it in your BAM file.  Skipping. 
*****WARNING: Query A00434:74:HGW5JDRXX:2:2141:15799:26850 is marked as paired, but its mate does not occur next to it in your BAM file.  Skipping. 
*****WARNING: Query A00434:74:HGW5JDRXX:2:2141:18502:24737 is marked as paired, but its mate does not occur next to it in your BAM file.  Skipping. 
*****WARNING: Query A00434:74:HGW5JDRXX:2:2142:3839:17159 is marked as paired, but its mate does not occur next to it in your BAM file.  Skipping. 
*****WARNING: Query A00434:74:HGW5JDRXX:2:2142:7871:16094 is marked as paired, but its mate does not occur next to it in your BAM file.  Skipping. 
*****WARNING: Query A00434:74:HGW5JDRXX:2:2142:8350:35305 is marked as paired, but its mate does not occur next to it in your BAM file.  Skipping. 
*****WARNING: Query A00434:74:HGW5JDRXX:2:2143:13051:28541 is marked as paired, but its mate does not occur next to it in your BAM file.  Skipping. 
*****WARNING: Query A00434:74:HGW5JDRXX:2:2143:17553:9126 is marked as paired, but its mate does not occur next to it in your BAM file.  Skipping. 
*****WARNING: Query A00434:74:HGW5JDRXX:2:2143:31882:36980 is marked as paired, but its mate does not occur next to it in your BAM file.  Skipping. 
*****WARNING: Query A00434:74:HGW5JDRXX:2:2148:12264:26741 is marked as paired, but its mate does not occur next to it in your BAM file.  Skipping. 
*****WARNING: Query A00434:74:HGW5JDRXX:2:2149:3351:6793 is marked as paired, but its mate does not occur next to it in your BAM file.  Skipping. 
*****WARNING: Query A00434:74:HGW5JDRXX:2:2151:24044:7153 is marked as paired, but its mate does not occur next to it in your BAM file.  Skipping. 
*****WARNING: Query A00434:74:HGW5JDRXX:2:2151:27561:9361 is marked as paired, but its mate does not occur next to it in your BAM file.  Skipping. 
*****WARNING: Query A00434:74:HGW5JDRXX:2:2153:12301:11397 is marked as paired, but its mate does not occur next to it in your BAM file.  Skipping. 
*****WARNING: Query A00434:74:HGW5JDRXX:2:2155:20302:7748 is marked as paired, but its mate does not occur next to it in your BAM file.  Skipping. 
*****WARNING: Query A00434:74:HGW5JDRXX:2:2156:9815:21872 is marked as paired, but its mate does not occur next to it in your BAM file.  Skipping. 
*****WARNING: Query A00434:74:HGW5JDRXX:2:2156:28094:32675 is marked as paired, but its mate does not occur next to it in your BAM file.  Skipping. 
*****WARNING: Query A00434:74:HGW5JDRXX:2:2157:5104:17816 is marked as paired, but its mate does not occur next to it in your BAM file.  Skipping. 
*****WARNING: Query A00434:74:HGW5JDRXX:2:2157:28474:35305 is marked as paired, but its mate does not occur next to it in your BAM file.  Skipping. 
*****WARNING: Query A00434:74:HGW5JDRXX:2:2158:3965:21981 is marked as paired, but its mate does not occur next to it in your BAM file.  Skipping. 
*****WARNING: Query A00434:74:HGW5JDRXX:2:2158:15429:15687 is marked as paired, but its mate does not occur next to it in your BAM file.  Skipping. 
*****WARNING: Query A00434:74:HGW5JDRXX:2:2161:20311:16376 is marked as paired, but its mate does not occur next to it in your BAM file.  Skipping. 
*****WARNING: Query A00434:74:HGW5JDRXX:2:2161:22553:20603 is marked as paired, but its mate does not occur next to it in your BAM file.  Skipping. 
*****WARNING: Query A00434:74:HGW5JDRXX:2:2163:13630:22811 is marked as paired, but its mate does not occur next to it in your BAM file.  Skipping. 
*****WARNING: Query A00434:74:HGW5JDRXX:2:2164:26539:5087 is marked as paired, but its mate does not occur next to it in your BAM file.  Skipping. 
*****WARNING: Query A00434:74:HGW5JDRXX:2:2164:29243:16063 is marked as paired, but its mate does not occur next to it in your BAM file.  Skipping. 
*****WARNING: Query A00434:74:HGW5JDRXX:2:2165:2853:25254 is marked as paired, but its mate does not occur next to it in your BAM file.  Skipping. 
*****WARNING: Query A00434:74:HGW5JDRXX:2:2168:15492:32330 is marked as paired, but its mate does not occur next to it in your BAM file.  Skipping. 
*****WARNING: Query A00434:74:HGW5JDRXX:2:2169:17734:24596 is marked as paired, but its mate does not occur next to it in your BAM file.  Skipping. 
*****WARNING: Query A00434:74:HGW5JDRXX:2:2169:18719:3035 is marked as paired, but its mate does not occur next to it in your BAM file.  Skipping. 
*****WARNING: Query A00434:74:HGW5JDRXX:2:2170:28257:34397 is marked as paired, but its mate does not occur next to it in your BAM file.  Skipping. 
*****WARNING: Query A00434:74:HGW5JDRXX:2:2172:28836:19899 is marked as paired, but its mate does not occur next to it in your BAM file.  Skipping. 
*****WARNING: Query A00434:74:HGW5JDRXX:2:2173:20103:4053 is marked as paired, but its mate does not occur next to it in your BAM file.  Skipping. 
*****WARNING: Query A00434:74:HGW5JDRXX:2:2174:14678:10410 is marked as paired, but its mate does not occur next to it in your BAM file.  Skipping. 
*****WARNING: Query A00434:74:HGW5JDRXX:2:2175:8811:34006 is marked as paired, but its mate does not occur next to it in your BAM file.  Skipping. 
*****WARNING: Query A00434:74:HGW5JDRXX:2:2176:8205:3959 is marked as paired, but its mate does not occur next to it in your BAM file.  Skipping. 
*****WARNING: Query A00434:74:HGW5JDRXX:2:2176:13702:10160 is marked as paired, but its mate does not occur next to it in your BAM file.  Skipping. 
*****WARNING: Query A00434:74:HGW5JDRXX:2:2176:23529:9643 is marked as paired, but its mate does not occur next to it in your BAM file.  Skipping. 
*****WARNING: Query A00434:74:HGW5JDRXX:2:2177:8992:18818 is marked as paired, but its mate does not occur next to it in your BAM file.  Skipping. 
*****WARNING: Query A00434:74:HGW5JDRXX:2:2177:29884:19867 is marked as paired, but its mate does not occur next to it in your BAM file.  Skipping. 
*****WARNING: Query A00434:74:HGW5JDRXX:2:2201:15808:24267 is marked as paired, but its mate does not occur next to it in your BAM file.  Skipping. 
*****WARNING: Query A00434:74:HGW5JDRXX:2:2202:29740:19867 is marked as paired, but its mate does not occur next to it in your BAM file.  Skipping. 
*****WARNING: Query A00434:74:HGW5JDRXX:2:2205:24451:21324 is marked as paired, but its mate does not occur next to it in your BAM file.  Skipping. 
*****WARNING: Query A00434:74:HGW5JDRXX:2:2205:30156:16266 is marked as paired, but its mate does not occur next to it in your BAM file.  Skipping. 
*****WARNING: Query A00434:74:HGW5JDRXX:2:2207:14787:13604 is marked as paired, but its mate does not occur next to it in your BAM file.  Skipping. 
*****WARNING: Query A00434:74:HGW5JDRXX:2:2208:2401:1204 is marked as paired, but its mate does not occur next to it in your BAM file.  Skipping. 
*****WARNING: Query A00434:74:HGW5JDRXX:2:2208:20916:31955 is marked as paired, but its mate does not occur next to it in your BAM file.  Skipping. 
*****WARNING: Query A00434:74:HGW5JDRXX:2:2209:27281:11506 is marked as paired, but its mate does not occur next to it in your BAM file.  Skipping. 
*****WARNING: Query A00434:74:HGW5JDRXX:2:2210:30373:22028 is marked as paired, but its mate does not occur next to it in your BAM file.  Skipping. 
*****WARNING: Query A00434:74:HGW5JDRXX:2:2213:5276:5713 is marked as paired, but its mate does not occur next to it in your BAM file.  Skipping. 
*****WARNING: Query A00434:74:HGW5JDRXX:2:2216:9824:15906 is marked as paired, but its mate does not occur next to it in your BAM file.  Skipping. 
*****WARNING: Query A00434:74:HGW5JDRXX:2:2217:7003:19413 is marked as paired, but its mate does not occur next to it in your BAM file.  Skipping. 
*****WARNING: Query A00434:74:HGW5JDRXX:2:2217:7835:31563 is marked as paired, but its mate does not occur next to it in your BAM file.  Skipping. 
*****WARNING: Query A00434:74:HGW5JDRXX:2:2218:32777:15984 is marked as paired, but its mate does not occur next to it in your BAM file.  Skipping. 
*****WARNING: Query A00434:74:HGW5JDRXX:2:2221:6442:26897 is marked as paired, but its mate does not occur next to it in your BAM file.  Skipping. 
*****WARNING: Query A00434:74:HGW5JDRXX:2:2221:14778:23453 is marked as paired, but its mate does not occur next to it in your BAM file.  Skipping. 
*****WARNING: Query A00434:74:HGW5JDRXX:2:2221:24569:32268 is marked as paired, but its mate does not occur next to it in your BAM file.  Skipping. 
*****WARNING: Query A00434:74:HGW5JDRXX:2:2222:14995:34256 is marked as paired, but its mate does not occur next to it in your BAM file.  Skipping. 
*****WARNING: Query A00434:74:HGW5JDRXX:2:2223:30002:4069 is marked as paired, but its mate does not occur next to it in your BAM file.  Skipping. 
*****WARNING: Query A00434:74:HGW5JDRXX:2:2225:14362:31845 is marked as paired, but its mate does not occur next to it in your BAM file.  Skipping. 
*****WARNING: Query A00434:74:HGW5JDRXX:2:2225:32506:11287 is marked as paired, but its mate does not occur next to it in your BAM file.  Skipping. 
*****WARNING: Query A00434:74:HGW5JDRXX:2:2226:15176:31156 is marked as paired, but its mate does not occur next to it in your BAM file.  Skipping. 
*****WARNING: Query A00434:74:HGW5JDRXX:2:2227:15944:14920 is marked as paired, but its mate does not occur next to it in your BAM file.  Skipping. 
*****WARNING: Query A00434:74:HGW5JDRXX:2:2230:6126:19116 is marked as paired, but its mate does not occur next to it in your BAM file.  Skipping. 
*****WARNING: Query A00434:74:HGW5JDRXX:2:2233:14922:36918 is marked as paired, but its mate does not occur next to it in your BAM file.  Skipping. 
*****WARNING: Query A00434:74:HGW5JDRXX:2:2233:16649:34741 is marked as paired, but its mate does not occur next to it in your BAM file.  Skipping. 
*****WARNING: Query A00434:74:HGW5JDRXX:2:2234:21884:4852 is marked as paired, but its mate does not occur next to it in your BAM file.  Skipping. 
*****WARNING: Query A00434:74:HGW5JDRXX:2:2234:23836:23547 is marked as paired, but its mate does not occur next to it in your BAM file.  Skipping. 
*****WARNING: Query A00434:74:HGW5JDRXX:2:2236:7039:13401 is marked as paired, but its mate does not occur next to it in your BAM file.  Skipping. 
*****WARNING: Query A00434:74:HGW5JDRXX:2:2238:7292:18630 is marked as paired, but its mate does not occur next to it in your BAM file.  Skipping. 
*****WARNING: Query A00434:74:HGW5JDRXX:2:2239:13060:26647 is marked as paired, but its mate does not occur next to it in your BAM file.  Skipping. 
*****WARNING: Query A00434:74:HGW5JDRXX:2:2240:5249:5415 is marked as paired, but its mate does not occur next to it in your BAM file.  Skipping. 
*****WARNING: Query A00434:74:HGW5JDRXX:2:2241:4589:22936 is marked as paired, but its mate does not occur next to it in your BAM file.  Skipping. 
*****WARNING: Query A00434:74:HGW5JDRXX:2:2242:15320:20196 is marked as paired, but its mate does not occur next to it in your BAM file.  Skipping. 
*****WARNING: Query A00434:74:HGW5JDRXX:2:2243:28004:5963 is marked as paired, but its mate does not occur next to it in your BAM file.  Skipping. 
*****WARNING: Query A00434:74:HGW5JDRXX:2:2243:31801:36558 is marked as paired, but its mate does not occur next to it in your BAM file.  Skipping. 
*****WARNING: Query A00434:74:HGW5JDRXX:2:2244:25301:1094 is marked as paired, but its mate does not occur next to it in your BAM file.  Skipping. 
*****WARNING: Query A00434:74:HGW5JDRXX:2:2247:31096:31641 is marked as paired, but its mate does not occur next to it in your BAM file.  Skipping. 
*****WARNING: Query A00434:74:HGW5JDRXX:2:2248:2049:32033 is marked as paired, but its mate does not occur next to it in your BAM file.  Skipping. 
*****WARNING: Query A00434:74:HGW5JDRXX:2:2248:31385:20870 is marked as paired, but its mate does not occur next to it in your BAM file.  Skipping. 
*****WARNING: Query A00434:74:HGW5JDRXX:2:2249:3414:5588 is marked as paired, but its mate does not occur next to it in your BAM file.  Skipping. 
*****WARNING: Query A00434:74:HGW5JDRXX:2:2249:24460:32957 is marked as paired, but its mate does not occur next to it in your BAM file.  Skipping. 
*****WARNING: Query A00434:74:HGW5JDRXX:2:2253:9308:21151 is marked as paired, but its mate does not occur next to it in your BAM file.  Skipping. 
*****WARNING: Query A00434:74:HGW5JDRXX:2:2255:31684:1031 is marked as paired, but its mate does not occur next to it in your BAM file.  Skipping. 
*****WARNING: Query A00434:74:HGW5JDRXX:2:2257:28510:16297 is marked as paired, but its mate does not occur next to it in your BAM file.  Skipping. 
*****WARNING: Query A00434:74:HGW5JDRXX:2:2260:27037:25989 is marked as paired, but its mate does not occur next to it in your BAM file.  Skipping. 
*****WARNING: Query A00434:74:HGW5JDRXX:2:2262:32163:11976 is marked as paired, but its mate does not occur next to it in your BAM file.  Skipping. 
*****WARNING: Query A00434:74:HGW5JDRXX:2:2263:5122:35728 is marked as paired, but its mate does not occur next to it in your BAM file.  Skipping. 
*****WARNING: Query A00434:74:HGW5JDRXX:2:2264:32208:15687 is marked as paired, but its mate does not occur next to it in your BAM file.  Skipping. 
*****WARNING: Query A00434:74:HGW5JDRXX:2:2267:8187:36746 is marked as paired, but its mate does not occur next to it in your BAM file.  Skipping. 
*****WARNING: Query A00434:74:HGW5JDRXX:2:2267:15212:8202 is marked as paired, but its mate does not occur next to it in your BAM file.  Skipping. 
*****WARNING: Query A00434:74:HGW5JDRXX:2:2268:6280:10614 is marked as paired, but its mate does not occur next to it in your BAM file.  Skipping. 
*****WARNING: Query A00434:74:HGW5JDRXX:2:2268:14398:21825 is marked as paired, but its mate does not occur next to it in your BAM file.  Skipping. 
*****WARNING: Query A00434:74:HGW5JDRXX:2:2269:16387:24486 is marked as paired, but its mate does not occur next to it in your BAM file.  Skipping. 
*****WARNING: Query A00434:74:HGW5JDRXX:2:2270:22968:16407 is marked as paired, but its mate does not occur next to it in your BAM file.  Skipping. 
*****WARNING: Query A00434:74:HGW5JDRXX:2:2270:23628:36933 is marked as paired, but its mate does not occur next to it in your BAM file.  Skipping. 
*****WARNING: Query A00434:74:HGW5JDRXX:2:2271:32678:2973 is marked as paired, but its mate does not occur next to it in your BAM file.  Skipping. 
*****WARNING: Query A00434:74:HGW5JDRXX:2:2272:3748:7607 is marked as paired, but its mate does not occur next to it in your BAM file.  Skipping. 
*****WARNING: Query A00434:74:HGW5JDRXX:2:2272:4218:9831 is marked as paired, but its mate does not occur next to it in your BAM file.  Skipping. 
*****WARNING: Query A00434:74:HGW5JDRXX:2:2273:5312:12320 is marked as paired, but its mate does not occur next to it in your BAM file.  Skipping. 
*****WARNING: Query A00434:74:HGW5JDRXX:2:2273:9833:2769 is marked as paired, but its mate does not occur next to it in your BAM file.  Skipping. 
*****WARNING: Query A00434:74:HGW5JDRXX:2:2274:1651:28494 is marked as paired, but its mate does not occur next to it in your BAM file.  Skipping. 
*****WARNING: Query A00434:74:HGW5JDRXX:2:2274:18204:3865 is marked as paired, but its mate does not occur next to it in your BAM file.  Skipping. 
*****WARNING: Query A00434:74:HGW5JDRXX:2:2275:5177:7921 is marked as paired, but its mate does not occur next to it in your BAM file.  Skipping. 
*****WARNING: Query A00434:74:HGW5JDRXX:2:2277:1913:30514 is marked as paired, but its mate does not occur next to it in your BAM file.  Skipping. 
*****WARNING: Query A00434:74:HGW5JDRXX:2:2277:10294:13683 is marked as paired, but its mate does not occur next to it in your BAM file.  Skipping. 
*****WARNING: Query A00434:74:HGW5JDRXX:2:2277:11171:22623 is marked as paired, but its mate does not occur next to it in your BAM file.  Skipping. 
*****WARNING: Query A00434:74:HGW5JDRXX:2:2277:17128:6511 is marked as paired, but its mate does not occur next to it in your BAM file.  Skipping. 
*****WARNING: Query A00434:74:HGW5JDRXX:2:2278:9905:31109 is marked as paired, but its mate does not occur next to it in your BAM file.  Skipping. 
[Thu Jul  6 11:18:04 2023]
Finished job 0.
1 of 1 steps (100%) done
