Building DAG of jobs...
Using shell: /usr/bin/bash
Provided cores: 1 (use --cores to define parallelism)
Rules claiming more threads will be scaled down.
Job counts:
	count	jobs
	1	convertBamToBed
	1

[Thu Jul  6 11:30:49 2023]
rule convertBamToBed:
    input: Bam/yw-3LW-wing-ak27ac-sup-Rep1_dm6_trim_q5_dupsRemoved_nameSorted.bam
    output: Bed/yw-3LW-wing-ak27ac-sup-Rep1_dm6_trim_q5_dupsRemoved.bed
    jobid: 0
    wildcards: sample=yw-3LW-wing-ak27ac-sup-Rep1, species=dm6

Activating environment modules: bedtools/2.26
*****WARNING: Query A00434:74:HGW5JDRXX:1:2103:9643:36511 is marked as paired, but its mate does not occur next to it in your BAM file.  Skipping. 
*****WARNING: Query A00434:74:HGW5JDRXX:1:2104:15420:35556 is marked as paired, but its mate does not occur next to it in your BAM file.  Skipping. 
*****WARNING: Query A00434:74:HGW5JDRXX:1:2105:17725:5353 is marked as paired, but its mate does not occur next to it in your BAM file.  Skipping. 
*****WARNING: Query A00434:74:HGW5JDRXX:1:2107:6696:20885 is marked as paired, but its mate does not occur next to it in your BAM file.  Skipping. 
*****WARNING: Query A00434:74:HGW5JDRXX:1:2108:1669:25864 is marked as paired, but its mate does not occur next to it in your BAM file.  Skipping. 
*****WARNING: Query A00434:74:HGW5JDRXX:1:2113:3766:35978 is marked as paired, but its mate does not occur next to it in your BAM file.  Skipping. 
*****WARNING: Query A00434:74:HGW5JDRXX:1:2113:7844:30577 is marked as paired, but its mate does not occur next to it in your BAM file.  Skipping. 
*****WARNING: Query A00434:74:HGW5JDRXX:1:2115:18945:11569 is marked as paired, but its mate does not occur next to it in your BAM file.  Skipping. 
*****WARNING: Query A00434:74:HGW5JDRXX:1:2116:31765:21684 is marked as paired, but its mate does not occur next to it in your BAM file.  Skipping. 
*****WARNING: Query A00434:74:HGW5JDRXX:1:2119:3757:32142 is marked as paired, but its mate does not occur next to it in your BAM file.  Skipping. 
*****WARNING: Query A00434:74:HGW5JDRXX:1:2119:7762:31093 is marked as paired, but its mate does not occur next to it in your BAM file.  Skipping. 
*****WARNING: Query A00434:74:HGW5JDRXX:1:2120:26648:22874 is marked as paired, but its mate does not occur next to it in your BAM file.  Skipping. 
*****WARNING: Query A00434:74:HGW5JDRXX:1:2123:8332:32957 is marked as paired, but its mate does not occur next to it in your BAM file.  Skipping. 
*****WARNING: Query A00434:74:HGW5JDRXX:1:2123:12816:32236 is marked as paired, but its mate does not occur next to it in your BAM file.  Skipping. 
*****WARNING: Query A00434:74:HGW5JDRXX:1:2125:11912:1517 is marked as paired, but its mate does not occur next to it in your BAM file.  Skipping. 
*****WARNING: Query A00434:74:HGW5JDRXX:1:2125:14136:8531 is marked as paired, but its mate does not occur next to it in your BAM file.  Skipping. 
*****WARNING: Query A00434:74:HGW5JDRXX:1:2126:28022:8469 is marked as paired, but its mate does not occur next to it in your BAM file.  Skipping. 
*****WARNING: Query A00434:74:HGW5JDRXX:1:2127:17879:17268 is marked as paired, but its mate does not occur next to it in your BAM file.  Skipping. 
*****WARNING: Query A00434:74:HGW5JDRXX:1:2127:31901:34006 is marked as paired, but its mate does not occur next to it in your BAM file.  Skipping. 
*****WARNING: Query A00434:74:HGW5JDRXX:1:2128:16902:24095 is marked as paired, but its mate does not occur next to it in your BAM file.  Skipping. 
*****WARNING: Query A00434:74:HGW5JDRXX:1:2128:25663:15843 is marked as paired, but its mate does not occur next to it in your BAM file.  Skipping. 
*****WARNING: Query A00434:74:HGW5JDRXX:1:2131:19135:15123 is marked as paired, but its mate does not occur next to it in your BAM file.  Skipping. 
*****WARNING: Query A00434:74:HGW5JDRXX:1:2132:8386:13103 is marked as paired, but its mate does not occur next to it in your BAM file.  Skipping. 
*****WARNING: Query A00434:74:HGW5JDRXX:1:2132:28899:32722 is marked as paired, but its mate does not occur next to it in your BAM file.  Skipping. 
*****WARNING: Query A00434:74:HGW5JDRXX:1:2133:3549:2660 is marked as paired, but its mate does not occur next to it in your BAM file.  Skipping. 
*****WARNING: Query A00434:74:HGW5JDRXX:1:2135:32759:28134 is marked as paired, but its mate does not occur next to it in your BAM file.  Skipping. 
*****WARNING: Query A00434:74:HGW5JDRXX:1:2136:14705:23578 is marked as paired, but its mate does not occur next to it in your BAM file.  Skipping. 
*****WARNING: Query A00434:74:HGW5JDRXX:1:2136:14895:26631 is marked as paired, but its mate does not occur next to it in your BAM file.  Skipping. 
*****WARNING: Query A00434:74:HGW5JDRXX:1:2136:27941:34976 is marked as paired, but its mate does not occur next to it in your BAM file.  Skipping. 
*****WARNING: Query A00434:74:HGW5JDRXX:1:2138:31747:23218 is marked as paired, but its mate does not occur next to it in your BAM file.  Skipping. 
*****WARNING: Query A00434:74:HGW5JDRXX:1:2139:13160:5055 is marked as paired, but its mate does not occur next to it in your BAM file.  Skipping. 
*****WARNING: Query A00434:74:HGW5JDRXX:1:2140:25798:5525 is marked as paired, but its mate does not occur next to it in your BAM file.  Skipping. 
*****WARNING: Query A00434:74:HGW5JDRXX:1:2141:32307:7341 is marked as paired, but its mate does not occur next to it in your BAM file.  Skipping. 
*****WARNING: Query A00434:74:HGW5JDRXX:1:2142:25455:11725 is marked as paired, but its mate does not occur next to it in your BAM file.  Skipping. 
*****WARNING: Query A00434:74:HGW5JDRXX:1:2148:12445:14528 is marked as paired, but its mate does not occur next to it in your BAM file.  Skipping. 
*****WARNING: Query A00434:74:HGW5JDRXX:1:2150:15727:7936 is marked as paired, but its mate does not occur next to it in your BAM file.  Skipping. 
*****WARNING: Query A00434:74:HGW5JDRXX:1:2152:17725:6010 is marked as paired, but its mate does not occur next to it in your BAM file.  Skipping. 
*****WARNING: Query A00434:74:HGW5JDRXX:1:2153:3260:28682 is marked as paired, but its mate does not occur next to it in your BAM file.  Skipping. 
*****WARNING: Query A00434:74:HGW5JDRXX:1:2157:3007:18380 is marked as paired, but its mate does not occur next to it in your BAM file.  Skipping. 
*****WARNING: Query A00434:74:HGW5JDRXX:1:2157:20528:9424 is marked as paired, but its mate does not occur next to it in your BAM file.  Skipping. 
*****WARNING: Query A00434:74:HGW5JDRXX:1:2158:28447:12023 is marked as paired, but its mate does not occur next to it in your BAM file.  Skipping. 
*****WARNING: Query A00434:74:HGW5JDRXX:1:2160:21838:3709 is marked as paired, but its mate does not occur next to it in your BAM file.  Skipping. 
*****WARNING: Query A00434:74:HGW5JDRXX:1:2160:23204:17002 is marked as paired, but its mate does not occur next to it in your BAM file.  Skipping. 
*****WARNING: Query A00434:74:HGW5JDRXX:1:2161:23402:35477 is marked as paired, but its mate does not occur next to it in your BAM file.  Skipping. 
*****WARNING: Query A00434:74:HGW5JDRXX:1:2164:3712:11522 is marked as paired, but its mate does not occur next to it in your BAM file.  Skipping. 
*****WARNING: Query A00434:74:HGW5JDRXX:1:2167:27100:18208 is marked as paired, but its mate does not occur next to it in your BAM file.  Skipping. 
*****WARNING: Query A00434:74:HGW5JDRXX:1:2171:26476:22200 is marked as paired, but its mate does not occur next to it in your BAM file.  Skipping. 
*****WARNING: Query A00434:74:HGW5JDRXX:1:2173:10899:30639 is marked as paired, but its mate does not occur next to it in your BAM file.  Skipping. 
*****WARNING: Query A00434:74:HGW5JDRXX:1:2174:10954:4366 is marked as paired, but its mate does not occur next to it in your BAM file.  Skipping. 
*****WARNING: Query A00434:74:HGW5JDRXX:1:2178:7970:26537 is marked as paired, but its mate does not occur next to it in your BAM file.  Skipping. 
*****WARNING: Query A00434:74:HGW5JDRXX:1:2202:11424:6496 is marked as paired, but its mate does not occur next to it in your BAM file.  Skipping. 
*****WARNING: Query A00434:74:HGW5JDRXX:1:2204:14624:11036 is marked as paired, but its mate does not occur next to it in your BAM file.  Skipping. 
*****WARNING: Query A00434:74:HGW5JDRXX:1:2205:7771:36839 is marked as paired, but its mate does not occur next to it in your BAM file.  Skipping. 
*****WARNING: Query A00434:74:HGW5JDRXX:1:2206:19208:28964 is marked as paired, but its mate does not occur next to it in your BAM file.  Skipping. 
*****WARNING: Query A00434:74:HGW5JDRXX:1:2207:3233:21778 is marked as paired, but its mate does not occur next to it in your BAM file.  Skipping. 
*****WARNING: Query A00434:74:HGW5JDRXX:1:2207:5394:5008 is marked as paired, but its mate does not occur next to it in your BAM file.  Skipping. 
*****WARNING: Query A00434:74:HGW5JDRXX:1:2211:28953:25144 is marked as paired, but its mate does not occur next to it in your BAM file.  Skipping. 
*****WARNING: Query A00434:74:HGW5JDRXX:1:2212:24849:23484 is marked as paired, but its mate does not occur next to it in your BAM file.  Skipping. 
*****WARNING: Query A00434:74:HGW5JDRXX:1:2213:31150:21245 is marked as paired, but its mate does not occur next to it in your BAM file.  Skipping. 
*****WARNING: Query A00434:74:HGW5JDRXX:1:2216:3622:19225 is marked as paired, but its mate does not occur next to it in your BAM file.  Skipping. 
*****WARNING: Query A00434:74:HGW5JDRXX:1:2216:17752:31986 is marked as paired, but its mate does not occur next to it in your BAM file.  Skipping. 
*****WARNING: Query A00434:74:HGW5JDRXX:1:2218:27796:11303 is marked as paired, but its mate does not occur next to it in your BAM file.  Skipping. 
*****WARNING: Query A00434:74:HGW5JDRXX:1:2218:27896:19460 is marked as paired, but its mate does not occur next to it in your BAM file.  Skipping. 
*****WARNING: Query A00434:74:HGW5JDRXX:1:2222:5520:21104 is marked as paired, but its mate does not occur next to it in your BAM file.  Skipping. 
*****WARNING: Query A00434:74:HGW5JDRXX:1:2222:25482:1063 is marked as paired, but its mate does not occur next to it in your BAM file.  Skipping. 
*****WARNING: Query A00434:74:HGW5JDRXX:1:2228:4553:30107 is marked as paired, but its mate does not occur next to it in your BAM file.  Skipping. 
*****WARNING: Query A00434:74:HGW5JDRXX:1:2228:16396:2331 is marked as paired, but its mate does not occur next to it in your BAM file.  Skipping. 
*****WARNING: Query A00434:74:HGW5JDRXX:1:2228:20292:19507 is marked as paired, but its mate does not occur next to it in your BAM file.  Skipping. 
*****WARNING: Query A00434:74:HGW5JDRXX:1:2228:29532:20760 is marked as paired, but its mate does not occur next to it in your BAM file.  Skipping. 
*****WARNING: Query A00434:74:HGW5JDRXX:1:2228:30120:18458 is marked as paired, but its mate does not occur next to it in your BAM file.  Skipping. 
*****WARNING: Query A00434:74:HGW5JDRXX:1:2229:1823:22811 is marked as paired, but its mate does not occur next to it in your BAM file.  Skipping. 
*****WARNING: Query A00434:74:HGW5JDRXX:1:2229:30183:31814 is marked as paired, but its mate does not occur next to it in your BAM file.  Skipping. 
*****WARNING: Query A00434:74:HGW5JDRXX:1:2233:9815:36558 is marked as paired, but its mate does not occur next to it in your BAM file.  Skipping. 
*****WARNING: Query A00434:74:HGW5JDRXX:1:2233:27606:35556 is marked as paired, but its mate does not occur next to it in your BAM file.  Skipping. 
*****WARNING: Query A00434:74:HGW5JDRXX:1:2235:28700:36605 is marked as paired, but its mate does not occur next to it in your BAM file.  Skipping. 
*****WARNING: Query A00434:74:HGW5JDRXX:1:2236:30626:3458 is marked as paired, but its mate does not occur next to it in your BAM file.  Skipping. 
*****WARNING: Query A00434:74:HGW5JDRXX:1:2237:16089:11663 is marked as paired, but its mate does not occur next to it in your BAM file.  Skipping. 
*****WARNING: Query A00434:74:HGW5JDRXX:1:2239:22046:21731 is marked as paired, but its mate does not occur next to it in your BAM file.  Skipping. 
*****WARNING: Query A00434:74:HGW5JDRXX:1:2239:32253:6652 is marked as paired, but its mate does not occur next to it in your BAM file.  Skipping. 
*****WARNING: Query A00434:74:HGW5JDRXX:1:2241:15347:18646 is marked as paired, but its mate does not occur next to it in your BAM file.  Skipping. 
*****WARNING: Query A00434:74:HGW5JDRXX:1:2242:16749:18537 is marked as paired, but its mate does not occur next to it in your BAM file.  Skipping. 
*****WARNING: Query A00434:74:HGW5JDRXX:1:2242:24406:7498 is marked as paired, but its mate does not occur next to it in your BAM file.  Skipping. 
*****WARNING: Query A00434:74:HGW5JDRXX:1:2245:1850:19570 is marked as paired, but its mate does not occur next to it in your BAM file.  Skipping. 
*****WARNING: Query A00434:74:HGW5JDRXX:1:2245:22480:19194 is marked as paired, but its mate does not occur next to it in your BAM file.  Skipping. 
*****WARNING: Query A00434:74:HGW5JDRXX:1:2245:29179:35681 is marked as paired, but its mate does not occur next to it in your BAM file.  Skipping. 
*****WARNING: Query A00434:74:HGW5JDRXX:1:2248:9995:6151 is marked as paired, but its mate does not occur next to it in your BAM file.  Skipping. 
*****WARNING: Query A00434:74:HGW5JDRXX:1:2249:16062:5102 is marked as paired, but its mate does not occur next to it in your BAM file.  Skipping. 
*****WARNING: Query A00434:74:HGW5JDRXX:1:2252:13521:22028 is marked as paired, but its mate does not occur next to it in your BAM file.  Skipping. 
*****WARNING: Query A00434:74:HGW5JDRXX:1:2252:17155:11725 is marked as paired, but its mate does not occur next to it in your BAM file.  Skipping. 
*****WARNING: Query A00434:74:HGW5JDRXX:1:2253:2627:27555 is marked as paired, but its mate does not occur next to it in your BAM file.  Skipping. 
*****WARNING: Query A00434:74:HGW5JDRXX:1:2256:12753:31407 is marked as paired, but its mate does not occur next to it in your BAM file.  Skipping. 
*****WARNING: Query A00434:74:HGW5JDRXX:1:2257:23791:27602 is marked as paired, but its mate does not occur next to it in your BAM file.  Skipping. 
*****WARNING: Query A00434:74:HGW5JDRXX:1:2258:12961:34084 is marked as paired, but its mate does not occur next to it in your BAM file.  Skipping. 
*****WARNING: Query A00434:74:HGW5JDRXX:1:2262:21404:30358 is marked as paired, but its mate does not occur next to it in your BAM file.  Skipping. 
*****WARNING: Query A00434:74:HGW5JDRXX:1:2266:5846:20353 is marked as paired, but its mate does not occur next to it in your BAM file.  Skipping. 
*****WARNING: Query A00434:74:HGW5JDRXX:1:2266:16333:14403 is marked as paired, but its mate does not occur next to it in your BAM file.  Skipping. 
*****WARNING: Query A00434:74:HGW5JDRXX:1:2268:5909:28541 is marked as paired, but its mate does not occur next to it in your BAM file.  Skipping. 
*****WARNING: Query A00434:74:HGW5JDRXX:1:2268:8938:8296 is marked as paired, but its mate does not occur next to it in your BAM file.  Skipping. 
*****WARNING: Query A00434:74:HGW5JDRXX:1:2268:9941:27539 is marked as paired, but its mate does not occur next to it in your BAM file.  Skipping. 
*****WARNING: Query A00434:74:HGW5JDRXX:1:2271:29008:24079 is marked as paired, but its mate does not occur next to it in your BAM file.  Skipping. 
*****WARNING: Query A00434:74:HGW5JDRXX:1:2271:30129:20885 is marked as paired, but its mate does not occur next to it in your BAM file.  Skipping. 
*****WARNING: Query A00434:74:HGW5JDRXX:1:2272:16957:23312 is marked as paired, but its mate does not occur next to it in your BAM file.  Skipping. 
*****WARNING: Query A00434:74:HGW5JDRXX:1:2273:3631:18427 is marked as paired, but its mate does not occur next to it in your BAM file.  Skipping. 
*****WARNING: Query A00434:74:HGW5JDRXX:1:2276:5565:36307 is marked as paired, but its mate does not occur next to it in your BAM file.  Skipping. 
*****WARNING: Query A00434:74:HGW5JDRXX:1:2278:1579:10081 is marked as paired, but its mate does not occur next to it in your BAM file.  Skipping. 
*****WARNING: Query A00434:74:HGW5JDRXX:1:2278:28447:11710 is marked as paired, but its mate does not occur next to it in your BAM file.  Skipping. 
*****WARNING: Query A00434:74:HGW5JDRXX:2:2103:3025:15217 is marked as paired, but its mate does not occur next to it in your BAM file.  Skipping. 
*****WARNING: Query A00434:74:HGW5JDRXX:2:2104:30734:29951 is marked as paired, but its mate does not occur next to it in your BAM file.  Skipping. 
*****WARNING: Query A00434:74:HGW5JDRXX:2:2105:24704:11898 is marked as paired, but its mate does not occur next to it in your BAM file.  Skipping. 
*****WARNING: Query A00434:74:HGW5JDRXX:2:2106:21838:15045 is marked as paired, but its mate does not occur next to it in your BAM file.  Skipping. 
*****WARNING: Query A00434:74:HGW5JDRXX:2:2107:14705:4539 is marked as paired, but its mate does not occur next to it in your BAM file.  Skipping. 
*****WARNING: Query A00434:74:HGW5JDRXX:2:2108:29396:14826 is marked as paired, but its mate does not occur next to it in your BAM file.  Skipping. 
*****WARNING: Query A00434:74:HGW5JDRXX:2:2110:28556:4507 is marked as paired, but its mate does not occur next to it in your BAM file.  Skipping. 
*****WARNING: Query A00434:74:HGW5JDRXX:2:2111:18141:8202 is marked as paired, but its mate does not occur next to it in your BAM file.  Skipping. 
*****WARNING: Query A00434:74:HGW5JDRXX:2:2111:23809:8218 is marked as paired, but its mate does not occur next to it in your BAM file.  Skipping. 
*****WARNING: Query A00434:74:HGW5JDRXX:2:2111:27615:28494 is marked as paired, but its mate does not occur next to it in your BAM file.  Skipping. 
*****WARNING: Query A00434:74:HGW5JDRXX:2:2111:30219:21230 is marked as paired, but its mate does not occur next to it in your BAM file.  Skipping. 
*****WARNING: Query A00434:74:HGW5JDRXX:2:2112:11650:36417 is marked as paired, but its mate does not occur next to it in your BAM file.  Skipping. 
*****WARNING: Query A00434:74:HGW5JDRXX:2:2112:13214:25347 is marked as paired, but its mate does not occur next to it in your BAM file.  Skipping. 
*****WARNING: Query A00434:74:HGW5JDRXX:2:2113:9670:11099 is marked as paired, but its mate does not occur next to it in your BAM file.  Skipping. 
*****WARNING: Query A00434:74:HGW5JDRXX:2:2114:8097:24251 is marked as paired, but its mate does not occur next to it in your BAM file.  Skipping. 
*****WARNING: Query A00434:74:HGW5JDRXX:2:2118:10022:12461 is marked as paired, but its mate does not occur next to it in your BAM file.  Skipping. 
*****WARNING: Query A00434:74:HGW5JDRXX:2:2119:29243:6324 is marked as paired, but its mate does not occur next to it in your BAM file.  Skipping. 
*****WARNING: Query A00434:74:HGW5JDRXX:2:2120:22354:10676 is marked as paired, but its mate does not occur next to it in your BAM file.  Skipping. 
*****WARNING: Query A00434:74:HGW5JDRXX:2:2121:14461:31798 is marked as paired, but its mate does not occur next to it in your BAM file.  Skipping. 
*****WARNING: Query A00434:74:HGW5JDRXX:2:2124:29071:30859 is marked as paired, but its mate does not occur next to it in your BAM file.  Skipping. 
*****WARNING: Query A00434:74:HGW5JDRXX:2:2126:11803:33051 is marked as paired, but its mate does not occur next to it in your BAM file.  Skipping. 
*****WARNING: Query A00434:74:HGW5JDRXX:2:2126:23909:8891 is marked as paired, but its mate does not occur next to it in your BAM file.  Skipping. 
*****WARNING: Query A00434:74:HGW5JDRXX:2:2131:1407:27539 is marked as paired, but its mate does not occur next to it in your BAM file.  Skipping. 
*****WARNING: Query A00434:74:HGW5JDRXX:2:2131:24325:10394 is marked as paired, but its mate does not occur next to it in your BAM file.  Skipping. 
*****WARNING: Query A00434:74:HGW5JDRXX:2:2133:22218:16016 is marked as paired, but its mate does not occur next to it in your BAM file.  Skipping. 
*****WARNING: Query A00434:74:HGW5JDRXX:2:2135:25590:36229 is marked as paired, but its mate does not occur next to it in your BAM file.  Skipping. 
*****WARNING: Query A00434:74:HGW5JDRXX:2:2135:30517:30514 is marked as paired, but its mate does not occur next to it in your BAM file.  Skipping. 
*****WARNING: Query A00434:74:HGW5JDRXX:2:2136:10339:28260 is marked as paired, but its mate does not occur next to it in your BAM file.  Skipping. 
*****WARNING: Query A00434:74:HGW5JDRXX:2:2137:30924:32659 is marked as paired, but its mate does not occur next to it in your BAM file.  Skipping. 
*****WARNING: Query A00434:74:HGW5JDRXX:2:2138:27606:32142 is marked as paired, but its mate does not occur next to it in your BAM file.  Skipping. 
*****WARNING: Query A00434:74:HGW5JDRXX:2:2141:12834:12320 is marked as paired, but its mate does not occur next to it in your BAM file.  Skipping. 
*****WARNING: Query A00434:74:HGW5JDRXX:2:2141:23547:32816 is marked as paired, but its mate does not occur next to it in your BAM file.  Skipping. 
*****WARNING: Query A00434:74:HGW5JDRXX:2:2143:2609:11584 is marked as paired, but its mate does not occur next to it in your BAM file.  Skipping. 
*****WARNING: Query A00434:74:HGW5JDRXX:2:2144:8739:17910 is marked as paired, but its mate does not occur next to it in your BAM file.  Skipping. 
*****WARNING: Query A00434:74:HGW5JDRXX:2:2145:10230:36213 is marked as paired, but its mate does not occur next to it in your BAM file.  Skipping. 
*****WARNING: Query A00434:74:HGW5JDRXX:2:2147:14760:31782 is marked as paired, but its mate does not occur next to it in your BAM file.  Skipping. 
*****WARNING: Query A00434:74:HGW5JDRXX:2:2150:14669:14309 is marked as paired, but its mate does not occur next to it in your BAM file.  Skipping. 
*****WARNING: Query A00434:74:HGW5JDRXX:2:2150:19000:36902 is marked as paired, but its mate does not occur next to it in your BAM file.  Skipping. 
*****WARNING: Query A00434:74:HGW5JDRXX:2:2152:22191:33630 is marked as paired, but its mate does not occur next to it in your BAM file.  Skipping. 
*****WARNING: Query A00434:74:HGW5JDRXX:2:2154:17580:8328 is marked as paired, but its mate does not occur next to it in your BAM file.  Skipping. 
*****WARNING: Query A00434:74:HGW5JDRXX:2:2155:27019:5541 is marked as paired, but its mate does not occur next to it in your BAM file.  Skipping. 
*****WARNING: Query A00434:74:HGW5JDRXX:2:2157:5737:10708 is marked as paired, but its mate does not occur next to it in your BAM file.  Skipping. 
*****WARNING: Query A00434:74:HGW5JDRXX:2:2160:15338:34194 is marked as paired, but its mate does not occur next to it in your BAM file.  Skipping. 
*****WARNING: Query A00434:74:HGW5JDRXX:2:2162:23827:20588 is marked as paired, but its mate does not occur next to it in your BAM file.  Skipping. 
*****WARNING: Query A00434:74:HGW5JDRXX:2:2163:14606:9095 is marked as paired, but its mate does not occur next to it in your BAM file.  Skipping. 
*****WARNING: Query A00434:74:HGW5JDRXX:2:2166:26069:15295 is marked as paired, but its mate does not occur next to it in your BAM file.  Skipping. 
*****WARNING: Query A00434:74:HGW5JDRXX:2:2170:7401:28463 is marked as paired, but its mate does not occur next to it in your BAM file.  Skipping. 
*****WARNING: Query A00434:74:HGW5JDRXX:2:2171:8115:4398 is marked as paired, but its mate does not occur next to it in your BAM file.  Skipping. 
*****WARNING: Query A00434:74:HGW5JDRXX:2:2171:17065:7091 is marked as paired, but its mate does not occur next to it in your BAM file.  Skipping. 
*****WARNING: Query A00434:74:HGW5JDRXX:2:2172:17951:28573 is marked as paired, but its mate does not occur next to it in your BAM file.  Skipping. 
*****WARNING: Query A00434:74:HGW5JDRXX:2:2175:1542:22576 is marked as paired, but its mate does not occur next to it in your BAM file.  Skipping. 
*****WARNING: Query A00434:74:HGW5JDRXX:2:2176:24334:30452 is marked as paired, but its mate does not occur next to it in your BAM file.  Skipping. 
*****WARNING: Query A00434:74:HGW5JDRXX:2:2177:9399:7153 is marked as paired, but its mate does not occur next to it in your BAM file.  Skipping. 
*****WARNING: Query A00434:74:HGW5JDRXX:2:2177:19669:13291 is marked as paired, but its mate does not occur next to it in your BAM file.  Skipping. 
*****WARNING: Query A00434:74:HGW5JDRXX:2:2177:26784:31688 is marked as paired, but its mate does not occur next to it in your BAM file.  Skipping. 
*****WARNING: Query A00434:74:HGW5JDRXX:2:2178:7554:32080 is marked as paired, but its mate does not occur next to it in your BAM file.  Skipping. 
*****WARNING: Query A00434:74:HGW5JDRXX:2:2205:20292:13777 is marked as paired, but its mate does not occur next to it in your BAM file.  Skipping. 
*****WARNING: Query A00434:74:HGW5JDRXX:2:2206:11225:36526 is marked as paired, but its mate does not occur next to it in your BAM file.  Skipping. 
*****WARNING: Query A00434:74:HGW5JDRXX:2:2206:18177:8328 is marked as paired, but its mate does not occur next to it in your BAM file.  Skipping. 
*****WARNING: Query A00434:74:HGW5JDRXX:2:2206:20717:28260 is marked as paired, but its mate does not occur next to it in your BAM file.  Skipping. 
*****WARNING: Query A00434:74:HGW5JDRXX:2:2207:26684:32205 is marked as paired, but its mate does not occur next to it in your BAM file.  Skipping. 
*****WARNING: Query A00434:74:HGW5JDRXX:2:2208:21224:27727 is marked as paired, but its mate does not occur next to it in your BAM file.  Skipping. 
*****WARNING: Query A00434:74:HGW5JDRXX:2:2209:16405:27962 is marked as paired, but its mate does not occur next to it in your BAM file.  Skipping. 
*****WARNING: Query A00434:74:HGW5JDRXX:2:2210:5837:17362 is marked as paired, but its mate does not occur next to it in your BAM file.  Skipping. 
*****WARNING: Query A00434:74:HGW5JDRXX:2:2210:8250:4758 is marked as paired, but its mate does not occur next to it in your BAM file.  Skipping. 
*****WARNING: Query A00434:74:HGW5JDRXX:2:2211:12011:12273 is marked as paired, but its mate does not occur next to it in your BAM file.  Skipping. 
*****WARNING: Query A00434:74:HGW5JDRXX:2:2211:28574:8015 is marked as paired, but its mate does not occur next to it in your BAM file.  Skipping. 
*****WARNING: Query A00434:74:HGW5JDRXX:2:2213:3549:20760 is marked as paired, but its mate does not occur next to it in your BAM file.  Skipping. 
*****WARNING: Query A00434:74:HGW5JDRXX:2:2213:12735:33348 is marked as paired, but its mate does not occur next to it in your BAM file.  Skipping. 
*****WARNING: Query A00434:74:HGW5JDRXX:2:2215:8431:26804 is marked as paired, but its mate does not occur next to it in your BAM file.  Skipping. 
*****WARNING: Query A00434:74:HGW5JDRXX:2:2215:18313:18552 is marked as paired, but its mate does not occur next to it in your BAM file.  Skipping. 
*****WARNING: Query A00434:74:HGW5JDRXX:2:2219:25211:26115 is marked as paired, but its mate does not occur next to it in your BAM file.  Skipping. 
*****WARNING: Query A00434:74:HGW5JDRXX:2:2221:9109:11663 is marked as paired, but its mate does not occur next to it in your BAM file.  Skipping. 
*****WARNING: Query A00434:74:HGW5JDRXX:2:2221:27887:31814 is marked as paired, but its mate does not occur next to it in your BAM file.  Skipping. 
*****WARNING: Query A00434:74:HGW5JDRXX:2:2222:17155:3458 is marked as paired, but its mate does not occur next to it in your BAM file.  Skipping. 
*****WARNING: Query A00434:74:HGW5JDRXX:2:2225:3450:11036 is marked as paired, but its mate does not occur next to it in your BAM file.  Skipping. 
*****WARNING: Query A00434:74:HGW5JDRXX:2:2225:14154:17112 is marked as paired, but its mate does not occur next to it in your BAM file.  Skipping. 
*****WARNING: Query A00434:74:HGW5JDRXX:2:2226:31964:5556 is marked as paired, but its mate does not occur next to it in your BAM file.  Skipping. 
*****WARNING: Query A00434:74:HGW5JDRXX:2:2228:21206:29199 is marked as paired, but its mate does not occur next to it in your BAM file.  Skipping. 
*****WARNING: Query A00434:74:HGW5JDRXX:2:2229:28763:15640 is marked as paired, but its mate does not occur next to it in your BAM file.  Skipping. 
*****WARNING: Query A00434:74:HGW5JDRXX:2:2231:27290:30499 is marked as paired, but its mate does not occur next to it in your BAM file.  Skipping. 
*****WARNING: Query A00434:74:HGW5JDRXX:2:2231:28809:20823 is marked as paired, but its mate does not occur next to it in your BAM file.  Skipping. 
*****WARNING: Query A00434:74:HGW5JDRXX:2:2234:3287:7905 is marked as paired, but its mate does not occur next to it in your BAM file.  Skipping. 
*****WARNING: Query A00434:74:HGW5JDRXX:2:2234:17842:18427 is marked as paired, but its mate does not occur next to it in your BAM file.  Skipping. 
*****WARNING: Query A00434:74:HGW5JDRXX:2:2234:31241:19742 is marked as paired, but its mate does not occur next to it in your BAM file.  Skipping. 
*****WARNING: Query A00434:74:HGW5JDRXX:2:2234:32904:10003 is marked as paired, but its mate does not occur next to it in your BAM file.  Skipping. 
*****WARNING: Query A00434:74:HGW5JDRXX:2:2239:8467:4319 is marked as paired, but its mate does not occur next to it in your BAM file.  Skipping. 
*****WARNING: Query A00434:74:HGW5JDRXX:2:2239:11406:31015 is marked as paired, but its mate does not occur next to it in your BAM file.  Skipping. 
*****WARNING: Query A00434:74:HGW5JDRXX:2:2241:14751:34491 is marked as paired, but its mate does not occur next to it in your BAM file.  Skipping. 
*****WARNING: Query A00434:74:HGW5JDRXX:2:2242:29306:12101 is marked as paired, but its mate does not occur next to it in your BAM file.  Skipping. 
*****WARNING: Query A00434:74:HGW5JDRXX:2:2243:14335:8876 is marked as paired, but its mate does not occur next to it in your BAM file.  Skipping. 
*****WARNING: Query A00434:74:HGW5JDRXX:2:2244:26078:35947 is marked as paired, but its mate does not occur next to it in your BAM file.  Skipping. 
*****WARNING: Query A00434:74:HGW5JDRXX:2:2244:31819:19836 is marked as paired, but its mate does not occur next to it in your BAM file.  Skipping. 
*****WARNING: Query A00434:74:HGW5JDRXX:2:2247:12852:27164 is marked as paired, but its mate does not occur next to it in your BAM file.  Skipping. 
*****WARNING: Query A00434:74:HGW5JDRXX:2:2248:12943:21621 is marked as paired, but its mate does not occur next to it in your BAM file.  Skipping. 
*****WARNING: Query A00434:74:HGW5JDRXX:2:2248:19949:9862 is marked as paired, but its mate does not occur next to it in your BAM file.  Skipping. 
*****WARNING: Query A00434:74:HGW5JDRXX:2:2250:16740:33552 is marked as paired, but its mate does not occur next to it in your BAM file.  Skipping. 
*****WARNING: Query A00434:74:HGW5JDRXX:2:2252:13548:22451 is marked as paired, but its mate does not occur next to it in your BAM file.  Skipping. 
*****WARNING: Query A00434:74:HGW5JDRXX:2:2254:8377:29027 is marked as paired, but its mate does not occur next to it in your BAM file.  Skipping. 
*****WARNING: Query A00434:74:HGW5JDRXX:2:2257:28429:24048 is marked as paired, but its mate does not occur next to it in your BAM file.  Skipping. 
*****WARNING: Query A00434:74:HGW5JDRXX:2:2258:28284:25269 is marked as paired, but its mate does not occur next to it in your BAM file.  Skipping. 
*****WARNING: Query A00434:74:HGW5JDRXX:2:2259:26820:10739 is marked as paired, but its mate does not occur next to it in your BAM file.  Skipping. 
*****WARNING: Query A00434:74:HGW5JDRXX:2:2259:28836:35336 is marked as paired, but its mate does not occur next to it in your BAM file.  Skipping. 
*****WARNING: Query A00434:74:HGW5JDRXX:2:2260:9155:3004 is marked as paired, but its mate does not occur next to it in your BAM file.  Skipping. 
*****WARNING: Query A00434:74:HGW5JDRXX:2:2264:2094:30608 is marked as paired, but its mate does not occur next to it in your BAM file.  Skipping. 
*****WARNING: Query A00434:74:HGW5JDRXX:2:2266:4399:14653 is marked as paired, but its mate does not occur next to it in your BAM file.  Skipping. 
*****WARNING: Query A00434:74:HGW5JDRXX:2:2266:25310:23312 is marked as paired, but its mate does not occur next to it in your BAM file.  Skipping. 
*****WARNING: Query A00434:74:HGW5JDRXX:2:2276:17011:10254 is marked as paired, but its mate does not occur next to it in your BAM file.  Skipping. 
*****WARNING: Query A00434:74:HGW5JDRXX:2:2277:12861:18443 is marked as paired, but its mate does not occur next to it in your BAM file.  Skipping. 
[Thu Jul  6 11:34:40 2023]
Finished job 0.
1 of 1 steps (100%) done
