Building DAG of jobs...
Using shell: /usr/bin/bash
Provided cores: 1 (use --cores to define parallelism)
Rules claiming more threads will be scaled down.
Job counts:
	count	jobs
	1	markDups
	1

[Thu Jul  6 11:02:10 2023]
rule markDups:
    input: Bam/yw-3LW-wing-ak27ac-sup-Rep1_dm6-sacCer3-droYak2_trim_q5.bam
    output: Bam/yw-3LW-wing-ak27ac-sup-Rep1_dm6-sacCer3-droYak2_trim_q5_dupsMarked.bam, PCRdups/yw-3LW-wing-ak27ac-sup-Rep1_dm6-sacCer3-droYak2_trim_PCR_duplicates, Bam/yw-3LW-wing-ak27ac-sup-Rep1_dm6-sacCer3-droYak2_trim_q5_sorted.bam
    jobid: 0
    wildcards: sample=yw-3LW-wing-ak27ac-sup-Rep1, species=dm6-sacCer3-droYak2

Activating environment modules: picard/2.2.4
[Thu Jul 06 11:02:13 EDT 2023] picard.sam.SortSam INPUT=Bam/yw-3LW-wing-ak27ac-sup-Rep1_dm6-sacCer3-droYak2_trim_q5.bam OUTPUT=Bam/yw-3LW-wing-ak27ac-sup-Rep1_dm6-sacCer3-droYak2_trim_q5_sorted.bam SORT_ORDER=coordinate    VERBOSITY=INFO QUIET=false VALIDATION_STRINGENCY=STRICT COMPRESSION_LEVEL=5 MAX_RECORDS_IN_RAM=500000 CREATE_INDEX=false CREATE_MD5_FILE=false GA4GH_CLIENT_SECRETS=client_secrets.json
[Thu Jul 06 11:02:13 EDT 2023] Executing as mjn15@c1124.ll.unc.edu on Linux 4.18.0-348.2.1.el8_5.x86_64 amd64; OpenJDK 64-Bit Server VM 1.8.0_352-b08; Picard version: 2.2.4(920e3247c340720b009f2398c1b93cce132c9bed_1461793281) IntelDeflater
INFO	2023-07-06 11:04:05	SortSam	Read    10,000,000 records.  Elapsed time: 00:01:52s.  Time for last 10,000,000:  112s.  Last read position: dm6_chr2R:23,877,577
INFO	2023-07-06 11:05:52	SortSam	Read    20,000,000 records.  Elapsed time: 00:03:39s.  Time for last 10,000,000:  107s.  Last read position: dm6_chr2R:22,212,868
INFO	2023-07-06 11:06:05	SortSam	Finished reading inputs, merging and writing to output now.
INFO	2023-07-06 11:07:50	SortSam	Wrote    10,000,000 records from a sorting collection.  Elapsed time: 00:05:37s.  Time for last 10,000,000:  103s.  Last read position: dm6_chr3L:1,135,493
INFO	2023-07-06 11:09:32	SortSam	Wrote    20,000,000 records from a sorting collection.  Elapsed time: 00:07:19s.  Time for last 10,000,000:  101s.  Last read position: dm6_chrX:12,222,824
[Thu Jul 06 11:09:46 EDT 2023] picard.sam.SortSam done. Elapsed time: 7.56 minutes.
Runtime.totalMemory()=2076049408
[Thu Jul 06 11:09:47 EDT 2023] picard.sam.markduplicates.MarkDuplicates TAGGING_POLICY=All INPUT=[Bam/yw-3LW-wing-ak27ac-sup-Rep1_dm6-sacCer3-droYak2_trim_q5_sorted.bam] OUTPUT=Bam/yw-3LW-wing-ak27ac-sup-Rep1_dm6-sacCer3-droYak2_trim_q5_dupsMarked.bam METRICS_FILE=PCRdups/yw-3LW-wing-ak27ac-sup-Rep1_dm6-sacCer3-droYak2_trim_PCR_duplicates REMOVE_DUPLICATES=false ASSUME_SORTED=true    MAX_SEQUENCES_FOR_DISK_READ_ENDS_MAP=50000 MAX_FILE_HANDLES_FOR_READ_ENDS_MAP=8000 SORTING_COLLECTION_SIZE_RATIO=0.25 REMOVE_SEQUENCING_DUPLICATES=false DUPLICATE_SCORING_STRATEGY=SUM_OF_BASE_QUALITIES PROGRAM_RECORD_ID=MarkDuplicates PROGRAM_GROUP_NAME=MarkDuplicates READ_NAME_REGEX=<optimized capture of last three ':' separated fields as numeric values> OPTICAL_DUPLICATE_PIXEL_DISTANCE=100 VERBOSITY=INFO QUIET=false VALIDATION_STRINGENCY=STRICT COMPRESSION_LEVEL=5 MAX_RECORDS_IN_RAM=500000 CREATE_INDEX=false CREATE_MD5_FILE=false GA4GH_CLIENT_SECRETS=client_secrets.json
[Thu Jul 06 11:09:47 EDT 2023] Executing as mjn15@c1124.ll.unc.edu on Linux 4.18.0-348.2.1.el8_5.x86_64 amd64; OpenJDK 64-Bit Server VM 1.8.0_352-b08; Picard version: 2.2.4(920e3247c340720b009f2398c1b93cce132c9bed_1461793281) IntelDeflater
INFO	2023-07-06 11:09:47	MarkDuplicates	Start of doWork freeMemory: 2062981944; totalMemory: 2076049408; maxMemory: 8303607808
INFO	2023-07-06 11:09:47	MarkDuplicates	Reading input file and constructing read end information.
INFO	2023-07-06 11:09:47	MarkDuplicates	Will retain up to 31936953 data points before spilling to disk.
INFO	2023-07-06 11:09:58	MarkDuplicates	Read     1,000,000 records.  Elapsed time: 00:00:10s.  Time for last 1,000,000:   10s.  Last read position: droYak2_chr3L:1,060,062
INFO	2023-07-06 11:09:58	MarkDuplicates	Tracking 8 as yet unmatched pairs. 8 records in RAM.
INFO	2023-07-06 11:10:04	MarkDuplicates	Read     2,000,000 records.  Elapsed time: 00:00:17s.  Time for last 1,000,000:    6s.  Last read position: droYak2_chr3R:26,378,041
INFO	2023-07-06 11:10:04	MarkDuplicates	Tracking 26 as yet unmatched pairs. 26 records in RAM.
INFO	2023-07-06 11:10:10	MarkDuplicates	Read     3,000,000 records.  Elapsed time: 00:00:22s.  Time for last 1,000,000:    5s.  Last read position: dm6_chr2L:2,732,135
INFO	2023-07-06 11:10:10	MarkDuplicates	Tracking 24 as yet unmatched pairs. 24 records in RAM.
INFO	2023-07-06 11:10:16	MarkDuplicates	Read     4,000,000 records.  Elapsed time: 00:00:28s.  Time for last 1,000,000:    5s.  Last read position: dm6_chr2L:9,014,684
INFO	2023-07-06 11:10:16	MarkDuplicates	Tracking 8 as yet unmatched pairs. 8 records in RAM.
INFO	2023-07-06 11:10:22	MarkDuplicates	Read     5,000,000 records.  Elapsed time: 00:00:34s.  Time for last 1,000,000:    5s.  Last read position: dm6_chr2L:16,299,706
INFO	2023-07-06 11:10:22	MarkDuplicates	Tracking 64 as yet unmatched pairs. 64 records in RAM.
INFO	2023-07-06 11:10:28	MarkDuplicates	Read     6,000,000 records.  Elapsed time: 00:00:40s.  Time for last 1,000,000:    5s.  Last read position: dm6_chr2L:22,981,728
INFO	2023-07-06 11:10:28	MarkDuplicates	Tracking 122 as yet unmatched pairs. 122 records in RAM.
INFO	2023-07-06 11:10:34	MarkDuplicates	Read     7,000,000 records.  Elapsed time: 00:00:46s.  Time for last 1,000,000:    5s.  Last read position: dm6_chr2R:8,353,417
INFO	2023-07-06 11:10:34	MarkDuplicates	Tracking 16 as yet unmatched pairs. 16 records in RAM.
INFO	2023-07-06 11:10:39	MarkDuplicates	Read     8,000,000 records.  Elapsed time: 00:00:51s.  Time for last 1,000,000:    5s.  Last read position: dm6_chr2R:14,699,351
INFO	2023-07-06 11:10:39	MarkDuplicates	Tracking 16 as yet unmatched pairs. 16 records in RAM.
INFO	2023-07-06 11:10:45	MarkDuplicates	Read     9,000,000 records.  Elapsed time: 00:00:57s.  Time for last 1,000,000:    5s.  Last read position: dm6_chr2R:21,045,554
INFO	2023-07-06 11:10:45	MarkDuplicates	Tracking 18 as yet unmatched pairs. 18 records in RAM.
INFO	2023-07-06 11:10:50	MarkDuplicates	Read    10,000,000 records.  Elapsed time: 00:01:02s.  Time for last 1,000,000:    5s.  Last read position: dm6_chr3L:1,135,493
INFO	2023-07-06 11:10:50	MarkDuplicates	Tracking 8 as yet unmatched pairs. 8 records in RAM.
INFO	2023-07-06 11:10:56	MarkDuplicates	Read    11,000,000 records.  Elapsed time: 00:01:08s.  Time for last 1,000,000:    5s.  Last read position: dm6_chr3L:8,137,838
INFO	2023-07-06 11:10:56	MarkDuplicates	Tracking 12 as yet unmatched pairs. 12 records in RAM.
INFO	2023-07-06 11:11:05	MarkDuplicates	Read    12,000,000 records.  Elapsed time: 00:01:17s.  Time for last 1,000,000:    8s.  Last read position: dm6_chr3L:14,359,404
INFO	2023-07-06 11:11:05	MarkDuplicates	Tracking 28 as yet unmatched pairs. 28 records in RAM.
INFO	2023-07-06 11:11:11	MarkDuplicates	Read    13,000,000 records.  Elapsed time: 00:01:23s.  Time for last 1,000,000:    5s.  Last read position: dm6_chr3L:20,497,973
INFO	2023-07-06 11:11:11	MarkDuplicates	Tracking 40 as yet unmatched pairs. 40 records in RAM.
INFO	2023-07-06 11:11:17	MarkDuplicates	Read    14,000,000 records.  Elapsed time: 00:01:29s.  Time for last 1,000,000:    5s.  Last read position: dm6_chr3R:4,582,035
INFO	2023-07-06 11:11:17	MarkDuplicates	Tracking 12 as yet unmatched pairs. 12 records in RAM.
INFO	2023-07-06 11:11:22	MarkDuplicates	Read    15,000,000 records.  Elapsed time: 00:01:34s.  Time for last 1,000,000:    5s.  Last read position: dm6_chr3R:10,635,280
INFO	2023-07-06 11:11:22	MarkDuplicates	Tracking 18 as yet unmatched pairs. 18 records in RAM.
INFO	2023-07-06 11:11:28	MarkDuplicates	Read    16,000,000 records.  Elapsed time: 00:01:40s.  Time for last 1,000,000:    5s.  Last read position: dm6_chr3R:17,705,985
INFO	2023-07-06 11:11:28	MarkDuplicates	Tracking 70 as yet unmatched pairs. 70 records in RAM.
INFO	2023-07-06 11:11:33	MarkDuplicates	Read    17,000,000 records.  Elapsed time: 00:01:46s.  Time for last 1,000,000:    5s.  Last read position: dm6_chr3R:24,299,321
INFO	2023-07-06 11:11:33	MarkDuplicates	Tracking 64 as yet unmatched pairs. 64 records in RAM.
INFO	2023-07-06 11:11:39	MarkDuplicates	Read    18,000,000 records.  Elapsed time: 00:01:51s.  Time for last 1,000,000:    5s.  Last read position: dm6_chr3R:31,407,144
INFO	2023-07-06 11:11:39	MarkDuplicates	Tracking 24 as yet unmatched pairs. 24 records in RAM.
INFO	2023-07-06 11:11:45	MarkDuplicates	Read    19,000,000 records.  Elapsed time: 00:01:57s.  Time for last 1,000,000:    5s.  Last read position: dm6_chrX:2,942,925
INFO	2023-07-06 11:11:45	MarkDuplicates	Tracking 22 as yet unmatched pairs. 22 records in RAM.
INFO	2023-07-06 11:11:51	MarkDuplicates	Read    20,000,000 records.  Elapsed time: 00:02:03s.  Time for last 1,000,000:    5s.  Last read position: dm6_chrX:12,222,824
INFO	2023-07-06 11:11:51	MarkDuplicates	Tracking 10 as yet unmatched pairs. 10 records in RAM.
INFO	2023-07-06 11:11:56	MarkDuplicates	Read    21,000,000 records.  Elapsed time: 00:02:08s.  Time for last 1,000,000:    5s.  Last read position: dm6_chrX:21,367,492
INFO	2023-07-06 11:11:56	MarkDuplicates	Tracking 36 as yet unmatched pairs. 36 records in RAM.
INFO	2023-07-06 11:12:02	MarkDuplicates	Read 21389984 records. 0 pairs never matched.
INFO	2023-07-06 11:12:05	MarkDuplicates	After buildSortedReadEndLists freeMemory: 3603279912; totalMemory: 6205128704; maxMemory: 8303607808
INFO	2023-07-06 11:12:05	MarkDuplicates	Will retain up to 129743872 duplicate indices before spilling to disk.
INFO	2023-07-06 11:12:06	MarkDuplicates	Traversing read pair information and detecting duplicates.
INFO	2023-07-06 11:12:12	OpticalDuplicateFinder	Large duplicate set. size = 1274
INFO	2023-07-06 11:12:12	OpticalDuplicateFinder	compared         1,000 ReadEnds to others.  Elapsed time: 00:00:00s.  Time for last 1,000:    0s.  Last read position: 0:2,293
INFO	2023-07-06 11:12:12	OpticalDuplicateFinder	Large duplicate set. size = 1088
INFO	2023-07-06 11:12:13	OpticalDuplicateFinder	compared         1,000 ReadEnds to others.  Elapsed time: 00:00:00s.  Time for last 1,000:    0s.  Last read position: 0:8,404
INFO	2023-07-06 11:12:13	OpticalDuplicateFinder	Large duplicate set. size = 2307
INFO	2023-07-06 11:12:13	OpticalDuplicateFinder	compared         1,000 ReadEnds to others.  Elapsed time: 00:00:00s.  Time for last 1,000:    0s.  Last read position: 0:19,235
INFO	2023-07-06 11:12:13	OpticalDuplicateFinder	compared         2,000 ReadEnds to others.  Elapsed time: 00:00:00s.  Time for last 1,000:    0s.  Last read position: 0:17,689
INFO	2023-07-06 11:12:13	OpticalDuplicateFinder	Large duplicate set. size = 2247
INFO	2023-07-06 11:12:13	OpticalDuplicateFinder	compared         1,000 ReadEnds to others.  Elapsed time: 00:00:00s.  Time for last 1,000:    0s.  Last read position: 0:17,363
INFO	2023-07-06 11:12:13	OpticalDuplicateFinder	compared         2,000 ReadEnds to others.  Elapsed time: 00:00:00s.  Time for last 1,000:    0s.  Last read position: 0:9,326
INFO	2023-07-06 11:12:13	OpticalDuplicateFinder	Large duplicate set. size = 1198
INFO	2023-07-06 11:12:13	OpticalDuplicateFinder	compared         1,000 ReadEnds to others.  Elapsed time: 00:00:00s.  Time for last 1,000:    0s.  Last read position: 0:28,420
INFO	2023-07-06 11:12:13	OpticalDuplicateFinder	Large duplicate set. size = 1221
INFO	2023-07-06 11:12:13	OpticalDuplicateFinder	compared         1,000 ReadEnds to others.  Elapsed time: 00:00:00s.  Time for last 1,000:    0s.  Last read position: 0:6,659
INFO	2023-07-06 11:12:13	MarkDuplicates	Traversing fragment information and detecting duplicates.
INFO	2023-07-06 11:12:17	MarkDuplicates	Sorting list of duplicate records.
INFO	2023-07-06 11:12:19	MarkDuplicates	After generateDuplicateIndexes freeMemory: 4093859144; totalMemory: 6205128704; maxMemory: 8303607808
INFO	2023-07-06 11:12:19	MarkDuplicates	Marking 14932394 records as duplicates.
INFO	2023-07-06 11:12:19	MarkDuplicates	Found 31220 optical duplicate clusters.
INFO	2023-07-06 11:12:19	MarkDuplicates	Reads are assumed to be ordered by: coordinate
INFO	2023-07-06 11:14:49	MarkDuplicates	Written    10,000,000 records.  Elapsed time: 00:02:29s.  Time for last 10,000,000:  149s.  Last read position: dm6_chr3L:1,135,493
INFO	2023-07-06 11:17:24	MarkDuplicates	Written    20,000,000 records.  Elapsed time: 00:05:05s.  Time for last 10,000,000:  155s.  Last read position: dm6_chrX:12,222,824
INFO	2023-07-06 11:17:46	MarkDuplicates	Before output close freeMemory: 5130849664; totalMemory: 6205128704; maxMemory: 8303607808
INFO	2023-07-06 11:17:46	MarkDuplicates	After output close freeMemory: 5013874240; totalMemory: 6087512064; maxMemory: 8303607808
[Thu Jul 06 11:17:46 EDT 2023] picard.sam.markduplicates.MarkDuplicates done. Elapsed time: 7.99 minutes.
Runtime.totalMemory()=6087512064
[Thu Jul  6 11:17:47 2023]
Finished job 0.
1 of 1 steps (100%) done
