Building DAG of jobs...
Using shell: /usr/bin/bash
Provided cores: 1 (use --cores to define parallelism)
Rules claiming more threads will be scaled down.
Job counts:
	count	jobs
	3	makeFragmentBedGraphs
	6	makeSpikeNormFragmentBedGraphs
	1	splitFragments
	10

[Thu Jul  6 11:19:11 2023]
rule splitFragments:
    input: Bed/yw-3LW-wing-ak27ac-pel-Rep1_dm6_trim_q5_dupsRemoved.bed
    output: Bed/yw-3LW-wing-ak27ac-pel-Rep1_dm6_trim_q5_dupsRemoved_allFrags.bed, Bed/yw-3LW-wing-ak27ac-pel-Rep1_dm6_trim_q5_dupsRemoved_20to120.bed, Bed/yw-3LW-wing-ak27ac-pel-Rep1_dm6_trim_q5_dupsRemoved_150to700.bed
    jobid: 9
    wildcards: sample=yw-3LW-wing-ak27ac-pel-Rep1, REFGENOME=dm6

[Thu Jul  6 11:19:19 2023]
Finished job 9.
1 of 10 steps (10%) done

[Thu Jul  6 11:19:19 2023]
rule makeSpikeNormFragmentBedGraphs:
    input: Bed/yw-3LW-wing-ak27ac-pel-Rep1_dm6_trim_q5_dupsRemoved_allFrags.bed, Bam/yw-3LW-wing-ak27ac-pel-Rep1_droYak2_trim_q5_dupsRemoved.bam
    output: BigWig/yw-3LW-wing-ak27ac-pel-Rep1_dm6_trim_q5_dupsRemoved_allFrags_droYak2-spikeNorm.bg
    jobid: 0
    wildcards: spikeGenome=droYak2, REFGENOME=dm6, fragType=allFrags, sample=yw-3LW-wing-ak27ac-pel-Rep1

Activating environment modules: bedtools/2.26
[Thu Jul  6 11:19:39 2023]
Finished job 0.
2 of 10 steps (20%) done

[Thu Jul  6 11:19:39 2023]
rule makeSpikeNormFragmentBedGraphs:
    input: Bed/yw-3LW-wing-ak27ac-pel-Rep1_dm6_trim_q5_dupsRemoved_allFrags.bed, Bam/yw-3LW-wing-ak27ac-pel-Rep1_sacCer3_trim_q5_dupsRemoved.bam
    output: BigWig/yw-3LW-wing-ak27ac-pel-Rep1_dm6_trim_q5_dupsRemoved_allFrags_sacCer3-spikeNorm.bg
    jobid: 4
    wildcards: spikeGenome=sacCer3, REFGENOME=dm6, fragType=allFrags, sample=yw-3LW-wing-ak27ac-pel-Rep1

Activating environment modules: bedtools/2.26
[Thu Jul  6 11:20:00 2023]
Finished job 4.
3 of 10 steps (30%) done

[Thu Jul  6 11:20:00 2023]
rule makeFragmentBedGraphs:
    input: Bed/yw-3LW-wing-ak27ac-pel-Rep1_dm6_trim_q5_dupsRemoved_allFrags.bed
    output: BigWig/yw-3LW-wing-ak27ac-pel-Rep1_dm6_trim_q5_dupsRemoved_allFrags_rpgcNorm.bg, BigWig/yw-3LW-wing-ak27ac-pel-Rep1_dm6_trim_q5_dupsRemoved_allFrags.bg
    jobid: 8
    wildcards: REFGENOME=dm6, fragType=allFrags, sample=yw-3LW-wing-ak27ac-pel-Rep1

Activating environment modules: bedtools/2.26
[Thu Jul  6 11:20:36 2023]
Finished job 8.
4 of 10 steps (40%) done

[Thu Jul  6 11:20:36 2023]
rule makeSpikeNormFragmentBedGraphs:
    input: Bed/yw-3LW-wing-ak27ac-pel-Rep1_dm6_trim_q5_dupsRemoved_150to700.bed, Bam/yw-3LW-wing-ak27ac-pel-Rep1_droYak2_trim_q5_dupsRemoved.bam
    output: BigWig/yw-3LW-wing-ak27ac-pel-Rep1_dm6_trim_q5_dupsRemoved_150to700_droYak2-spikeNorm.bg
    jobid: 1
    wildcards: spikeGenome=droYak2, REFGENOME=dm6, fragType=150to700, sample=yw-3LW-wing-ak27ac-pel-Rep1

Activating environment modules: bedtools/2.26
[Thu Jul  6 11:20:44 2023]
Finished job 1.
5 of 10 steps (50%) done

[Thu Jul  6 11:20:44 2023]
rule makeSpikeNormFragmentBedGraphs:
    input: Bed/yw-3LW-wing-ak27ac-pel-Rep1_dm6_trim_q5_dupsRemoved_20to120.bed, Bam/yw-3LW-wing-ak27ac-pel-Rep1_droYak2_trim_q5_dupsRemoved.bam
    output: BigWig/yw-3LW-wing-ak27ac-pel-Rep1_dm6_trim_q5_dupsRemoved_20to120_droYak2-spikeNorm.bg
    jobid: 5
    wildcards: spikeGenome=droYak2, REFGENOME=dm6, fragType=20to120, sample=yw-3LW-wing-ak27ac-pel-Rep1

Activating environment modules: bedtools/2.26
[Thu Jul  6 11:20:52 2023]
Finished job 5.
6 of 10 steps (60%) done

[Thu Jul  6 11:20:52 2023]
rule makeSpikeNormFragmentBedGraphs:
    input: Bed/yw-3LW-wing-ak27ac-pel-Rep1_dm6_trim_q5_dupsRemoved_150to700.bed, Bam/yw-3LW-wing-ak27ac-pel-Rep1_sacCer3_trim_q5_dupsRemoved.bam
    output: BigWig/yw-3LW-wing-ak27ac-pel-Rep1_dm6_trim_q5_dupsRemoved_150to700_sacCer3-spikeNorm.bg
    jobid: 2
    wildcards: spikeGenome=sacCer3, REFGENOME=dm6, fragType=150to700, sample=yw-3LW-wing-ak27ac-pel-Rep1

Activating environment modules: bedtools/2.26
[Thu Jul  6 11:20:59 2023]
Finished job 2.
7 of 10 steps (70%) done

[Thu Jul  6 11:20:59 2023]
rule makeFragmentBedGraphs:
    input: Bed/yw-3LW-wing-ak27ac-pel-Rep1_dm6_trim_q5_dupsRemoved_150to700.bed
    output: BigWig/yw-3LW-wing-ak27ac-pel-Rep1_dm6_trim_q5_dupsRemoved_150to700_rpgcNorm.bg, BigWig/yw-3LW-wing-ak27ac-pel-Rep1_dm6_trim_q5_dupsRemoved_150to700.bg
    jobid: 7
    wildcards: REFGENOME=dm6, fragType=150to700, sample=yw-3LW-wing-ak27ac-pel-Rep1

Activating environment modules: bedtools/2.26
[Thu Jul  6 11:21:13 2023]
Finished job 7.
8 of 10 steps (80%) done

[Thu Jul  6 11:21:13 2023]
rule makeSpikeNormFragmentBedGraphs:
    input: Bed/yw-3LW-wing-ak27ac-pel-Rep1_dm6_trim_q5_dupsRemoved_20to120.bed, Bam/yw-3LW-wing-ak27ac-pel-Rep1_sacCer3_trim_q5_dupsRemoved.bam
    output: BigWig/yw-3LW-wing-ak27ac-pel-Rep1_dm6_trim_q5_dupsRemoved_20to120_sacCer3-spikeNorm.bg
    jobid: 6
    wildcards: spikeGenome=sacCer3, REFGENOME=dm6, fragType=20to120, sample=yw-3LW-wing-ak27ac-pel-Rep1

Activating environment modules: bedtools/2.26
[Thu Jul  6 11:21:20 2023]
Finished job 6.
9 of 10 steps (90%) done

[Thu Jul  6 11:21:21 2023]
rule makeFragmentBedGraphs:
    input: Bed/yw-3LW-wing-ak27ac-pel-Rep1_dm6_trim_q5_dupsRemoved_20to120.bed
    output: BigWig/yw-3LW-wing-ak27ac-pel-Rep1_dm6_trim_q5_dupsRemoved_20to120_rpgcNorm.bg, BigWig/yw-3LW-wing-ak27ac-pel-Rep1_dm6_trim_q5_dupsRemoved_20to120.bg
    jobid: 3
    wildcards: REFGENOME=dm6, fragType=20to120, sample=yw-3LW-wing-ak27ac-pel-Rep1

Activating environment modules: bedtools/2.26
[Thu Jul  6 11:21:34 2023]
Finished job 3.
10 of 10 steps (100%) done
